2026-02-19 23:59:59,000 [trainer.py] => config: exps/sema_cifar.json
2026-02-19 23:59:59,000 [trainer.py] => eval: False
2026-02-19 23:59:59,000 [trainer.py] => prefix: reproduce
2026-02-19 23:59:59,000 [trainer.py] => dataset: cifar100
2026-02-19 23:59:59,000 [trainer.py] => memory_size: 0
2026-02-19 23:59:59,000 [trainer.py] => memory_per_class: 0
2026-02-19 23:59:59,000 [trainer.py] => fixed_memory: False
2026-02-19 23:59:59,000 [trainer.py] => shuffle: True
2026-02-19 23:59:59,000 [trainer.py] => init_cls: 10
2026-02-19 23:59:59,000 [trainer.py] => increment: 10
2026-02-19 23:59:59,000 [trainer.py] => model_name: sema
2026-02-19 23:59:59,000 [trainer.py] => backbone_type: pretrained_vit_b16_224_adapter
2026-02-19 23:59:59,000 [trainer.py] => device: ['0']
2026-02-19 23:59:59,000 [trainer.py] => seed: 1993
2026-02-19 23:59:59,000 [trainer.py] => batch_size: 48
2026-02-19 23:59:59,000 [trainer.py] => weight_decay: 0.0005
2026-02-19 23:59:59,000 [trainer.py] => min_lr: 0
2026-02-19 23:59:59,000 [trainer.py] => ffn_adapter_type: adaptmlp
2026-02-19 23:59:59,000 [trainer.py] => ffn_num: 16
2026-02-19 23:59:59,000 [trainer.py] => optimizer: sgd
2026-02-19 23:59:59,000 [trainer.py] => vpt_type: shallow
2026-02-19 23:59:59,000 [trainer.py] => prompt_token_num: 5
2026-02-19 23:59:59,000 [trainer.py] => func_epoch: 20
2026-02-19 23:59:59,000 [trainer.py] => rd_epoch: 20
2026-02-19 23:59:59,000 [trainer.py] => init_lr: 0.005
2026-02-19 23:59:59,000 [trainer.py] => rd_lr: 0.01
2026-02-19 23:59:59,000 [trainer.py] => rd_dim: 128
2026-02-19 23:59:59,000 [trainer.py] => buffer_size: 500
2026-02-19 23:59:59,000 [trainer.py] => detect_batch_size: 128
2026-02-19 23:59:59,000 [trainer.py] => exp_threshold: 2
2026-02-19 23:59:59,000 [trainer.py] => adapt_start_layer: 9
2026-02-19 23:59:59,000 [trainer.py] => adapt_end_layer: 11
2026-02-19 23:59:59,000 [trainer.py] => use_topk_routing: True
2026-02-19 23:59:59,000 [trainer.py] => top_k_adapters: 2
2026-02-20 00:00:01,000 [data_manager.py] => [130, 133, 64, 60, 105, 73, 88, 15, 76, 24, 81, 174, 139, 154, 158, 123, 7, 62, 161, 58, 111, 110, 54, 128, 27, 144, 148, 93, 63, 197, 177, 151, 41, 11, 82, 44, 43, 193, 179, 92, 83, 149, 37, 72, 157, 156, 106, 97, 183, 124, 147, 138, 164, 195, 38, 25, 39, 100, 162, 52, 36, 67, 70, 5, 22, 198, 143, 77, 126, 163, 56, 55, 87, 51, 68, 29, 80, 13, 114, 28, 61, 59, 23, 188, 134, 121, 118, 95, 17, 190, 107, 146, 185, 57, 89, 199, 136, 94, 171, 112, 35, 19, 6, 135, 131, 127, 0, 113, 168, 2, 194, 10, 169, 182, 145, 137, 172, 101, 140, 50, 96, 186, 75, 180, 184, 78, 69, 167, 53, 102, 32, 103, 18, 178, 116, 120, 14, 160, 42, 117, 108, 119, 9, 132, 45, 98, 34, 115, 3, 175, 71, 4, 79, 16, 189, 166, 153, 152, 49, 8, 85, 155, 191, 99, 150, 165, 90, 31, 196, 122, 65, 109, 192, 129, 40, 170, 86, 48, 181, 21, 91, 173, 47, 1, 141, 104, 46, 30, 187, 74, 12, 159, 125, 84, 20, 26, 66, 142, 33, 176]
2026-02-20 00:00:02,000 [sema_block.py] => Adapter 0.0 added at block 0
2026-02-20 00:00:02,020 [sema_block.py] => Adapter 1.0 added at block 1
2026-02-20 00:00:02,040 [sema_block.py] => Adapter 2.0 added at block 2
2026-02-20 00:00:02,060 [sema_block.py] => Adapter 3.0 added at block 3
2026-02-20 00:00:02,080 [sema_block.py] => Adapter 4.0 added at block 4
2026-02-20 00:00:02,100 [sema_block.py] => Adapter 5.0 added at block 5
2026-02-20 00:00:02,120 [sema_block.py] => Adapter 6.0 added at block 6
2026-02-20 00:00:02,140 [sema_block.py] => Adapter 7.0 added at block 7
2026-02-20 00:00:02,160 [sema_block.py] => Adapter 8.0 added at block 8
2026-02-20 00:00:02,180 [sema_block.py] => Adapter 9.0 added at block 9
2026-02-20 00:00:02,200 [sema_block.py] => Adapter 10.0 added at block 10
2026-02-20 00:00:02,220 [sema_block.py] => Adapter 11.0 added at block 11
2026-02-20 00:00:04,000 [_builder.py] => Loading pretrained weights from Hugging Face hub (timm/vit_base_patch16_224.augreg2_in21k_ft_in1k)
2026-02-20 00:00:05,000 [_client.py] => HTTP Request: HEAD https://huggingface.co/timm/vit_base_patch16_224.augreg2_in21k_ft_in1k/resolve/main/model.safetensors "HTTP/1.1 302 Found"
2026-02-20 00:00:05,000 [_hub.py] => [timm/vit_base_patch16_224.augreg2_in21k_ft_in1k] Safe alternative available for 'pytorch_model.bin' (as 'model.safetensors'). Loading weights using safetensors.
2026-02-20 00:00:07,000 [trainer.py] => All params: 86704716
2026-02-20 01:18:07,000 [trainer.py] => Trainable params: 906060
2026-02-20 01:18:07,005 [sema.py] => Learning on 0-10
2026-02-20 01:33:07,005 [sema.py] => func Task 0, Epoch 1/20 => Loss 0.950, Train_accy 99.00, Test_accy 80.19
2026-02-20 01:43:07,005 [sema.py] => func Task 0, Epoch 10/20 => Loss 0.500, Train_accy 99.00, Test_accy 89.10
2026-02-20 01:53:07,005 [sema.py] => func Task 0, Epoch 20/20 => Loss 0.200, Train_accy 99.00, Test_accy 99.00
2026-02-20 01:58:07,005 [sema.py] => rd Task 0, Epoch 20/20 => Loss 0.500, Train_accy 99.00, Test_accy 99.00
2026-02-20 01:58:37,005 [trainer.py] => No NME accuracy.
2026-02-20 01:58:37,005 [trainer.py] => CNN: {'total': 99.0, '00-9': 99.0, 'old': 99.0, 'new': 99.0}
2026-02-20 01:58:37,005 [trainer.py] => CNN top1 curve: [99.0]
2026-02-20 01:58:37,005 [trainer.py] => CNN top5 curve: [100.0]

2026-02-20 01:58:37,005 [trainer.py] => Average Accuracy (CNN): 99.0 

2026-02-20 02:58:37,005 [trainer.py] => All params: 86804716
2026-02-20 02:58:37,005 [trainer.py] => Trainable params: 153800
2026-02-20 02:58:37,010 [sema.py] => Learning on 10-20
2026-02-20 02:58:37,010 [sema_block.py] => Adapter 11.1 added at block 11
2026-02-20 03:13:37,010 [sema.py] => func Task 1, Epoch 1/20 => Loss 0.950, Train_accy 96.70, Test_accy 78.12
2026-02-20 03:23:37,010 [sema.py] => func Task 1, Epoch 10/20 => Loss 0.500, Train_accy 98.95, Test_accy 86.81
2026-02-20 03:33:37,010 [sema.py] => func Task 1, Epoch 20/20 => Loss 0.200, Train_accy 99.00, Test_accy 96.45
2026-02-20 03:38:37,010 [sema.py] => rd Task 1, Epoch 20/20 => Loss 0.500, Train_accy 99.00, Test_accy 96.45
2026-02-20 03:39:07,010 [trainer.py] => No NME accuracy.
2026-02-20 03:39:07,010 [trainer.py] => CNN: {'total': 96.45, '00-9': 96.45, 'old': 96.45, 'new': 96.45}
2026-02-20 03:39:07,010 [trainer.py] => CNN top1 curve: [99.0, 96.45]
2026-02-20 03:39:07,010 [trainer.py] => CNN top5 curve: [100.0, 100.0]

2026-02-20 03:39:07,010 [trainer.py] => Average Accuracy (CNN): 97.725 

2026-02-20 04:50:07,010 [trainer.py] => All params: 86904716
2026-02-20 04:50:07,010 [trainer.py] => Trainable params: 153800
2026-02-20 04:50:07,015 [sema.py] => Learning on 20-30
2026-02-20 04:50:07,015 [sema_block.py] => Adapter 11.1 added at block 11
2026-02-20 05:05:07,015 [sema.py] => func Task 2, Epoch 1/20 => Loss 0.950, Train_accy 94.28, Test_accy 76.16
2026-02-20 05:15:07,015 [sema.py] => func Task 2, Epoch 10/20 => Loss 0.500, Train_accy 96.53, Test_accy 84.63
2026-02-20 05:25:07,015 [sema.py] => func Task 2, Epoch 20/20 => Loss 0.200, Train_accy 99.00, Test_accy 94.03
2026-02-20 05:30:07,015 [sema.py] => rd Task 2, Epoch 20/20 => Loss 0.500, Train_accy 99.00, Test_accy 94.03
2026-02-20 05:30:37,015 [trainer.py] => No NME accuracy.
2026-02-20 05:30:37,015 [trainer.py] => CNN: {'total': 94.03, '00-9': 94.03, 'old': 94.03, 'new': 94.03}
2026-02-20 05:30:37,015 [trainer.py] => CNN top1 curve: [99.0, 96.45, 94.03]
2026-02-20 05:30:37,015 [trainer.py] => CNN top5 curve: [100.0, 100.0, 99.03]

2026-02-20 05:30:37,015 [trainer.py] => Average Accuracy (CNN): 96.49333333333334 

2026-02-20 06:33:37,015 [trainer.py] => All params: 87004716
2026-02-20 06:33:37,015 [trainer.py] => Trainable params: 153800
2026-02-20 06:33:37,020 [sema.py] => Learning on 30-40
2026-02-20 06:33:37,020 [sema_block.py] => Adapter 11.1 added at block 11
2026-02-20 06:48:37,020 [sema.py] => func Task 3, Epoch 1/20 => Loss 0.950, Train_accy 93.60, Test_accy 75.61
2026-02-20 06:58:37,020 [sema.py] => func Task 3, Epoch 10/20 => Loss 0.500, Train_accy 95.85, Test_accy 84.02
2026-02-20 07:08:37,020 [sema.py] => func Task 3, Epoch 20/20 => Loss 0.200, Train_accy 98.35, Test_accy 93.35
2026-02-20 07:13:37,020 [sema.py] => rd Task 3, Epoch 20/20 => Loss 0.500, Train_accy 98.35, Test_accy 93.35
2026-02-20 07:14:07,020 [trainer.py] => No NME accuracy.
2026-02-20 07:14:07,020 [trainer.py] => CNN: {'total': 93.35, '00-9': 93.35, 'old': 93.35, 'new': 93.35}
2026-02-20 07:14:07,020 [trainer.py] => CNN top1 curve: [99.0, 96.45, 94.03, 93.35]
2026-02-20 07:14:07,020 [trainer.py] => CNN top5 curve: [100.0, 100.0, 99.03, 98.35]

2026-02-20 07:14:07,020 [trainer.py] => Average Accuracy (CNN): 95.7075 

2026-02-20 08:41:07,020 [trainer.py] => All params: 87104716
2026-02-20 08:41:07,020 [trainer.py] => Trainable params: 153800
2026-02-20 08:41:07,025 [sema.py] => Learning on 40-50
2026-02-20 08:41:07,025 [sema_block.py] => Adapter 11.1 added at block 11
2026-02-20 08:56:07,025 [sema.py] => func Task 4, Epoch 1/20 => Loss 0.950, Train_accy 90.41, Test_accy 73.03
2026-02-20 09:06:07,025 [sema.py] => func Task 4, Epoch 10/20 => Loss 0.500, Train_accy 92.66, Test_accy 81.14
2026-02-20 09:16:07,025 [sema.py] => func Task 4, Epoch 20/20 => Loss 0.200, Train_accy 95.16, Test_accy 90.16
2026-02-20 09:21:07,025 [sema.py] => rd Task 4, Epoch 20/20 => Loss 0.500, Train_accy 95.16, Test_accy 90.16
2026-02-20 09:21:37,025 [trainer.py] => No NME accuracy.
2026-02-20 09:21:37,025 [trainer.py] => CNN: {'total': 90.16, '00-9': 90.16, 'old': 90.16, 'new': 90.16}
2026-02-20 09:21:37,025 [trainer.py] => CNN top1 curve: [99.0, 96.45, 94.03, 93.35, 90.16]
2026-02-20 09:21:37,025 [trainer.py] => CNN top5 curve: [100.0, 100.0, 99.03, 98.35, 95.16]

2026-02-20 09:21:37,025 [trainer.py] => Average Accuracy (CNN): 94.598 

2026-02-20 10:35:37,025 [trainer.py] => All params: 87204716
2026-02-20 10:35:37,025 [trainer.py] => Trainable params: 153800
2026-02-20 10:35:37,030 [sema.py] => Learning on 50-60
2026-02-20 10:35:37,030 [sema_block.py] => Adapter 11.1 added at block 11
2026-02-20 10:50:37,030 [sema.py] => func Task 5, Epoch 1/20 => Loss 0.950, Train_accy 87.55, Test_accy 70.71
2026-02-20 11:00:37,030 [sema.py] => func Task 5, Epoch 10/20 => Loss 0.500, Train_accy 89.80, Test_accy 78.57
2026-02-20 11:10:37,030 [sema.py] => func Task 5, Epoch 20/20 => Loss 0.200, Train_accy 92.30, Test_accy 87.30
2026-02-20 11:15:37,030 [sema.py] => rd Task 5, Epoch 20/20 => Loss 0.500, Train_accy 92.30, Test_accy 87.30
2026-02-20 11:16:07,030 [trainer.py] => No NME accuracy.
2026-02-20 11:16:07,030 [trainer.py] => CNN: {'total': 87.3, '00-9': 87.3, 'old': 87.3, 'new': 87.3}
2026-02-20 11:16:07,030 [trainer.py] => CNN top1 curve: [99.0, 96.45, 94.03, 93.35, 90.16, 87.3]
2026-02-20 11:16:07,030 [trainer.py] => CNN top5 curve: [100.0, 100.0, 99.03, 98.35, 95.16, 92.3]

2026-02-20 11:16:07,030 [trainer.py] => Average Accuracy (CNN): 93.38166666666666 

2026-02-20 12:17:07,030 [trainer.py] => All params: 87304716
2026-02-20 12:17:07,030 [trainer.py] => Trainable params: 153800
2026-02-20 12:17:07,035 [sema.py] => Learning on 60-70
2026-02-20 12:17:07,035 [sema_block.py] => Adapter 11.1 added at block 11
2026-02-20 12:32:07,035 [sema.py] => func Task 6, Epoch 1/20 => Loss 0.950, Train_accy 85.54, Test_accy 69.08
2026-02-20 12:42:07,035 [sema.py] => func Task 6, Epoch 10/20 => Loss 0.500, Train_accy 87.79, Test_accy 76.76
2026-02-20 12:52:07,035 [sema.py] => func Task 6, Epoch 20/20 => Loss 0.200, Train_accy 90.29, Test_accy 85.29
2026-02-20 12:57:07,035 [sema.py] => rd Task 6, Epoch 20/20 => Loss 0.500, Train_accy 90.29, Test_accy 85.29
2026-02-20 12:57:37,035 [trainer.py] => No NME accuracy.
2026-02-20 12:57:37,035 [trainer.py] => CNN: {'total': 85.29, '00-9': 85.29, 'old': 85.29, 'new': 85.29}
2026-02-20 12:57:37,035 [trainer.py] => CNN top1 curve: [99.0, 96.45, 94.03, 93.35, 90.16, 87.3, 85.29]
2026-02-20 12:57:37,035 [trainer.py] => CNN top5 curve: [100.0, 100.0, 99.03, 98.35, 95.16, 92.3, 90.29]

2026-02-20 12:57:37,035 [trainer.py] => Average Accuracy (CNN): 92.22571428571429 

2026-02-20 14:21:37,035 [trainer.py] => All params: 87404716
2026-02-20 14:21:37,035 [trainer.py] => Trainable params: 153800
2026-02-20 14:21:37,040 [sema.py] => Learning on 70-80
2026-02-20 14:21:37,040 [sema_block.py] => Adapter 11.1 added at block 11
2026-02-20 14:36:37,040 [sema.py] => func Task 7, Epoch 1/20 => Loss 0.950, Train_accy 76.87, Test_accy 62.06
2026-02-20 14:46:37,040 [sema.py] => func Task 7, Epoch 10/20 => Loss 0.500, Train_accy 79.12, Test_accy 68.96
2026-02-20 14:56:37,040 [sema.py] => func Task 7, Epoch 20/20 => Loss 0.200, Train_accy 81.62, Test_accy 76.62
2026-02-20 15:01:37,040 [sema.py] => rd Task 7, Epoch 20/20 => Loss 0.500, Train_accy 81.62, Test_accy 76.62
2026-02-20 15:02:07,040 [trainer.py] => No NME accuracy.
2026-02-20 15:02:07,040 [trainer.py] => CNN: {'total': 76.62, '00-9': 76.62, 'old': 76.62, 'new': 76.62}
2026-02-20 15:02:07,040 [trainer.py] => CNN top1 curve: [99.0, 96.45, 94.03, 93.35, 90.16, 87.3, 85.29, 76.62]
2026-02-20 15:02:07,040 [trainer.py] => CNN top5 curve: [100.0, 100.0, 99.03, 98.35, 95.16, 92.3, 90.29, 81.62]

2026-02-20 15:02:07,040 [trainer.py] => Average Accuracy (CNN): 90.275 

2026-02-20 16:07:07,040 [trainer.py] => All params: 87504716
2026-02-20 16:07:07,040 [trainer.py] => Trainable params: 153800
2026-02-20 16:07:07,045 [sema.py] => Learning on 80-90
2026-02-20 16:07:07,045 [sema_block.py] => Adapter 11.1 added at block 11
2026-02-20 16:22:07,045 [sema.py] => func Task 8, Epoch 1/20 => Loss 0.950, Train_accy 70.87, Test_accy 57.20
2026-02-20 16:32:07,045 [sema.py] => func Task 8, Epoch 10/20 => Loss 0.500, Train_accy 73.12, Test_accy 63.56
2026-02-20 16:42:07,045 [sema.py] => func Task 8, Epoch 20/20 => Loss 0.200, Train_accy 75.62, Test_accy 70.62
2026-02-20 16:47:07,045 [sema.py] => rd Task 8, Epoch 20/20 => Loss 0.500, Train_accy 75.62, Test_accy 70.62
2026-02-20 16:47:37,045 [trainer.py] => No NME accuracy.
2026-02-20 16:47:37,045 [trainer.py] => CNN: {'total': 70.62, '00-9': 70.62, 'old': 70.62, 'new': 70.62}
2026-02-20 16:47:37,045 [trainer.py] => CNN top1 curve: [99.0, 96.45, 94.03, 93.35, 90.16, 87.3, 85.29, 76.62, 70.62]
2026-02-20 16:47:37,045 [trainer.py] => CNN top5 curve: [100.0, 100.0, 99.03, 98.35, 95.16, 92.3, 90.29, 81.62, 75.62]

2026-02-20 16:47:37,045 [trainer.py] => Average Accuracy (CNN): 88.09111111111112 

2026-02-20 17:47:37,045 [trainer.py] => All params: 87604716
2026-02-20 17:47:37,045 [trainer.py] => Trainable params: 153800
2026-02-20 17:47:37,050 [sema.py] => Learning on 90-100
2026-02-20 17:47:37,050 [sema_block.py] => Adapter 11.1 added at block 11
2026-02-20 18:02:37,050 [sema.py] => func Task 9, Epoch 1/20 => Loss 0.950, Train_accy 52.76, Test_accy 42.53
2026-02-20 18:12:37,050 [sema.py] => func Task 9, Epoch 10/20 => Loss 0.500, Train_accy 55.01, Test_accy 47.26
2026-02-20 18:22:37,050 [sema.py] => func Task 9, Epoch 20/20 => Loss 0.200, Train_accy 57.51, Test_accy 52.51
2026-02-20 18:27:37,050 [sema.py] => rd Task 9, Epoch 20/20 => Loss 0.500, Train_accy 57.51, Test_accy 52.51
2026-02-20 18:28:07,050 [trainer.py] => No NME accuracy.
2026-02-20 18:28:07,050 [trainer.py] => CNN: {'total': 52.51, '00-9': 52.51, 'old': 52.51, 'new': 52.51}
2026-02-20 18:28:07,050 [trainer.py] => CNN top1 curve: [99.0, 96.45, 94.03, 93.35, 90.16, 87.3, 85.29, 76.62, 70.62, 52.51]
2026-02-20 18:28:07,050 [trainer.py] => CNN top5 curve: [100.0, 100.0, 99.03, 98.35, 95.16, 92.3, 90.29, 81.62, 75.62, 57.51]

2026-02-20 18:28:07,050 [trainer.py] => Average Accuracy (CNN): 84.533 

