2026-02-12 23:59:59,000 [trainer.py] => config: exps/sema_inr_5task.json
2026-02-12 23:59:59,000 [trainer.py] => eval: False
2026-02-12 23:59:59,000 [trainer.py] => prefix: reproduce
2026-02-12 23:59:59,000 [trainer.py] => dataset: imagenetr
2026-02-12 23:59:59,000 [trainer.py] => memory_size: 0
2026-02-12 23:59:59,000 [trainer.py] => memory_per_class: 0
2026-02-12 23:59:59,000 [trainer.py] => fixed_memory: False
2026-02-12 23:59:59,000 [trainer.py] => shuffle: True
2026-02-12 23:59:59,000 [trainer.py] => init_cls: 40
2026-02-12 23:59:59,000 [trainer.py] => increment: 40
2026-02-12 23:59:59,000 [trainer.py] => model_name: sema
2026-02-12 23:59:59,000 [trainer.py] => backbone_type: pretrained_vit_b16_224_adapter
2026-02-12 23:59:59,000 [trainer.py] => device: ['0']
2026-02-12 23:59:59,000 [trainer.py] => seed: 1993
2026-02-12 23:59:59,000 [trainer.py] => batch_size: 48
2026-02-12 23:59:59,000 [trainer.py] => weight_decay: 0.0005
2026-02-12 23:59:59,000 [trainer.py] => min_lr: 0
2026-02-12 23:59:59,000 [trainer.py] => ffn_adapter_type: adaptmlp
2026-02-12 23:59:59,000 [trainer.py] => ffn_num: 16
2026-02-12 23:59:59,000 [trainer.py] => optimizer: sgd
2026-02-12 23:59:59,000 [trainer.py] => vpt_type: shallow
2026-02-12 23:59:59,000 [trainer.py] => prompt_token_num: 5
2026-02-12 23:59:59,000 [trainer.py] => func_epoch: 20
2026-02-12 23:59:59,000 [trainer.py] => rd_epoch: 20
2026-02-12 23:59:59,000 [trainer.py] => init_lr: 0.005
2026-02-12 23:59:59,000 [trainer.py] => rd_lr: 0.01
2026-02-12 23:59:59,000 [trainer.py] => rd_dim: 128
2026-02-12 23:59:59,000 [trainer.py] => buffer_size: 500
2026-02-12 23:59:59,000 [trainer.py] => detect_batch_size: 128
2026-02-12 23:59:59,000 [trainer.py] => exp_threshold: 2
2026-02-12 23:59:59,000 [trainer.py] => adapt_start_layer: 9
2026-02-12 23:59:59,000 [trainer.py] => adapt_end_layer: 11
2026-02-12 23:59:59,000 [trainer.py] => use_topk_routing: True
2026-02-12 23:59:59,000 [trainer.py] => top_k_adapters: 2
2026-02-13 00:00:01,000 [data_manager.py] => [143, 163, 170, 114, 179, 111, 72, 43, 127, 197, 60, 36, 79, 28, 129, 121, 157, 87, 113, 51, 186, 139, 6, 48, 69, 145, 169, 150, 3, 83, 10, 171, 166, 98, 137, 189, 18, 146, 14, 16, 59, 175, 101, 112, 155, 95, 162, 151, 152, 180, 102, 64, 66, 47, 46, 20, 159, 49, 52, 63, 82, 1, 53, 26, 91, 44, 97, 172, 27, 90, 116, 168, 182, 153, 141, 41, 118, 75, 78, 4, 39, 132, 22, 84, 29, 105, 119, 144, 77, 17, 62, 42, 81, 191, 7, 68, 134, 188, 74, 185, 148, 100, 181, 120, 8, 33, 187, 178, 73, 108, 104, 37, 147, 94, 130, 124, 67, 5, 115, 177, 13, 2, 156, 50, 184, 9, 117, 31, 123, 0, 12, 194, 80, 76, 167, 61, 183, 103, 199, 173, 136, 160, 11, 93, 140, 164, 70, 125, 193, 55, 19, 86, 110, 30, 192, 57, 71, 56, 149, 107, 58, 23, 38, 89, 109, 106, 196, 135, 165, 54, 85, 96, 158, 32, 133, 176, 131, 198, 21, 122, 142, 25, 24, 65, 190, 45, 88, 174, 138, 195, 15, 34, 128, 154, 99, 35, 161, 92, 126, 40]
2026-02-13 00:00:02,000 [sema_block.py] => Adapter 0.0 added at block 0
2026-02-13 00:00:02,020 [sema_block.py] => Adapter 1.0 added at block 1
2026-02-13 00:00:02,040 [sema_block.py] => Adapter 2.0 added at block 2
2026-02-13 00:00:02,060 [sema_block.py] => Adapter 3.0 added at block 3
2026-02-13 00:00:02,080 [sema_block.py] => Adapter 4.0 added at block 4
2026-02-13 00:00:02,100 [sema_block.py] => Adapter 5.0 added at block 5
2026-02-13 00:00:02,120 [sema_block.py] => Adapter 6.0 added at block 6
2026-02-13 00:00:02,140 [sema_block.py] => Adapter 7.0 added at block 7
2026-02-13 00:00:02,160 [sema_block.py] => Adapter 8.0 added at block 8
2026-02-13 00:00:02,180 [sema_block.py] => Adapter 9.0 added at block 9
2026-02-13 00:00:02,200 [sema_block.py] => Adapter 10.0 added at block 10
2026-02-13 00:00:02,220 [sema_block.py] => Adapter 11.0 added at block 11
2026-02-13 00:00:04,000 [_builder.py] => Loading pretrained weights from Hugging Face hub (timm/vit_base_patch16_224.augreg2_in21k_ft_in1k)
2026-02-13 00:00:05,000 [_client.py] => HTTP Request: HEAD https://huggingface.co/timm/vit_base_patch16_224.augreg2_in21k_ft_in1k/resolve/main/model.safetensors "HTTP/1.1 302 Found"
2026-02-13 00:00:05,000 [_hub.py] => [timm/vit_base_patch16_224.augreg2_in21k_ft_in1k] Safe alternative available for 'pytorch_model.bin' (as 'model.safetensors'). Loading weights using safetensors.
2026-02-13 00:00:07,000 [trainer.py] => All params: 86704716
2026-02-13 01:26:07,000 [trainer.py] => Trainable params: 906060
2026-02-13 01:26:07,005 [sema.py] => Learning on 0-40
2026-02-13 01:41:07,005 [sema.py] => func Task 0, Epoch 1/20 => Loss 0.950, Train_accy 92.00, Test_accy 74.32
2026-02-13 01:51:07,005 [sema.py] => func Task 0, Epoch 10/20 => Loss 0.500, Train_accy 94.25, Test_accy 82.58
2026-02-13 02:01:07,005 [sema.py] => func Task 0, Epoch 20/20 => Loss 0.200, Train_accy 96.75, Test_accy 91.75
2026-02-13 02:06:07,005 [sema.py] => rd Task 0, Epoch 20/20 => Loss 0.500, Train_accy 96.75, Test_accy 91.75
2026-02-13 02:06:37,005 [trainer.py] => No NME accuracy.
2026-02-13 02:06:37,005 [trainer.py] => CNN: {'total': 91.75, '00-39': 91.75, 'old': 91.75, 'new': 91.75}
2026-02-13 02:06:37,005 [trainer.py] => CNN top1 curve: [91.75]
2026-02-13 02:06:37,005 [trainer.py] => CNN top5 curve: [96.75]

2026-02-13 02:06:37,005 [trainer.py] => Average Accuracy (CNN): 91.75 

2026-02-13 03:12:37,005 [trainer.py] => All params: 86804716
2026-02-13 03:12:37,005 [trainer.py] => Trainable params: 153800
2026-02-13 03:12:37,010 [sema.py] => Learning on 40-80
2026-02-13 03:12:37,010 [sema_block.py] => Adapter 11.1 added at block 11
2026-02-13 03:27:37,010 [sema.py] => func Task 1, Epoch 1/20 => Loss 0.950, Train_accy 85.04, Test_accy 68.68
2026-02-13 03:37:37,010 [sema.py] => func Task 1, Epoch 10/20 => Loss 0.500, Train_accy 87.29, Test_accy 76.31
2026-02-13 03:47:37,010 [sema.py] => func Task 1, Epoch 20/20 => Loss 0.200, Train_accy 89.79, Test_accy 84.79
2026-02-13 03:52:37,010 [sema.py] => rd Task 1, Epoch 20/20 => Loss 0.500, Train_accy 89.79, Test_accy 84.79
2026-02-13 03:53:07,010 [trainer.py] => No NME accuracy.
2026-02-13 03:53:07,010 [trainer.py] => CNN: {'total': 84.79, '00-39': 84.79, 'old': 84.79, 'new': 84.79}
2026-02-13 03:53:07,010 [trainer.py] => CNN top1 curve: [91.75, 84.79]
2026-02-13 03:53:07,010 [trainer.py] => CNN top5 curve: [96.75, 89.79]

2026-02-13 03:53:07,010 [trainer.py] => Average Accuracy (CNN): 88.27000000000001 

2026-02-13 05:10:07,010 [trainer.py] => All params: 86904716
2026-02-13 05:10:07,010 [trainer.py] => Trainable params: 153800
2026-02-13 05:10:07,015 [sema.py] => Learning on 80-120
2026-02-13 05:10:07,015 [sema_block.py] => Adapter 11.1 added at block 11
2026-02-13 05:25:07,015 [sema.py] => func Task 2, Epoch 1/20 => Loss 0.950, Train_accy 80.99, Test_accy 65.40
2026-02-13 05:35:07,015 [sema.py] => func Task 2, Epoch 10/20 => Loss 0.500, Train_accy 83.24, Test_accy 72.67
2026-02-13 05:45:07,015 [sema.py] => func Task 2, Epoch 20/20 => Loss 0.200, Train_accy 85.74, Test_accy 80.74
2026-02-13 05:50:07,015 [sema.py] => rd Task 2, Epoch 20/20 => Loss 0.500, Train_accy 85.74, Test_accy 80.74
2026-02-13 05:50:37,015 [trainer.py] => No NME accuracy.
2026-02-13 05:50:37,015 [trainer.py] => CNN: {'total': 80.74, '00-39': 80.74, 'old': 80.74, 'new': 80.74}
2026-02-13 05:50:37,015 [trainer.py] => CNN top1 curve: [91.75, 84.79, 80.74]
2026-02-13 05:50:37,015 [trainer.py] => CNN top5 curve: [96.75, 89.79, 85.74]

2026-02-13 05:50:37,015 [trainer.py] => Average Accuracy (CNN): 85.75999999999999 

2026-02-13 07:00:37,015 [trainer.py] => All params: 87004716
2026-02-13 07:00:37,015 [trainer.py] => Trainable params: 153800
2026-02-13 07:00:37,020 [sema.py] => Learning on 120-160
2026-02-13 07:00:37,020 [sema_block.py] => Adapter 11.1 added at block 11
2026-02-13 07:15:37,020 [sema.py] => func Task 3, Epoch 1/20 => Loss 0.950, Train_accy 79.53, Test_accy 64.22
2026-02-13 07:25:37,020 [sema.py] => func Task 3, Epoch 10/20 => Loss 0.500, Train_accy 81.78, Test_accy 71.35
2026-02-13 07:35:37,020 [sema.py] => func Task 3, Epoch 20/20 => Loss 0.200, Train_accy 84.28, Test_accy 79.28
2026-02-13 07:40:37,020 [sema.py] => rd Task 3, Epoch 20/20 => Loss 0.500, Train_accy 84.28, Test_accy 79.28
2026-02-13 07:41:07,020 [trainer.py] => No NME accuracy.
2026-02-13 07:41:07,020 [trainer.py] => CNN: {'total': 79.28, '00-39': 79.28, 'old': 79.28, 'new': 79.28}
2026-02-13 07:41:07,020 [trainer.py] => CNN top1 curve: [91.75, 84.79, 80.74, 79.28]
2026-02-13 07:41:07,020 [trainer.py] => CNN top5 curve: [96.75, 89.79, 85.74, 84.28]

2026-02-13 07:41:07,020 [trainer.py] => Average Accuracy (CNN): 84.14 

2026-02-13 08:52:07,020 [trainer.py] => All params: 87104716
2026-02-13 08:52:07,020 [trainer.py] => Trainable params: 153800
2026-02-13 08:52:07,025 [sema.py] => Learning on 160-200
2026-02-13 08:52:07,025 [sema_block.py] => Adapter 11.1 added at block 11
2026-02-13 09:07:07,025 [sema.py] => func Task 4, Epoch 1/20 => Loss 0.950, Train_accy 77.52, Test_accy 62.59
2026-02-13 09:17:07,025 [sema.py] => func Task 4, Epoch 10/20 => Loss 0.500, Train_accy 79.77, Test_accy 69.54
2026-02-13 09:27:07,025 [sema.py] => func Task 4, Epoch 20/20 => Loss 0.200, Train_accy 82.27, Test_accy 77.27
2026-02-13 09:32:07,025 [sema.py] => rd Task 4, Epoch 20/20 => Loss 0.500, Train_accy 82.27, Test_accy 77.27
2026-02-13 09:32:37,025 [trainer.py] => No NME accuracy.
2026-02-13 09:32:37,025 [trainer.py] => CNN: {'total': 77.27, '00-39': 77.27, 'old': 77.27, 'new': 77.27}
2026-02-13 09:32:37,025 [trainer.py] => CNN top1 curve: [91.75, 84.79, 80.74, 79.28, 77.27]
2026-02-13 09:32:37,025 [trainer.py] => CNN top5 curve: [96.75, 89.79, 85.74, 84.28, 82.27]

2026-02-13 09:32:37,025 [trainer.py] => Average Accuracy (CNN): 82.76599999999999 

