2026-02-10 23:59:59,000 [trainer.py] => config: exps/sema_inr_10task.json
2026-02-10 23:59:59,000 [trainer.py] => eval: False
2026-02-10 23:59:59,000 [trainer.py] => prefix: reproduce
2026-02-10 23:59:59,000 [trainer.py] => dataset: imagenetr
2026-02-10 23:59:59,000 [trainer.py] => memory_size: 0
2026-02-10 23:59:59,000 [trainer.py] => memory_per_class: 0
2026-02-10 23:59:59,000 [trainer.py] => fixed_memory: False
2026-02-10 23:59:59,000 [trainer.py] => shuffle: True
2026-02-10 23:59:59,000 [trainer.py] => init_cls: 20
2026-02-10 23:59:59,000 [trainer.py] => increment: 20
2026-02-10 23:59:59,000 [trainer.py] => model_name: sema
2026-02-10 23:59:59,000 [trainer.py] => backbone_type: pretrained_vit_b16_224_adapter
2026-02-10 23:59:59,000 [trainer.py] => device: ['0']
2026-02-10 23:59:59,000 [trainer.py] => seed: 1993
2026-02-10 23:59:59,000 [trainer.py] => batch_size: 48
2026-02-10 23:59:59,000 [trainer.py] => weight_decay: 0.0005
2026-02-10 23:59:59,000 [trainer.py] => min_lr: 0
2026-02-10 23:59:59,000 [trainer.py] => ffn_adapter_type: adaptmlp
2026-02-10 23:59:59,000 [trainer.py] => ffn_num: 16
2026-02-10 23:59:59,000 [trainer.py] => optimizer: sgd
2026-02-10 23:59:59,000 [trainer.py] => vpt_type: shallow
2026-02-10 23:59:59,000 [trainer.py] => prompt_token_num: 5
2026-02-10 23:59:59,000 [trainer.py] => func_epoch: 20
2026-02-10 23:59:59,000 [trainer.py] => rd_epoch: 20
2026-02-10 23:59:59,000 [trainer.py] => init_lr: 0.005
2026-02-10 23:59:59,000 [trainer.py] => rd_lr: 0.01
2026-02-10 23:59:59,000 [trainer.py] => rd_dim: 128
2026-02-10 23:59:59,000 [trainer.py] => buffer_size: 500
2026-02-10 23:59:59,000 [trainer.py] => detect_batch_size: 128
2026-02-10 23:59:59,000 [trainer.py] => exp_threshold: 2
2026-02-10 23:59:59,000 [trainer.py] => adapt_start_layer: 9
2026-02-10 23:59:59,000 [trainer.py] => adapt_end_layer: 11
2026-02-10 23:59:59,000 [trainer.py] => use_topk_routing: True
2026-02-10 23:59:59,000 [trainer.py] => top_k_adapters: 2
2026-02-11 00:00:01,000 [data_manager.py] => [89, 38, 164, 47, 94, 55, 0, 57, 135, 159, 46, 171, 36, 191, 190, 52, 138, 72, 96, 110, 17, 97, 100, 58, 77, 83, 127, 34, 8, 95, 160, 141, 76, 2, 63, 134, 155, 75, 186, 24, 122, 71, 124, 30, 82, 25, 99, 146, 154, 86, 87, 62, 137, 133, 145, 15, 41, 130, 177, 131, 197, 152, 35, 163, 45, 90, 21, 16, 140, 98, 54, 11, 106, 157, 123, 118, 170, 27, 10, 114, 59, 128, 31, 85, 44, 6, 107, 144, 53, 156, 187, 199, 162, 166, 65, 40, 61, 153, 70, 115, 66, 105, 126, 37, 111, 195, 189, 33, 188, 49, 150, 91, 147, 178, 9, 142, 26, 23, 1, 5, 185, 7, 165, 19, 194, 39, 139, 116, 84, 193, 32, 79, 173, 129, 13, 174, 43, 119, 80, 181, 182, 175, 176, 64, 28, 56, 148, 168, 183, 113, 117, 93, 67, 12, 192, 42, 68, 29, 125, 51, 3, 132, 167, 48, 112, 120, 101, 22, 88, 179, 81, 73, 136, 169, 78, 161, 198, 50, 18, 196, 109, 92, 69, 158, 184, 172, 4, 14, 149, 180, 102, 74, 60, 108, 151, 143, 103, 20, 104, 121]
2026-02-11 00:00:02,000 [sema_block.py] => Adapter 0.0 added at block 0
2026-02-11 00:00:02,020 [sema_block.py] => Adapter 1.0 added at block 1
2026-02-11 00:00:02,040 [sema_block.py] => Adapter 2.0 added at block 2
2026-02-11 00:00:02,060 [sema_block.py] => Adapter 3.0 added at block 3
2026-02-11 00:00:02,080 [sema_block.py] => Adapter 4.0 added at block 4
2026-02-11 00:00:02,100 [sema_block.py] => Adapter 5.0 added at block 5
2026-02-11 00:00:02,120 [sema_block.py] => Adapter 6.0 added at block 6
2026-02-11 00:00:02,140 [sema_block.py] => Adapter 7.0 added at block 7
2026-02-11 00:00:02,160 [sema_block.py] => Adapter 8.0 added at block 8
2026-02-11 00:00:02,180 [sema_block.py] => Adapter 9.0 added at block 9
2026-02-11 00:00:02,200 [sema_block.py] => Adapter 10.0 added at block 10
2026-02-11 00:00:02,220 [sema_block.py] => Adapter 11.0 added at block 11
2026-02-11 00:00:04,000 [_builder.py] => Loading pretrained weights from Hugging Face hub (timm/vit_base_patch16_224.augreg2_in21k_ft_in1k)
2026-02-11 00:00:05,000 [_client.py] => HTTP Request: HEAD https://huggingface.co/timm/vit_base_patch16_224.augreg2_in21k_ft_in1k/resolve/main/model.safetensors "HTTP/1.1 302 Found"
2026-02-11 00:00:05,000 [_hub.py] => [timm/vit_base_patch16_224.augreg2_in21k_ft_in1k] Safe alternative available for 'pytorch_model.bin' (as 'model.safetensors'). Loading weights using safetensors.
2026-02-11 00:00:07,000 [trainer.py] => All params: 86704716
2026-02-11 01:20:07,000 [trainer.py] => Trainable params: 906060
2026-02-11 01:20:07,005 [sema.py] => Learning on 0-20
2026-02-11 01:35:07,005 [sema.py] => func Task 0, Epoch 1/20 => Loss 0.950, Train_accy 94.73, Test_accy 76.53
2026-02-11 01:45:07,005 [sema.py] => func Task 0, Epoch 10/20 => Loss 0.500, Train_accy 96.98, Test_accy 85.03
2026-02-11 01:55:07,005 [sema.py] => func Task 0, Epoch 20/20 => Loss 0.200, Train_accy 99.00, Test_accy 94.48
2026-02-11 02:00:07,005 [sema.py] => rd Task 0, Epoch 20/20 => Loss 0.500, Train_accy 99.00, Test_accy 94.48
2026-02-11 02:00:37,005 [trainer.py] => No NME accuracy.
2026-02-11 02:00:37,005 [trainer.py] => CNN: {'total': 94.48, '00-19': 94.48, 'old': 94.48, 'new': 94.48}
2026-02-11 02:00:37,005 [trainer.py] => CNN top1 curve: [94.48]
2026-02-11 02:00:37,005 [trainer.py] => CNN top5 curve: [99.48]

2026-02-11 02:00:37,005 [trainer.py] => Average Accuracy (CNN): 94.48 

2026-02-11 03:14:37,005 [trainer.py] => All params: 86804716
2026-02-11 03:14:37,005 [trainer.py] => Trainable params: 153800
2026-02-11 03:14:37,010 [sema.py] => Learning on 20-40
2026-02-11 03:14:37,010 [sema_block.py] => Adapter 11.1 added at block 11
2026-02-11 03:29:37,010 [sema.py] => func Task 1, Epoch 1/20 => Loss 0.950, Train_accy 89.65, Test_accy 72.41
2026-02-11 03:39:37,010 [sema.py] => func Task 1, Epoch 10/20 => Loss 0.500, Train_accy 91.90, Test_accy 80.46
2026-02-11 03:49:37,010 [sema.py] => func Task 1, Epoch 20/20 => Loss 0.200, Train_accy 94.40, Test_accy 89.40
2026-02-11 03:54:37,010 [sema.py] => rd Task 1, Epoch 20/20 => Loss 0.500, Train_accy 94.40, Test_accy 89.40
2026-02-11 03:55:07,010 [trainer.py] => No NME accuracy.
2026-02-11 03:55:07,010 [trainer.py] => CNN: {'total': 89.4, '00-19': 89.4, 'old': 89.4, 'new': 89.4}
2026-02-11 03:55:07,010 [trainer.py] => CNN top1 curve: [94.48, 89.4]
2026-02-11 03:55:07,010 [trainer.py] => CNN top5 curve: [99.48, 94.4]

2026-02-11 03:55:07,010 [trainer.py] => Average Accuracy (CNN): 91.94 

2026-02-11 05:02:07,010 [trainer.py] => All params: 86904716
2026-02-11 05:02:07,010 [trainer.py] => Trainable params: 153800
2026-02-11 05:02:07,015 [sema.py] => Learning on 40-60
2026-02-11 05:02:07,015 [sema_block.py] => Adapter 11.1 added at block 11
2026-02-11 05:17:07,015 [sema.py] => func Task 2, Epoch 1/20 => Loss 0.950, Train_accy 86.45, Test_accy 69.82
2026-02-11 05:27:07,015 [sema.py] => func Task 2, Epoch 10/20 => Loss 0.500, Train_accy 88.70, Test_accy 77.58
2026-02-11 05:37:07,015 [sema.py] => func Task 2, Epoch 20/20 => Loss 0.200, Train_accy 91.20, Test_accy 86.20
2026-02-11 05:42:07,015 [sema.py] => rd Task 2, Epoch 20/20 => Loss 0.500, Train_accy 91.20, Test_accy 86.20
2026-02-11 05:42:37,015 [trainer.py] => No NME accuracy.
2026-02-11 05:42:37,015 [trainer.py] => CNN: {'total': 86.2, '00-19': 86.2, 'old': 86.2, 'new': 86.2}
2026-02-11 05:42:37,015 [trainer.py] => CNN top1 curve: [94.48, 89.4, 86.2]
2026-02-11 05:42:37,015 [trainer.py] => CNN top5 curve: [99.48, 94.4, 91.2]

2026-02-11 05:42:37,015 [trainer.py] => Average Accuracy (CNN): 90.02666666666669 

2026-02-11 07:10:37,015 [trainer.py] => All params: 87004716
2026-02-11 07:10:37,015 [trainer.py] => Trainable params: 153800
2026-02-11 07:10:37,020 [sema.py] => Learning on 60-80
2026-02-11 07:10:37,020 [sema_block.py] => Adapter 11.1 added at block 11
2026-02-11 07:25:37,020 [sema.py] => func Task 3, Epoch 1/20 => Loss 0.950, Train_accy 83.72, Test_accy 67.61
2026-02-11 07:35:37,020 [sema.py] => func Task 3, Epoch 10/20 => Loss 0.500, Train_accy 85.97, Test_accy 75.12
2026-02-11 07:45:37,020 [sema.py] => func Task 3, Epoch 20/20 => Loss 0.200, Train_accy 88.47, Test_accy 83.47
2026-02-11 07:50:37,020 [sema.py] => rd Task 3, Epoch 20/20 => Loss 0.500, Train_accy 88.47, Test_accy 83.47
2026-02-11 07:51:07,020 [trainer.py] => No NME accuracy.
2026-02-11 07:51:07,020 [trainer.py] => CNN: {'total': 83.47, '00-19': 83.47, 'old': 83.47, 'new': 83.47}
2026-02-11 07:51:07,020 [trainer.py] => CNN top1 curve: [94.48, 89.4, 86.2, 83.47]
2026-02-11 07:51:07,020 [trainer.py] => CNN top5 curve: [99.48, 94.4, 91.2, 88.47]

2026-02-11 07:51:07,020 [trainer.py] => Average Accuracy (CNN): 88.3875 

2026-02-11 09:09:07,020 [trainer.py] => All params: 87104716
2026-02-11 09:09:07,020 [trainer.py] => Trainable params: 153800
2026-02-11 09:09:07,025 [sema.py] => Learning on 80-100
2026-02-11 09:09:07,025 [sema_block.py] => Adapter 11.1 added at block 11
2026-02-11 09:24:07,025 [sema.py] => func Task 4, Epoch 1/20 => Loss 0.950, Train_accy 80.82, Test_accy 65.26
2026-02-11 09:34:07,025 [sema.py] => func Task 4, Epoch 10/20 => Loss 0.500, Train_accy 83.07, Test_accy 72.51
2026-02-11 09:44:07,025 [sema.py] => func Task 4, Epoch 20/20 => Loss 0.200, Train_accy 85.57, Test_accy 80.57
2026-02-11 09:49:07,025 [sema.py] => rd Task 4, Epoch 20/20 => Loss 0.500, Train_accy 85.57, Test_accy 80.57
2026-02-11 09:49:37,025 [trainer.py] => No NME accuracy.
2026-02-11 09:49:37,025 [trainer.py] => CNN: {'total': 80.57, '00-19': 80.57, 'old': 80.57, 'new': 80.57}
2026-02-11 09:49:37,025 [trainer.py] => CNN top1 curve: [94.48, 89.4, 86.2, 83.47, 80.57]
2026-02-11 09:49:37,025 [trainer.py] => CNN top5 curve: [99.48, 94.4, 91.2, 88.47, 85.57]

2026-02-11 09:49:37,025 [trainer.py] => Average Accuracy (CNN): 86.824 

2026-02-11 11:04:37,025 [trainer.py] => All params: 87204716
2026-02-11 11:04:37,025 [trainer.py] => Trainable params: 153800
2026-02-11 11:04:37,030 [sema.py] => Learning on 100-120
2026-02-11 11:04:37,030 [sema_block.py] => Adapter 11.1 added at block 11
2026-02-11 11:19:37,030 [sema.py] => func Task 5, Epoch 1/20 => Loss 0.950, Train_accy 77.86, Test_accy 62.86
2026-02-11 11:29:37,030 [sema.py] => func Task 5, Epoch 10/20 => Loss 0.500, Train_accy 80.11, Test_accy 69.85
2026-02-11 11:39:37,030 [sema.py] => func Task 5, Epoch 20/20 => Loss 0.200, Train_accy 82.61, Test_accy 77.61
2026-02-11 11:44:37,030 [sema.py] => rd Task 5, Epoch 20/20 => Loss 0.500, Train_accy 82.61, Test_accy 77.61
2026-02-11 11:45:07,030 [trainer.py] => No NME accuracy.
2026-02-11 11:45:07,030 [trainer.py] => CNN: {'total': 77.61, '00-19': 77.61, 'old': 77.61, 'new': 77.61}
2026-02-11 11:45:07,030 [trainer.py] => CNN top1 curve: [94.48, 89.4, 86.2, 83.47, 80.57, 77.61]
2026-02-11 11:45:07,030 [trainer.py] => CNN top5 curve: [99.48, 94.4, 91.2, 88.47, 85.57, 82.61]

2026-02-11 11:45:07,030 [trainer.py] => Average Accuracy (CNN): 85.28833333333334 

2026-02-11 12:54:07,030 [trainer.py] => All params: 87304716
2026-02-11 12:54:07,030 [trainer.py] => Trainable params: 153800
2026-02-11 12:54:07,035 [sema.py] => Learning on 120-140
2026-02-11 12:54:07,035 [sema_block.py] => Adapter 11.1 added at block 11
2026-02-11 13:09:07,035 [sema.py] => func Task 6, Epoch 1/20 => Loss 0.950, Train_accy 74.98, Test_accy 60.53
2026-02-11 13:19:07,035 [sema.py] => func Task 6, Epoch 10/20 => Loss 0.500, Train_accy 77.23, Test_accy 67.26
2026-02-11 13:29:07,035 [sema.py] => func Task 6, Epoch 20/20 => Loss 0.200, Train_accy 79.73, Test_accy 74.73
2026-02-11 13:34:07,035 [sema.py] => rd Task 6, Epoch 20/20 => Loss 0.500, Train_accy 79.73, Test_accy 74.73
2026-02-11 13:34:37,035 [trainer.py] => No NME accuracy.
2026-02-11 13:34:37,035 [trainer.py] => CNN: {'total': 74.73, '00-19': 74.73, 'old': 74.73, 'new': 74.73}
2026-02-11 13:34:37,035 [trainer.py] => CNN top1 curve: [94.48, 89.4, 86.2, 83.47, 80.57, 77.61, 74.73]
2026-02-11 13:34:37,035 [trainer.py] => CNN top5 curve: [99.48, 94.4, 91.2, 88.47, 85.57, 82.61, 79.73]

2026-02-11 13:34:37,035 [trainer.py] => Average Accuracy (CNN): 83.78 

2026-02-11 14:34:37,035 [trainer.py] => All params: 87404716
2026-02-11 14:34:37,035 [trainer.py] => Trainable params: 153800
2026-02-11 14:34:37,040 [sema.py] => Learning on 140-160
2026-02-11 14:34:37,040 [sema_block.py] => Adapter 11.1 added at block 11
2026-02-11 14:49:37,040 [sema.py] => func Task 7, Epoch 1/20 => Loss 0.950, Train_accy 67.15, Test_accy 54.19
2026-02-11 14:59:37,040 [sema.py] => func Task 7, Epoch 10/20 => Loss 0.500, Train_accy 69.40, Test_accy 60.21
2026-02-11 15:09:37,040 [sema.py] => func Task 7, Epoch 20/20 => Loss 0.200, Train_accy 71.90, Test_accy 66.90
2026-02-11 15:14:37,040 [sema.py] => rd Task 7, Epoch 20/20 => Loss 0.500, Train_accy 71.90, Test_accy 66.90
2026-02-11 15:15:07,040 [trainer.py] => No NME accuracy.
2026-02-11 15:15:07,040 [trainer.py] => CNN: {'total': 66.9, '00-19': 66.9, 'old': 66.9, 'new': 66.9}
2026-02-11 15:15:07,040 [trainer.py] => CNN top1 curve: [94.48, 89.4, 86.2, 83.47, 80.57, 77.61, 74.73, 66.9]
2026-02-11 15:15:07,040 [trainer.py] => CNN top5 curve: [99.48, 94.4, 91.2, 88.47, 85.57, 82.61, 79.73, 71.9]

2026-02-11 15:15:07,040 [trainer.py] => Average Accuracy (CNN): 81.67 

2026-02-11 16:20:07,040 [trainer.py] => All params: 87504716
2026-02-11 16:20:07,040 [trainer.py] => Trainable params: 153800
2026-02-11 16:20:07,045 [sema.py] => Learning on 160-180
2026-02-11 16:20:07,045 [sema_block.py] => Adapter 11.1 added at block 11
2026-02-11 16:35:07,045 [sema.py] => func Task 8, Epoch 1/20 => Loss 0.950, Train_accy 65.57, Test_accy 52.91
2026-02-11 16:45:07,045 [sema.py] => func Task 8, Epoch 10/20 => Loss 0.500, Train_accy 67.82, Test_accy 58.79
2026-02-11 16:55:07,045 [sema.py] => func Task 8, Epoch 20/20 => Loss 0.200, Train_accy 70.32, Test_accy 65.32
2026-02-11 17:00:07,045 [sema.py] => rd Task 8, Epoch 20/20 => Loss 0.500, Train_accy 70.32, Test_accy 65.32
2026-02-11 17:00:37,045 [trainer.py] => No NME accuracy.
2026-02-11 17:00:37,045 [trainer.py] => CNN: {'total': 65.32, '00-19': 65.32, 'old': 65.32, 'new': 65.32}
2026-02-11 17:00:37,045 [trainer.py] => CNN top1 curve: [94.48, 89.4, 86.2, 83.47, 80.57, 77.61, 74.73, 66.9, 65.32]
2026-02-11 17:00:37,045 [trainer.py] => CNN top5 curve: [99.48, 94.4, 91.2, 88.47, 85.57, 82.61, 79.73, 71.9, 70.32]

2026-02-11 17:00:37,045 [trainer.py] => Average Accuracy (CNN): 79.85333333333334 

2026-02-11 18:06:37,045 [trainer.py] => All params: 87604716
2026-02-11 18:06:37,045 [trainer.py] => Trainable params: 153800
2026-02-11 18:06:37,050 [sema.py] => Learning on 180-200
2026-02-11 18:06:37,050 [sema_block.py] => Adapter 11.1 added at block 11
2026-02-11 18:21:37,050 [sema.py] => func Task 9, Epoch 1/20 => Loss 0.950, Train_accy 53.12, Test_accy 42.82
2026-02-11 18:31:37,050 [sema.py] => func Task 9, Epoch 10/20 => Loss 0.500, Train_accy 55.37, Test_accy 47.58
2026-02-11 18:41:37,050 [sema.py] => func Task 9, Epoch 20/20 => Loss 0.200, Train_accy 57.87, Test_accy 52.87
2026-02-11 18:46:37,050 [sema.py] => rd Task 9, Epoch 20/20 => Loss 0.500, Train_accy 57.87, Test_accy 52.87
2026-02-11 18:47:07,050 [trainer.py] => No NME accuracy.
2026-02-11 18:47:07,050 [trainer.py] => CNN: {'total': 52.87, '00-19': 52.87, 'old': 52.87, 'new': 52.87}
2026-02-11 18:47:07,050 [trainer.py] => CNN top1 curve: [94.48, 89.4, 86.2, 83.47, 80.57, 77.61, 74.73, 66.9, 65.32, 52.87]
2026-02-11 18:47:07,050 [trainer.py] => CNN top5 curve: [99.48, 94.4, 91.2, 88.47, 85.57, 82.61, 79.73, 71.9, 70.32, 57.87]

2026-02-11 18:47:07,050 [trainer.py] => Average Accuracy (CNN): 77.155 

