2026-02-16 11:35:19,259 [trainer.py] => config: exps/sema_ina.json
2026-02-16 11:35:19,260 [trainer.py] => eval: False
2026-02-16 11:35:19,261 [trainer.py] => prefix: reproduce
2026-02-16 11:35:19,261 [trainer.py] => dataset: imageneta
2026-02-16 11:35:19,261 [trainer.py] => memory_size: 0
2026-02-16 11:35:19,261 [trainer.py] => memory_per_class: 0
2026-02-16 11:35:19,261 [trainer.py] => fixed_memory: False
2026-02-16 11:35:19,262 [trainer.py] => shuffle: False
2026-02-16 11:35:19,262 [trainer.py] => init_cls: 20
2026-02-16 11:35:19,262 [trainer.py] => increment: 20
2026-02-16 11:35:19,263 [trainer.py] => model_name: sema
2026-02-16 11:35:19,264 [trainer.py] => backbone_type: pretrained_vit_b16_224_adapter
2026-02-16 11:35:19,265 [trainer.py] => device: ['0']
2026-02-16 11:35:19,265 [trainer.py] => seed: 1993
2026-02-16 11:35:19,266 [trainer.py] => batch_size: 32
2026-02-16 11:35:19,266 [trainer.py] => weight_decay: 0.0005
2026-02-16 11:35:19,267 [trainer.py] => min_lr: 0
2026-02-16 11:35:19,268 [trainer.py] => ffn_adapter_type: adaptmlp
2026-02-16 11:35:19,268 [trainer.py] => ffn_num: 16
2026-02-16 11:35:19,269 [trainer.py] => optimizer: sgd
2026-02-16 11:35:19,270 [trainer.py] => vpt_type: shallow
2026-02-16 11:35:19,271 [trainer.py] => prompt_token_num: 5
2026-02-16 11:35:19,271 [trainer.py] => func_epoch: 20
2026-02-16 11:35:19,272 [trainer.py] => rd_epoch: 20
2026-02-16 11:35:19,272 [trainer.py] => init_lr: 0.005
2026-02-16 11:35:19,273 [trainer.py] => rd_lr: 0.01
2026-02-16 11:35:19,274 [trainer.py] => rd_dim: 128
2026-02-16 11:35:19,275 [trainer.py] => buffer_size: 500
2026-02-16 11:35:19,276 [trainer.py] => detect_batch_size: 128
2026-02-16 11:35:19,277 [trainer.py] => exp_threshold: 1
2026-02-16 11:35:19,278 [trainer.py] => adapt_start_layer: 9
2026-02-16 11:35:19,278 [trainer.py] => adapt_end_layer: 11
2026-02-16 11:35:19,461 [data_manager.py] => [0, 1, 2, 3, 4, 5, 6, 7, 8, 9, 10, 11, 12, 13, 14, 15, 16, 17, 18, 19, 20, 21, 22, 23, 24, 25, 26, 27, 28, 29, 30, 31, 32, 33, 34, 35, 36, 37, 38, 39, 40, 41, 42, 43, 44, 45, 46, 47, 48, 49, 50, 51, 52, 53, 54, 55, 56, 57, 58, 59, 60, 61, 62, 63, 64, 65, 66, 67, 68, 69, 70, 71, 72, 73, 74, 75, 76, 77, 78, 79, 80, 81, 82, 83, 84, 85, 86, 87, 88, 89, 90, 91, 92, 93, 94, 95, 96, 97, 98, 99, 100, 101, 102, 103, 104, 105, 106, 107, 108, 109, 110, 111, 112, 113, 114, 115, 116, 117, 118, 119, 120, 121, 122, 123, 124, 125, 126, 127, 128, 129, 130, 131, 132, 133, 134, 135, 136, 137, 138, 139, 140, 141, 142, 143, 144, 145, 146, 147, 148, 149, 150, 151, 152, 153, 154, 155, 156, 157, 158, 159, 160, 161, 162, 163, 164, 165, 166, 167, 168, 169, 170, 171, 172, 173, 174, 175, 176, 177, 178, 179, 180, 181, 182, 183, 184, 185, 186, 187, 188, 189, 190, 191, 192, 193, 194, 195, 196, 197, 198, 199]
2026-02-16 11:35:19,575 [sema_block.py] => Adapter 0.0 added at block 0
2026-02-16 11:35:19,602 [sema_block.py] => Adapter 1.0 added at block 1
2026-02-16 11:35:19,629 [sema_block.py] => Adapter 2.0 added at block 2
2026-02-16 11:35:19,657 [sema_block.py] => Adapter 3.0 added at block 3
2026-02-16 11:35:19,681 [sema_block.py] => Adapter 4.0 added at block 4
2026-02-16 11:35:19,704 [sema_block.py] => Adapter 5.0 added at block 5
2026-02-16 11:35:19,722 [sema_block.py] => Adapter 6.0 added at block 6
2026-02-16 11:35:19,747 [sema_block.py] => Adapter 7.0 added at block 7
2026-02-16 11:35:19,770 [sema_block.py] => Adapter 8.0 added at block 8
2026-02-16 11:35:19,790 [sema_block.py] => Adapter 9.0 added at block 9
2026-02-16 11:35:19,815 [sema_block.py] => Adapter 10.0 added at block 10
2026-02-16 11:35:19,836 [sema_block.py] => Adapter 11.0 added at block 11
2026-02-16 11:35:19,348 [vit_sema.py] => Loading pretrained weights from local path (pretrained_vit_b16_224_adapter)
2026-02-16 11:35:20,610 [trainer.py] => All params: 86704716
2026-02-16 11:35:20,611 [trainer.py] => Trainable params: 906060
2026-02-16 11:35:20,612 [sema.py] => Learning on 0-20
2026-02-16 12:21:22,282 [sema.py] => func Task 0, Epoch 20/20 => Loss 0.085, Train_accy 93.32, Test_accy 81.14
2026-02-16 12:53:35,529 [sema.py] => rd Task 0, Epoch 20/20 => Loss 1.100, Train_accy 92.45, Test_accy 81.14
2026-02-16 12:55:02,087 [trainer.py] => No NME accuracy.
2026-02-16 12:55:02,087 [trainer.py] => CNN: {'total': 81.14, '00-19': 81.14, 'old': 0, 'new': 81.14}
2026-02-16 12:55:02,087 [trainer.py] => CNN top1 curve: [81.14]
2026-02-16 12:55:02,088 [trainer.py] => CNN top5 curve: [91.98]

2026-02-16 12:55:02,088 [trainer.py] => Average Accuracy (CNN): 81.14 

2026-02-16 12:55:02,089 [trainer.py] => All params: 86858516
2026-02-16 12:55:02,090 [trainer.py] => Trainable params: 153800
2026-02-16 12:55:02,091 [sema.py] => Learning on 20-40
2026-02-16 13:22:16,416 [sema.py] => func Task 1, Epoch 20/20 => Loss 0.256, Train_accy 95.25, Test_accy 73.33
2026-02-16 13:23:10,776 [trainer.py] => No NME accuracy.
2026-02-16 13:23:10,776 [trainer.py] => CNN: {'total': 73.33, '00-19': 73.85, '20-39': 72.81, 'old': 73.85, 'new': 72.81}
2026-02-16 13:23:10,776 [trainer.py] => CNN top1 curve: [81.14, 73.33]
2026-02-16 13:23:10,777 [trainer.py] => CNN top5 curve: [91.98, 87.03]

2026-02-16 13:23:10,777 [trainer.py] => Average Accuracy (CNN): 77.235 

2026-02-16 13:23:10,778 [trainer.py] => All params: 86858516
2026-02-16 13:23:10,779 [trainer.py] => Trainable params: 153800
2026-02-16 13:23:10,780 [sema.py] => Learning on 40-60
2026-02-16 13:50:23,487 [sema.py] => func Task 2, Epoch 20/20 => Loss 0.256, Train_accy 95.03, Test_accy 69.33
2026-02-16 13:51:28,502 [trainer.py] => No NME accuracy.
2026-02-16 13:51:28,502 [trainer.py] => CNN: {'total': 69.33, '00-19': 64.78, '20-39': 70.47, '40-59': 72.74, 'old': 67.62, 'new': 72.74}
2026-02-16 13:51:28,502 [trainer.py] => CNN top1 curve: [81.14, 73.33, 69.33]
2026-02-16 13:51:28,503 [trainer.py] => CNN top5 curve: [91.98, 87.03, 85.48]

2026-02-16 13:51:28,503 [trainer.py] => Average Accuracy (CNN): 74.60000000000001 

2026-02-16 13:51:28,504 [trainer.py] => All params: 86858516
2026-02-16 13:51:28,505 [trainer.py] => Trainable params: 153800
2026-02-16 13:51:28,506 [sema.py] => Learning on 60-80
2026-02-16 14:24:55,017 [sema.py] => func Task 3, Epoch 20/20 => Loss 0.336, Train_accy 90.59, Test_accy 64.90
2026-02-16 14:25:21,226 [trainer.py] => No NME accuracy.
2026-02-16 14:25:21,226 [trainer.py] => CNN: {'total': 64.9, '00-19': 59.65, '20-39': 64.25, '40-59': 67.35, '60-79': 68.36, 'old': 63.75, 'new': 68.36}
2026-02-16 14:25:21,226 [trainer.py] => CNN top1 curve: [81.14, 73.33, 69.33, 64.9]
2026-02-16 14:25:21,227 [trainer.py] => CNN top5 curve: [91.98, 87.03, 85.48, 82.52]

2026-02-16 14:25:21,227 [trainer.py] => Average Accuracy (CNN): 72.175 

2026-02-16 14:25:21,228 [trainer.py] => All params: 86858516
2026-02-16 14:25:21,229 [trainer.py] => Trainable params: 153800
2026-02-16 14:25:21,230 [sema.py] => Learning on 80-100
2026-02-16 14:25:55,249 [sema_block.py] => Adapter 10.1 added at block 10
2026-02-16 14:55:06,595 [sema.py] => func Task 4, Epoch 20/20 => Loss 0.086, Train_accy 90.22, Test_accy 58.98
2026-02-16 15:23:13,566 [sema.py] => rd Task 4, Epoch 20/20 => Loss 0.401, Train_accy 94.69, Test_accy 58.98
2026-02-16 15:24:10,435 [trainer.py] => No NME accuracy.
2026-02-16 15:24:10,435 [trainer.py] => CNN: {'total': 58.98, '00-19': 52.75, '20-39': 56.02, '40-59': 61.58, '60-79': 60.87, '80-99': 63.69, 'old': 57.8, 'new': 63.69}
2026-02-16 15:24:10,435 [trainer.py] => CNN top1 curve: [81.14, 73.33, 69.33, 64.9, 58.98]
2026-02-16 15:24:10,436 [trainer.py] => CNN top5 curve: [91.98, 87.03, 85.48, 82.52, 80.01]

2026-02-16 15:24:10,436 [trainer.py] => Average Accuracy (CNN): 69.536 

2026-02-16 15:24:10,437 [trainer.py] => All params: 87082149
2026-02-16 15:24:10,438 [trainer.py] => Trainable params: 153800
2026-02-16 15:24:10,439 [sema.py] => Learning on 100-120
2026-02-16 15:25:10,563 [sema_block.py] => Adapter 11.1 added at block 11
2026-02-16 15:55:05,719 [sema.py] => func Task 5, Epoch 20/20 => Loss 0.232, Train_accy 90.74, Test_accy 58.15
2026-02-16 16:25:04,313 [sema.py] => rd Task 5, Epoch 20/20 => Loss 0.860, Train_accy 95.37, Test_accy 58.15
2026-02-16 16:25:42,123 [trainer.py] => No NME accuracy.
2026-02-16 16:25:42,123 [trainer.py] => CNN: {'total': 58.15, '00-19': 56.35, '20-39': 57.39, '40-59': 56.15, '60-79': 54.84, '80-99': 59.44, '100-119': 64.73, 'old': 56.83, 'new': 64.73}
2026-02-16 16:25:42,123 [trainer.py] => CNN top1 curve: [81.14, 73.33, 69.33, 64.9, 58.98, 58.15]
2026-02-16 16:25:42,124 [trainer.py] => CNN top5 curve: [91.98, 87.03, 85.48, 82.52, 80.01, 78.13]

2026-02-16 16:25:42,124 [trainer.py] => Average Accuracy (CNN): 67.63833333333334 

2026-02-16 16:25:42,125 [trainer.py] => All params: 87082149
2026-02-16 16:25:42,126 [trainer.py] => Trainable params: 153800
2026-02-16 16:25:42,127 [sema.py] => Learning on 120-140
2026-02-16 17:07:20,323 [sema.py] => func Task 6, Epoch 20/20 => Loss 0.125, Train_accy 93.86, Test_accy 57.09
2026-02-16 17:07:48,548 [trainer.py] => No NME accuracy.
2026-02-16 17:07:48,548 [trainer.py] => CNN: {'total': 57.09, '00-19': 53.76, '20-39': 56.16, '40-59': 53.82, '60-79': 58.07, '80-99': 58.23, '100-119': 60.51, '120-139': 59.08, 'old': 56.76, 'new': 59.08}
2026-02-16 17:07:48,548 [trainer.py] => CNN top1 curve: [81.14, 73.33, 69.33, 64.9, 58.98, 58.15, 57.09]
2026-02-16 17:07:48,549 [trainer.py] => CNN top5 curve: [91.98, 87.03, 85.48, 82.52, 80.01, 78.13, 76.73]

2026-02-16 17:07:48,549 [trainer.py] => Average Accuracy (CNN): 66.13142857142857 

2026-02-16 17:07:48,550 [trainer.py] => All params: 87305782
2026-02-16 17:07:48,551 [trainer.py] => Trainable params: 153800
2026-02-16 17:07:48,552 [sema.py] => Learning on 140-160
2026-02-16 17:56:20,706 [sema.py] => func Task 7, Epoch 20/20 => Loss 0.282, Train_accy 89.92, Test_accy 53.93
2026-02-16 17:56:53,221 [trainer.py] => No NME accuracy.
2026-02-16 17:56:53,221 [trainer.py] => CNN: {'total': 53.93, '00-19': 47.43, '20-39': 50.53, '40-59': 48.93, '60-79': 52.91, '80-99': 57.39, '100-119': 56.82, '120-139': 56.46, '140-159': 60.96, 'old': 52.92, 'new': 60.96}
2026-02-16 17:56:53,221 [trainer.py] => CNN top1 curve: [81.14, 73.33, 69.33, 64.9, 58.98, 58.15, 57.09, 53.93]
2026-02-16 17:56:53,222 [trainer.py] => CNN top5 curve: [91.98, 87.03, 85.48, 82.52, 80.01, 78.13, 76.73, 75.98]

2026-02-16 17:56:53,222 [trainer.py] => Average Accuracy (CNN): 64.60625 

2026-02-16 17:56:53,223 [trainer.py] => All params: 87305782
2026-02-16 17:56:53,224 [trainer.py] => Trainable params: 153800
2026-02-16 17:56:53,225 [sema.py] => Learning on 160-180
2026-02-16 18:39:02,283 [sema.py] => func Task 8, Epoch 20/20 => Loss 0.301, Train_accy 96.72, Test_accy 52.11
2026-02-16 18:40:13,778 [trainer.py] => No NME accuracy.
2026-02-16 18:40:13,778 [trainer.py] => CNN: {'total': 52.11, '00-19': 44.49, '20-39': 49.55, '40-59': 46.5, '60-79': 50.85, '80-99': 53.82, '100-119': 50.95, '120-139': 57.87, '140-159': 55.13, '160-179': 59.84, 'old': 51.15, 'new': 59.84}
2026-02-16 18:40:13,778 [trainer.py] => CNN top1 curve: [81.14, 73.33, 69.33, 64.9, 58.98, 58.15, 57.09, 53.93, 52.11]
2026-02-16 18:40:13,779 [trainer.py] => CNN top5 curve: [91.98, 87.03, 85.48, 82.52, 80.01, 78.13, 76.73, 75.98, 74.96]

2026-02-16 18:40:13,779 [trainer.py] => Average Accuracy (CNN): 63.21777777777778 

2026-02-16 18:40:13,780 [trainer.py] => All params: 87305782
2026-02-16 18:40:13,781 [trainer.py] => Trainable params: 153800
2026-02-16 18:40:13,782 [sema.py] => Learning on 180-200
2026-02-16 19:15:58,289 [sema.py] => func Task 9, Epoch 20/20 => Loss 0.109, Train_accy 89.21, Test_accy 50.95
2026-02-16 19:17:26,852 [trainer.py] => No NME accuracy.
2026-02-16 19:17:26,852 [trainer.py] => CNN: {'total': 50.95, '00-19': 41.74, '20-39': 45.41, '40-59': 45.56, '60-79': 47.87, '80-99': 52.81, '100-119': 51.3, '120-139': 56.05, '140-159': 58.48, '160-179': 55.07, '180-199': 55.2, 'old': 50.48, 'new': 55.2}
2026-02-16 19:17:26,852 [trainer.py] => CNN top1 curve: [81.14, 73.33, 69.33, 64.9, 58.98, 58.15, 57.09, 53.93, 52.11, 50.95]
2026-02-16 19:17:26,853 [trainer.py] => CNN top5 curve: [91.98, 87.03, 85.48, 82.52, 80.01, 78.13, 76.73, 75.98, 74.96, 74.59]

2026-02-16 19:17:26,853 [trainer.py] => Average Accuracy (CNN): 61.991 

2026-02-16 19:17:26,854 [trainer.py] => All params: 87305782
2026-02-16 19:17:26,855 [trainer.py] => Trainable params: 153800
