2026-02-10 09:15:22,413 [trainer.py] => config: exps/sema_cifar.json
2026-02-10 09:15:22,413 [trainer.py] => eval: False
2026-02-10 09:15:22,413 [trainer.py] => prefix: reproduce
2026-02-10 09:15:22,413 [trainer.py] => dataset: cifar224
2026-02-10 09:15:22,414 [trainer.py] => memory_size: 0
2026-02-10 09:15:22,414 [trainer.py] => memory_per_class: 0
2026-02-10 09:15:22,414 [trainer.py] => fixed_memory: False
2026-02-10 09:15:22,415 [trainer.py] => shuffle: True
2026-02-10 09:15:22,415 [trainer.py] => init_cls: 10
2026-02-10 09:15:22,415 [trainer.py] => increment: 10
2026-02-10 09:15:22,415 [trainer.py] => model_name: sema
2026-02-10 09:15:22,416 [trainer.py] => backbone_type: pretrained_vit_b16_224_adapter
2026-02-10 09:15:22,416 [trainer.py] => device: [device(type='cuda', index=0)]
2026-02-10 09:15:22,416 [trainer.py] => seed: 1993
2026-02-10 09:15:22,416 [trainer.py] => batch_size: 32
2026-02-10 09:15:22,417 [trainer.py] => weight_decay: 0.0005
2026-02-10 09:15:22,417 [trainer.py] => min_lr: 0
2026-02-10 09:15:22,417 [trainer.py] => ffn_adapter_type: adaptmlp
2026-02-10 09:15:22,417 [trainer.py] => ffn_num: 16
2026-02-10 09:15:22,417 [trainer.py] => optimizer: sgd
2026-02-10 09:15:22,418 [trainer.py] => vpt_type: shallow
2026-02-10 09:15:22,418 [trainer.py] => prompt_token_num: 5
2026-02-10 09:15:22,418 [trainer.py] => func_epoch: 5
2026-02-10 09:15:22,418 [trainer.py] => rd_epoch: 20
2026-02-10 09:15:22,418 [trainer.py] => init_lr: 0.005
2026-02-10 09:15:22,419 [trainer.py] => rd_lr: 0.01
2026-02-10 09:15:22,419 [trainer.py] => rd_dim: 128
2026-02-10 09:15:22,419 [trainer.py] => buffer_size: 500
2026-02-10 09:15:22,419 [trainer.py] => detect_batch_size: 128
2026-02-10 09:15:22,419 [trainer.py] => exp_threshold: 2
2026-02-10 09:15:22,420 [trainer.py] => adapt_start_layer: 9
2026-02-10 09:15:22,420 [trainer.py] => adapt_end_layer: 11
2026-02-10 09:15:23,614 [data_manager.py] => [68, 56, 78, 8, 23, 84, 90, 65, 74, 76, 40, 89, 3, 92, 55, 9, 26, 80, 43, 38, 58, 70, 77, 1, 85, 19, 17, 50, 28, 53, 13, 81, 45, 82, 6, 59, 83, 16, 15, 44, 91, 41, 72, 60, 79, 52, 20, 10, 31, 54, 37, 95, 14, 71, 96, 98, 97, 2, 64, 66, 42, 22, 35, 86, 24, 34, 87, 21, 99, 0, 88, 27, 18, 94, 11, 12, 47, 25, 30, 46, 62, 69, 36, 61, 7, 63, 75, 5, 32, 4, 51, 48, 73, 93, 39, 67, 29, 49, 57, 33]
2026-02-10 09:15:26,381 [sema_block.py] => Adapter 0.0 added at block 0
2026-02-10 09:15:26,403 [sema_block.py] => Adapter 1.0 added at block 1
2026-02-10 09:15:26,424 [sema_block.py] => Adapter 2.0 added at block 2
2026-02-10 09:15:26,447 [sema_block.py] => Adapter 3.0 added at block 3
2026-02-10 09:15:26,469 [sema_block.py] => Adapter 4.0 added at block 4
2026-02-10 09:15:26,492 [sema_block.py] => Adapter 5.0 added at block 5
2026-02-10 09:15:26,514 [sema_block.py] => Adapter 6.0 added at block 6
2026-02-10 09:15:26,537 [sema_block.py] => Adapter 7.0 added at block 7
2026-02-10 09:15:26,558 [sema_block.py] => Adapter 8.0 added at block 8
2026-02-10 09:15:26,581 [sema_block.py] => Adapter 9.0 added at block 9
2026-02-10 09:15:26,604 [sema_block.py] => Adapter 10.0 added at block 10
2026-02-10 09:15:26,628 [sema_block.py] => Adapter 11.0 added at block 11
2026-02-10 09:15:27,192 [_builder.py] => Loading pretrained weights from Hugging Face hub (timm/vit_base_patch16_224.augreg2_in21k_ft_in1k)
2026-02-10 09:15:28,047 [_client.py] => HTTP Request: HEAD https://huggingface.co/timm/vit_base_patch16_224.augreg2_in21k_ft_in1k/resolve/main/model.safetensors "HTTP/1.1 302 Found"
2026-02-10 09:15:28,064 [_hub.py] => [timm/vit_base_patch16_224.augreg2_in21k_ft_in1k] Safe alternative available for 'pytorch_model.bin' (as 'model.safetensors'). Loading weights using safetensors.
2026-02-10 09:15:28,283 [trainer.py] => All params: 86704716
2026-02-10 09:15:28,283 [trainer.py] => Trainable params: 906060
2026-02-10 09:15:28,284 [sema.py] => Learning on 0-10
2026-02-10 09:25:47,193 [sema.py] => func Task 0, Epoch 5/5 => Loss 0.198, Train_accy 94.12, Test_accy 98.80
2026-02-10 10:05:31,462 [sema.py] => rd Task 0, Epoch 20/20 => Loss 0.703, Train_accy 93.74, Test_accy 98.80
2026-02-10 10:06:04,831 [trainer.py] => No NME accuracy.
2026-02-10 10:06:04,831 [trainer.py] => CNN: {'total': 98.8, '00-09': 98.8, 'old': 0, 'new': 98.8}
2026-02-10 10:06:04,832 [trainer.py] => CNN top1 curve: [98.8]
2026-02-10 10:06:04,832 [trainer.py] => CNN top5 curve: [100.0]

2026-02-10 10:06:04,832 [trainer.py] => Average Accuracy (CNN): 98.8 

2026-02-10 10:06:04,833 [trainer.py] => All params: 86781616
2026-02-10 10:06:04,834 [trainer.py] => Trainable params: 76900
2026-02-10 10:06:04,835 [sema.py] => Learning on 10-20
2026-02-10 10:06:29,647 [sema_block.py] => Adapter 11.1 added at block 11
2026-02-10 10:14:22,713 [sema.py] => func Task 1, Epoch 5/5 => Loss 0.261, Train_accy 91.43, Test_accy 96.05
2026-02-10 10:45:38,294 [sema.py] => rd Task 1, Epoch 20/20 => Loss 0.491, Train_accy 90.54, Test_accy 96.05
2026-02-10 10:47:41,052 [trainer.py] => No NME accuracy.
2026-02-10 10:47:41,053 [trainer.py] => CNN: {'total': 96.05, '00-09': 97.1, '10-19': 95.0, 'old': 97.1, 'new': 95.0}
2026-02-10 10:47:41,053 [trainer.py] => CNN top1 curve: [98.8, 96.05]
2026-02-10 10:47:41,053 [trainer.py] => CNN top5 curve: [100.0, 99.6]

2026-02-10 10:47:41,054 [trainer.py] => Average Accuracy (CNN): 97.425 

2026-02-10 10:47:41,054 [trainer.py] => All params: 87005249
2026-02-10 10:47:41,055 [trainer.py] => Trainable params: 76900
2026-02-10 10:47:41,055 [sema.py] => Learning on 20-30
2026-02-10 10:48:07,382 [sema_block.py] => Adapter 11.2 added at block 11
2026-02-10 10:58:19,461 [sema.py] => func Task 2, Epoch 5/5 => Loss 0.149, Train_accy 95.17, Test_accy 94.57
2026-02-10 11:32:44,872 [sema.py] => rd Task 2, Epoch 20/20 => Loss 0.461, Train_accy 95.63, Test_accy 94.57
2026-02-10 11:35:40,038 [trainer.py] => No NME accuracy.
2026-02-10 11:35:40,039 [trainer.py] => CNN: {'total': 94.57, '00-09': 94.9, '10-19': 93.0, '20-29': 95.8, 'old': 93.95, 'new': 95.8}
2026-02-10 11:35:40,039 [trainer.py] => CNN top1 curve: [98.8, 96.05, 94.57]
2026-02-10 11:35:40,039 [trainer.py] => CNN top5 curve: [100.0, 99.6, 99.47]

2026-02-10 11:35:40,039 [trainer.py] => Average Accuracy (CNN): 96.47333333333331 

2026-02-10 11:35:40,040 [trainer.py] => All params: 87228882
2026-02-10 11:35:40,040 [trainer.py] => Trainable params: 76900
2026-02-10 11:35:40,041 [sema.py] => Learning on 30-40
2026-02-10 11:36:07,218 [sema_block.py] => Adapter 11.3 added at block 11
2026-02-10 11:48:04,937 [sema.py] => func Task 3, Epoch 5/5 => Loss 0.207, Train_accy 92.68, Test_accy 93.60
2026-02-10 12:38:52,304 [sema.py] => rd Task 3, Epoch 20/20 => Loss 0.485, Train_accy 93.14, Test_accy 93.60
2026-02-10 12:42:08,517 [trainer.py] => No NME accuracy.
2026-02-10 12:42:08,518 [trainer.py] => CNN: {'total': 93.6, '00-09': 94.6, '10-19': 92.0, '20-29': 95.0, '30-39': 92.8, 'old': 93.87, 'new': 92.8}
2026-02-10 12:42:08,518 [trainer.py] => CNN top1 curve: [98.8, 96.05, 94.57, 93.6]
2026-02-10 12:42:08,518 [trainer.py] => CNN top5 curve: [100.0, 99.6, 99.47, 99.38]

2026-02-10 12:42:08,519 [trainer.py] => Average Accuracy (CNN): 95.755 

2026-02-10 12:42:08,519 [trainer.py] => All params: 87452515
2026-02-10 12:42:08,520 [trainer.py] => Trainable params: 76900
2026-02-10 12:42:08,520 [sema.py] => Learning on 40-50
2026-02-10 12:43:05,271 [sema_block.py] => Adapter 11.4 added at block 11
2026-02-10 12:56:43,519 [sema.py] => func Task 4, Epoch 5/5 => Loss 0.167, Train_accy 95.02, Test_accy 91.58
2026-02-10 14:04:31,084 [sema.py] => rd Task 4, Epoch 20/20 => Loss 0.481, Train_accy 94.52, Test_accy 91.58
2026-02-10 14:07:47,923 [trainer.py] => No NME accuracy.
2026-02-10 14:07:47,924 [trainer.py] => CNN: {'total': 91.58, '00-09': 93.5, '10-19': 89.0, '20-29': 93.5, '30-39': 90.6, '40-49': 91.3, 'old': 91.65, 'new': 91.3}
2026-02-10 14:07:47,924 [trainer.py] => CNN top1 curve: [98.8, 96.05, 94.57, 93.6, 91.58]
2026-02-10 14:07:47,924 [trainer.py] => CNN top5 curve: [100.0, 99.6, 99.47, 99.38, 99.38]

2026-02-10 14:07:47,924 [trainer.py] => Average Accuracy (CNN): 94.91999999999999 

2026-02-10 14:07:47,925 [trainer.py] => All params: 87676148
2026-02-10 14:07:47,925 [trainer.py] => Trainable params: 76900
2026-02-10 14:07:47,926 [sema.py] => Learning on 50-60
2026-02-10 14:08:12,683 [sema_block.py] => Adapter 11.5 added at block 11
2026-02-10 14:18:04,711 [sema.py] => func Task 5, Epoch 5/5 => Loss 0.203, Train_accy 92.89, Test_accy 89.90
2026-02-10 15:03:31,842 [sema.py] => rd Task 5, Epoch 20/20 => Loss 0.508, Train_accy 92.95, Test_accy 89.90
2026-02-10 15:04:02,751 [sema_block.py] => Adapter 10.1 added at block 10
2026-02-10 15:13:59,274 [sema.py] => func Task 5, Epoch 5/5 => Loss 0.212, Train_accy 92.77, Test_accy 90.18
2026-02-10 15:52:38,103 [sema.py] => rd Task 5, Epoch 20/20 => Loss 0.169, Train_accy 92.58, Test_accy 90.18
2026-02-10 15:54:34,627 [trainer.py] => No NME accuracy.
2026-02-10 15:54:34,627 [trainer.py] => CNN: {'total': 90.18, '00-09': 91.3, '10-19': 88.7, '20-29': 92.1, '30-39': 89.3, '40-49': 87.2, '50-59': 92.5, 'old': 89.72, 'new': 92.5}
2026-02-10 15:54:34,628 [trainer.py] => CNN top1 curve: [98.8, 96.05, 94.57, 93.6, 91.58, 90.18]
2026-02-10 15:54:34,628 [trainer.py] => CNN top5 curve: [100.0, 99.6, 99.47, 99.38, 99.38, 99.17]

2026-02-10 15:54:34,628 [trainer.py] => Average Accuracy (CNN): 94.13 

2026-02-10 15:54:34,629 [trainer.py] => All params: 88123414
2026-02-10 15:54:34,629 [trainer.py] => Trainable params: 76900
2026-02-10 15:54:34,630 [sema.py] => Learning on 60-70
2026-02-10 15:54:58,342 [sema_block.py] => Adapter 11.6 added at block 11
2026-02-10 16:05:13,348 [sema.py] => func Task 6, Epoch 5/5 => Loss 0.164, Train_accy 94.91, Test_accy 90.13
2026-02-10 16:46:42,876 [sema.py] => rd Task 6, Epoch 20/20 => Loss 0.488, Train_accy 94.83, Test_accy 90.13
2026-02-10 16:49:18,534 [trainer.py] => No NME accuracy.
2026-02-10 16:49:18,535 [trainer.py] => CNN: {'total': 90.13, '00-09': 90.6, '10-19': 87.5, '20-29': 91.9, '30-39': 88.6, '40-49': 87.1, '50-59': 90.4, '60-69': 94.8, 'old': 89.35, 'new': 94.8}
2026-02-10 16:49:18,535 [trainer.py] => CNN top1 curve: [98.8, 96.05, 94.57, 93.6, 91.58, 90.18, 90.13]
2026-02-10 16:49:18,535 [trainer.py] => CNN top5 curve: [100.0, 99.6, 99.47, 99.38, 99.38, 99.17, 99.1]

2026-02-10 16:49:18,536 [trainer.py] => Average Accuracy (CNN): 93.55857142857143 

2026-02-10 16:49:18,536 [trainer.py] => All params: 88347047
2026-02-10 16:49:18,537 [trainer.py] => Trainable params: 76900
2026-02-10 16:49:18,537 [sema.py] => Learning on 70-80
2026-02-10 16:50:13,874 [sema_block.py] => Adapter 11.7 added at block 11
2026-02-10 17:01:06,253 [sema.py] => func Task 7, Epoch 5/5 => Loss 0.221, Train_accy 92.43, Test_accy 88.05
2026-02-10 17:44:27,047 [sema.py] => rd Task 7, Epoch 20/20 => Loss 0.514, Train_accy 92.37, Test_accy 88.05
2026-02-10 17:46:44,412 [trainer.py] => No NME accuracy.
2026-02-10 17:46:44,412 [trainer.py] => CNN: {'total': 88.05, '00-09': 89.9, '10-19': 87.4, '20-29': 91.6, '30-39': 88.3, '40-49': 83.5, '50-59': 86.7, '60-69': 90.6, '70-79': 86.4, 'old': 88.29, 'new': 86.4}
2026-02-10 17:46:44,413 [trainer.py] => CNN top1 curve: [98.8, 96.05, 94.57, 93.6, 91.58, 90.18, 90.13, 88.05]
2026-02-10 17:46:44,413 [trainer.py] => CNN top5 curve: [100.0, 99.6, 99.47, 99.38, 99.38, 99.17, 99.1, 98.99]

2026-02-10 17:46:44,413 [trainer.py] => Average Accuracy (CNN): 92.86999999999999 

2026-02-10 17:46:44,414 [trainer.py] => All params: 88570680
2026-02-10 17:46:44,414 [trainer.py] => Trainable params: 76900
2026-02-10 17:46:44,415 [sema.py] => Learning on 80-90
2026-02-10 17:47:08,662 [sema_block.py] => Adapter 11.8 added at block 11
2026-02-10 17:58:33,719 [sema.py] => func Task 8, Epoch 5/5 => Loss 0.198, Train_accy 93.33, Test_accy 87.30
2026-02-10 18:44:02,897 [sema.py] => rd Task 8, Epoch 20/20 => Loss 0.484, Train_accy 93.41, Test_accy 87.30
2026-02-10 18:48:21,643 [trainer.py] => No NME accuracy.
2026-02-10 18:48:21,643 [trainer.py] => CNN: {'total': 87.3, '00-09': 89.1, '10-19': 85.3, '20-29': 90.9, '30-39': 88.2, '40-49': 81.9, '50-59': 86.3, '60-69': 90.1, '70-79': 84.9, '80-89': 89.0, 'old': 87.09, 'new': 89.0}
2026-02-10 18:48:21,644 [trainer.py] => CNN top1 curve: [98.8, 96.05, 94.57, 93.6, 91.58, 90.18, 90.13, 88.05, 87.3]
2026-02-10 18:48:21,644 [trainer.py] => CNN top5 curve: [100.0, 99.6, 99.47, 99.38, 99.38, 99.17, 99.1, 98.99, 98.73]

2026-02-10 18:48:21,644 [trainer.py] => Average Accuracy (CNN): 92.2511111111111 

2026-02-10 18:48:21,645 [trainer.py] => All params: 88794313
2026-02-10 18:48:21,645 [trainer.py] => Trainable params: 76900
2026-02-10 18:48:21,645 [sema.py] => Learning on 90-100
2026-02-10 18:48:46,969 [sema_block.py] => Adapter 11.9 added at block 11
2026-02-10 19:00:51,781 [sema.py] => func Task 9, Epoch 5/5 => Loss 0.220, Train_accy 93.27, Test_accy 86.85
2026-02-10 19:48:51,791 [sema.py] => rd Task 9, Epoch 20/20 => Loss 0.466, Train_accy 92.51, Test_accy 86.85
2026-02-10 19:53:32,351 [trainer.py] => No NME accuracy.
2026-02-10 19:53:32,352 [trainer.py] => CNN: {'total': 86.85, '00-09': 87.7, '10-19': 85.1, '20-29': 90.4, '30-39': 87.8, '40-49': 80.8, '50-59': 85.9, '60-69': 89.1, '70-79': 84.4, '80-89': 88.5, '90-99': 88.8, 'old': 86.63, 'new': 88.8}
2026-02-10 19:53:32,352 [trainer.py] => CNN top1 curve: [98.8, 96.05, 94.57, 93.6, 91.58, 90.18, 90.13, 88.05, 87.3, 86.85]
2026-02-10 19:53:32,352 [trainer.py] => CNN top5 curve: [100.0, 99.6, 99.47, 99.38, 99.38, 99.17, 99.1, 98.99, 98.73, 98.48]

2026-02-10 19:53:32,353 [trainer.py] => Average Accuracy (CNN): 91.71099999999998 

