2026-02-09 15:33:52,305 [trainer.py] => config: exps/sema_inr_20tasks.json
2026-02-09 15:33:52,306 [trainer.py] => eval: False
2026-02-09 15:33:52,306 [trainer.py] => prefix: reproduce
2026-02-09 15:33:52,307 [trainer.py] => dataset: imagenetr
2026-02-09 15:33:52,308 [trainer.py] => memory_size: 0
2026-02-09 15:33:52,308 [trainer.py] => memory_per_class: 0
2026-02-09 15:33:52,308 [trainer.py] => fixed_memory: False
2026-02-09 15:33:52,309 [trainer.py] => shuffle: True
2026-02-09 15:33:52,309 [trainer.py] => init_cls: 10
2026-02-09 15:33:52,309 [trainer.py] => increment: 10
2026-02-09 15:33:52,309 [trainer.py] => model_name: sema
2026-02-09 15:33:52,310 [trainer.py] => backbone_type: pretrained_vit_b16_224_adapter
2026-02-09 15:33:52,311 [trainer.py] => device: [device(type='cuda', index=0)]
2026-02-09 15:33:52,312 [trainer.py] => seed: 1993
2026-02-09 15:33:52,313 [trainer.py] => batch_size: 32
2026-02-09 15:33:52,314 [trainer.py] => weight_decay: 0.0005
2026-02-09 15:33:52,315 [trainer.py] => min_lr: 0
2026-02-09 15:33:52,315 [trainer.py] => ffn_adapter_type: adaptmlp
2026-02-09 15:33:52,315 [trainer.py] => ffn_num: 16
2026-02-09 15:33:52,315 [trainer.py] => optimizer: sgd
2026-02-09 15:33:52,316 [trainer.py] => vpt_type: shallow
2026-02-09 15:33:52,317 [trainer.py] => prompt_token_num: 5
2026-02-09 15:33:52,317 [trainer.py] => func_epoch: 20
2026-02-09 15:33:52,318 [trainer.py] => rd_epoch: 20
2026-02-09 15:33:52,319 [trainer.py] => init_lr: 0.005
2026-02-09 15:33:52,320 [trainer.py] => rd_lr: 0.01
2026-02-09 15:33:52,321 [trainer.py] => rd_dim: 128
2026-02-09 15:33:52,322 [trainer.py] => buffer_size: 500
2026-02-09 15:33:52,322 [trainer.py] => detect_batch_size: 128
2026-02-09 15:33:52,323 [trainer.py] => exp_threshold: 2
2026-02-09 15:33:52,324 [trainer.py] => adapt_start_layer: 9
2026-02-09 15:33:52,325 [trainer.py] => adapt_end_layer: 11
2026-02-09 15:33:52,156 [data_manager.py] => [168, 136, 51, 9, 183, 101, 171, 99, 42, 159, 191, 70, 16, 188, 27, 10, 175, 26, 68, 187, 98, 6, 85, 35, 112, 43, 100, 0, 103, 181, 88, 59, 4, 2, 116, 174, 94, 80, 106, 1, 147, 17, 141, 131, 72, 23, 173, 54, 197, 118, 87, 32, 79, 104, 91, 19, 135, 107, 178, 36, 11, 199, 142, 8, 122, 3, 28, 57, 153, 172, 190, 56, 49, 44, 97, 62, 151, 169, 194, 55, 192, 12, 189, 78, 66, 180, 15, 137, 109, 134, 92, 119, 126, 52, 170, 40, 148, 65, 144, 64, 138, 45, 77, 89, 154, 90, 71, 193, 74, 30, 113, 143, 96, 84, 67, 50, 186, 156, 69, 21, 18, 111, 108, 58, 125, 157, 150, 110, 182, 129, 166, 83, 81, 60, 13, 165, 14, 176, 63, 117, 5, 22, 145, 121, 38, 41, 82, 127, 114, 20, 31, 53, 37, 163, 196, 130, 152, 162, 86, 76, 24, 34, 184, 149, 33, 128, 198, 155, 146, 167, 139, 120, 140, 102, 47, 25, 158, 123, 46, 164, 61, 7, 115, 75, 133, 160, 105, 132, 179, 124, 48, 73, 93, 39, 95, 195, 29, 177, 185, 161]
2026-02-09 15:33:52,585 [sema_block.py] => Adapter 0.0 added at block 0
2026-02-09 15:33:52,604 [sema_block.py] => Adapter 1.0 added at block 1
2026-02-09 15:33:52,623 [sema_block.py] => Adapter 2.0 added at block 2
2026-02-09 15:33:52,642 [sema_block.py] => Adapter 3.0 added at block 3
2026-02-09 15:33:52,661 [sema_block.py] => Adapter 4.0 added at block 4
2026-02-09 15:33:52,685 [sema_block.py] => Adapter 5.0 added at block 5
2026-02-09 15:33:52,704 [sema_block.py] => Adapter 6.0 added at block 6
2026-02-09 15:33:52,727 [sema_block.py] => Adapter 7.0 added at block 7
2026-02-09 15:33:52,747 [sema_block.py] => Adapter 8.0 added at block 8
2026-02-09 15:33:52,773 [sema_block.py] => Adapter 9.0 added at block 9
2026-02-09 15:33:52,791 [sema_block.py] => Adapter 10.0 added at block 10
2026-02-09 15:33:52,818 [sema_block.py] => Adapter 11.0 added at block 11
2026-02-09 15:33:52,686 [_builder.py] => Loading pretrained weights from Hugging Face hub (timm/vit_base_patch16_224.augreg2_in21k_ft_in1k)
2026-02-09 15:33:53,362 [_client.py] => HTTP Request: HEAD https://huggingface.co/timm/vit_base_patch16_224.augreg2_in21k_ft_in1k/resolve/main/model.safetensors "HTTP/1.1 302 Found"
2026-02-09 15:33:53,366 [_hub.py] => [timm/vit_base_patch16_224.augreg2_in21k_ft_in1k] Safe alternative available for 'pytorch_model.bin' (as 'model.safetensors'). Loading weights using safetensors.
2026-02-09 15:33:53,738 [trainer.py] => All params: 86704716
2026-02-09 15:33:53,739 [trainer.py] => Trainable params: 906060
2026-02-09 15:33:53,740 [sema.py] => Learning on 0-10
2026-02-09 16:00:26,294 [sema.py] => func Task 0, Epoch 20/20 => Loss 0.145, Train_accy 94.96, Test_accy 96.85
2026-02-09 16:33:38,360 [sema.py] => rd Task 0, Epoch 20/20 => Loss 0.992, Train_accy 94.49, Test_accy 96.85
2026-02-09 16:34:06,519 [trainer.py] => No NME accuracy.
2026-02-09 16:34:06,519 [trainer.py] => CNN: {'total': 96.85, '00-09': 96.85, 'old': 0, 'new': 96.85}
2026-02-09 16:34:06,519 [trainer.py] => CNN top1 curve: [96.85]
2026-02-09 16:34:06,520 [trainer.py] => CNN top5 curve: [100.0]

2026-02-09 16:34:06,520 [trainer.py] => Average Accuracy (CNN): 96.85 

2026-02-09 16:34:06,521 [trainer.py] => All params: 86858516
2026-02-09 16:34:06,522 [trainer.py] => Trainable params: 153800
2026-02-09 16:34:06,523 [sema.py] => Learning on 10-20
2026-02-09 17:00:29,672 [sema.py] => func Task 1, Epoch 20/20 => Loss 0.135, Train_accy 95.51, Test_accy 92.74
2026-02-09 17:01:22,867 [trainer.py] => No NME accuracy.
2026-02-09 17:01:22,867 [trainer.py] => CNN: {'total': 92.74, '00-09': 94.01, '10-19': 91.67, 'old': 94.01, 'new': 91.67}
2026-02-09 17:01:22,867 [trainer.py] => CNN top1 curve: [96.85, 92.74]
2026-02-09 17:01:22,868 [trainer.py] => CNN top5 curve: [100.0, 99.13]

2026-02-09 17:01:22,868 [trainer.py] => Average Accuracy (CNN): 94.79499999999999 

2026-02-09 17:01:22,869 [trainer.py] => All params: 86858516
2026-02-09 17:01:22,870 [trainer.py] => Trainable params: 153800
2026-02-09 17:01:22,871 [sema.py] => Learning on 20-30
2026-02-09 17:24:37,865 [sema.py] => func Task 2, Epoch 20/20 => Loss 0.159, Train_accy 95.25, Test_accy 90.39
2026-02-09 17:25:36,117 [trainer.py] => No NME accuracy.
2026-02-09 17:25:36,117 [trainer.py] => CNN: {'total': 90.39, '00-09': 91.48, '10-19': 91.67, '20-29': 87.67, 'old': 91.58, 'new': 87.67}
2026-02-09 17:25:36,117 [trainer.py] => CNN top1 curve: [96.85, 92.74, 90.39]
2026-02-09 17:25:36,118 [trainer.py] => CNN top5 curve: [100.0, 99.13, 97.98]

2026-02-09 17:25:36,118 [trainer.py] => Average Accuracy (CNN): 93.32666666666667 

2026-02-09 17:25:36,119 [trainer.py] => All params: 86858516
2026-02-09 17:25:36,120 [trainer.py] => Trainable params: 153800
2026-02-09 17:25:36,121 [sema.py] => Learning on 30-40
2026-02-09 18:08:29,587 [sema.py] => func Task 3, Epoch 20/20 => Loss 0.157, Train_accy 94.63, Test_accy 86.03
2026-02-09 18:09:05,439 [trainer.py] => No NME accuracy.
2026-02-09 18:09:05,439 [trainer.py] => CNN: {'total': 86.03, '00-09': 87.13, '10-19': 87.66, '20-29': 81.84, '30-39': 86.95, 'old': 85.54, 'new': 86.95}
2026-02-09 18:09:05,439 [trainer.py] => CNN top1 curve: [96.85, 92.74, 90.39, 86.03]
2026-02-09 18:09:05,440 [trainer.py] => CNN top5 curve: [100.0, 99.13, 97.98, 97.35]

2026-02-09 18:09:05,440 [trainer.py] => Average Accuracy (CNN): 91.5025 

2026-02-09 18:09:05,441 [trainer.py] => All params: 86858516
2026-02-09 18:09:05,442 [trainer.py] => Trainable params: 153800
2026-02-09 18:09:05,443 [sema.py] => Learning on 40-50
2026-02-09 18:54:26,997 [sema.py] => func Task 4, Epoch 20/20 => Loss 0.185, Train_accy 94.55, Test_accy 85.32
2026-02-09 18:55:40,636 [trainer.py] => No NME accuracy.
2026-02-09 18:55:40,636 [trainer.py] => CNN: {'total': 85.32, '00-09': 85.72, '10-19': 87.12, '20-29': 82.49, '30-39': 87.11, '40-49': 83.54, 'old': 85.61, 'new': 83.54}
2026-02-09 18:55:40,636 [trainer.py] => CNN top1 curve: [96.85, 92.74, 90.39, 86.03, 85.32]
2026-02-09 18:55:40,637 [trainer.py] => CNN top5 curve: [100.0, 99.13, 97.98, 97.35, 96.43]

2026-02-09 18:55:40,637 [trainer.py] => Average Accuracy (CNN): 90.26599999999999 

2026-02-09 18:55:40,638 [trainer.py] => All params: 86858516
2026-02-09 18:55:40,639 [trainer.py] => Trainable params: 153800
2026-02-09 18:55:40,640 [sema.py] => Learning on 50-60
2026-02-09 19:34:04,658 [sema.py] => func Task 5, Epoch 20/20 => Loss 0.195, Train_accy 93.72, Test_accy 84.61
2026-02-09 19:35:03,623 [trainer.py] => No NME accuracy.
2026-02-09 19:35:03,623 [trainer.py] => CNN: {'total': 84.61, '00-09': 86.39, '10-19': 87.07, '20-29': 80.16, '30-39': 86.62, '40-49': 83.85, '50-59': 82.66, 'old': 84.82, 'new': 82.66}
2026-02-09 19:35:03,623 [trainer.py] => CNN top1 curve: [96.85, 92.74, 90.39, 86.03, 85.32, 84.61]
2026-02-09 19:35:03,624 [trainer.py] => CNN top5 curve: [100.0, 99.13, 97.98, 97.35, 96.43, 95.74]

2026-02-09 19:35:03,624 [trainer.py] => Average Accuracy (CNN): 89.32333333333332 

2026-02-09 19:35:03,625 [trainer.py] => All params: 86858516
2026-02-09 19:35:03,626 [trainer.py] => Trainable params: 153800
2026-02-09 19:35:03,627 [sema.py] => Learning on 60-70
2026-02-09 19:36:00,849 [sema_block.py] => Adapter 11.1 added at block 11
2026-02-09 20:16:48,029 [sema.py] => func Task 6, Epoch 20/20 => Loss 0.207, Train_accy 93.63, Test_accy 83.89
2026-02-09 20:40:46,719 [sema.py] => rd Task 6, Epoch 20/20 => Loss 0.695, Train_accy 92.38, Test_accy 83.89
2026-02-09 20:42:00,943 [trainer.py] => No NME accuracy.
2026-02-09 20:42:00,943 [trainer.py] => CNN: {'total': 83.89, '00-09': 84.62, '10-19': 87.38, '20-29': 81.1, '30-39': 85.3, '40-49': 83.53, '50-59': 83.64, '60-69': 80.64, 'old': 84.26, 'new': 80.64}
2026-02-09 20:42:00,943 [trainer.py] => CNN top1 curve: [96.85, 92.74, 90.39, 86.03, 85.32, 84.61, 83.89]
2026-02-09 20:42:00,944 [trainer.py] => CNN top5 curve: [100.0, 99.13, 97.98, 97.35, 96.43, 95.74, 94.92]

2026-02-09 20:42:00,944 [trainer.py] => Average Accuracy (CNN): 88.54714285714284 

2026-02-09 20:42:00,945 [trainer.py] => All params: 87082149
2026-02-09 20:42:00,946 [trainer.py] => Trainable params: 153800
2026-02-09 20:42:00,947 [sema.py] => Learning on 70-80
2026-02-09 21:12:11,006 [sema.py] => func Task 7, Epoch 20/20 => Loss 0.156, Train_accy 95.58, Test_accy 83.18
2026-02-09 21:12:44,146 [trainer.py] => No NME accuracy.
2026-02-09 21:12:44,146 [trainer.py] => CNN: {'total': 83.18, '00-09': 83.82, '10-19': 87.54, '20-29': 79.91, '30-39': 85.15, '40-49': 81.7, '50-59': 82.48, '60-69': 80.11, '70-79': 83.43, 'old': 82.96, 'new': 83.43}
2026-02-09 21:12:44,146 [trainer.py] => CNN top1 curve: [96.85, 92.74, 90.39, 86.03, 85.32, 84.61, 83.89, 83.18]
2026-02-09 21:12:44,147 [trainer.py] => CNN top5 curve: [100.0, 99.13, 97.98, 97.35, 96.43, 95.74, 94.92, 94.52]

2026-02-09 21:12:44,147 [trainer.py] => Average Accuracy (CNN): 87.87625 

2026-02-09 21:12:44,148 [trainer.py] => All params: 87082149
2026-02-09 21:12:44,149 [trainer.py] => Trainable params: 153800
2026-02-09 21:12:44,150 [sema.py] => Learning on 80-90
2026-02-09 21:49:43,410 [sema.py] => func Task 8, Epoch 20/20 => Loss 0.192, Train_accy 93.71, Test_accy 82.47
2026-02-09 21:50:08,758 [trainer.py] => No NME accuracy.
2026-02-09 21:50:08,758 [trainer.py] => CNN: {'total': 82.47, '00-09': 83.65, '10-19': 87.0, '20-29': 79.31, '30-39': 85.33, '40-49': 79.46, '50-59': 81.58, '60-69': 79.84, '70-79': 83.1, '80-89': 81.63, 'old': 82.41, 'new': 81.63}
2026-02-09 21:50:08,758 [trainer.py] => CNN top1 curve: [96.85, 92.74, 90.39, 86.03, 85.32, 84.61, 83.89, 83.18, 82.47]
2026-02-09 21:50:08,759 [trainer.py] => CNN top5 curve: [100.0, 99.13, 97.98, 97.35, 96.43, 95.74, 94.92, 94.52, 93.98]

2026-02-09 21:50:08,759 [trainer.py] => Average Accuracy (CNN): 87.27555555555556 

2026-02-09 21:50:08,760 [trainer.py] => All params: 87082149
2026-02-09 21:50:08,761 [trainer.py] => Trainable params: 153800
2026-02-09 21:50:08,762 [sema.py] => Learning on 90-100
2026-02-09 22:29:08,031 [sema.py] => func Task 9, Epoch 20/20 => Loss 0.176, Train_accy 94.47, Test_accy 81.76
2026-02-09 22:29:34,543 [trainer.py] => No NME accuracy.
2026-02-09 22:29:34,543 [trainer.py] => CNN: {'total': 81.76, '00-09': 81.21, '10-19': 86.37, '20-29': 79.05, '30-39': 85.18, '40-49': 77.19, '50-59': 81.68, '60-69': 79.58, '70-79': 81.68, '80-89': 81.08, '90-99': 84.17, 'old': 81.45, 'new': 84.17}
2026-02-09 22:29:34,543 [trainer.py] => CNN top1 curve: [96.85, 92.74, 90.39, 86.03, 85.32, 84.61, 83.89, 83.18, 82.47, 81.76]
2026-02-09 22:29:34,544 [trainer.py] => CNN top5 curve: [100.0, 99.13, 97.98, 97.35, 96.43, 95.74, 94.92, 94.52, 93.98, 93.4]

2026-02-09 22:29:34,544 [trainer.py] => Average Accuracy (CNN): 86.724 

2026-02-09 22:29:34,545 [trainer.py] => All params: 87082149
2026-02-09 22:29:34,546 [trainer.py] => Trainable params: 153800
2026-02-09 22:29:34,547 [sema.py] => Learning on 100-110
2026-02-09 22:56:02,429 [sema.py] => func Task 10, Epoch 20/20 => Loss 0.159, Train_accy 95.21, Test_accy 81.04
2026-02-09 22:56:53,161 [trainer.py] => No NME accuracy.
2026-02-09 22:56:53,161 [trainer.py] => CNN: {'total': 81.04, '00-09': 77.77, '10-19': 85.83, '20-29': 77.8, '30-39': 84.29, '40-49': 76.61, '50-59': 80.76, '60-69': 78.66, '70-79': 78.09, '80-89': 80.83, '90-99': 83.91, '100-109': 86.81, 'old': 80.45, 'new': 86.81}
2026-02-09 22:56:53,161 [trainer.py] => CNN top1 curve: [96.85, 92.74, 90.39, 86.03, 85.32, 84.61, 83.89, 83.18, 82.47, 81.76, 81.04]
2026-02-09 22:56:53,162 [trainer.py] => CNN top5 curve: [100.0, 99.13, 97.98, 97.35, 96.43, 95.74, 94.92, 94.52, 93.98, 93.4, 93.24]

2026-02-09 22:56:53,162 [trainer.py] => Average Accuracy (CNN): 86.20727272727272 

2026-02-09 22:56:53,163 [trainer.py] => All params: 87082149
2026-02-09 22:56:53,164 [trainer.py] => Trainable params: 153800
2026-02-09 22:56:53,165 [sema.py] => Learning on 110-120
2026-02-09 23:27:59,738 [sema.py] => func Task 11, Epoch 20/20 => Loss 0.141, Train_accy 95.99, Test_accy 80.33
2026-02-09 23:28:42,964 [trainer.py] => No NME accuracy.
2026-02-09 23:28:42,964 [trainer.py] => CNN: {'total': 80.33, '00-09': 76.06, '10-19': 82.31, '20-29': 75.62, '30-39': 83.35, '40-49': 76.47, '50-59': 80.66, '60-69': 78.18, '70-79': 77.89, '80-89': 80.73, '90-99': 82.77, '100-109': 86.33, '110-119': 83.33, 'old': 80.03, 'new': 83.33}
2026-02-09 23:28:42,964 [trainer.py] => CNN top1 curve: [96.85, 92.74, 90.39, 86.03, 85.32, 84.61, 83.89, 83.18, 82.47, 81.76, 81.04, 80.33]
2026-02-09 23:28:42,965 [trainer.py] => CNN top5 curve: [100.0, 99.13, 97.98, 97.35, 96.43, 95.74, 94.92, 94.52, 93.98, 93.4, 93.24, 92.84]

2026-02-09 23:28:42,965 [trainer.py] => Average Accuracy (CNN): 85.71749999999999 

2026-02-09 23:28:42,966 [trainer.py] => All params: 87082149
2026-02-09 23:28:42,967 [trainer.py] => Trainable params: 153800
2026-02-09 23:28:42,968 [sema.py] => Learning on 120-130
2026-02-10 00:05:44,086 [sema.py] => func Task 12, Epoch 20/20 => Loss 0.150, Train_accy 95.66, Test_accy 79.62
2026-02-10 00:07:06,159 [trainer.py] => No NME accuracy.
2026-02-10 00:07:06,159 [trainer.py] => CNN: {'total': 79.62, '00-09': 75.64, '10-19': 80.56, '20-29': 74.85, '30-39': 82.93, '40-49': 75.69, '50-59': 80.21, '60-69': 77.73, '70-79': 77.78, '80-89': 80.62, '90-99': 80.93, '100-109': 85.86, '110-119': 82.68, '120-129': 79.1, 'old': 79.62, 'new': 79.1}
2026-02-10 00:07:06,159 [trainer.py] => CNN top1 curve: [96.85, 92.74, 90.39, 86.03, 85.32, 84.61, 83.89, 83.18, 82.47, 81.76, 81.04, 80.33, 79.62]
2026-02-10 00:07:06,160 [trainer.py] => CNN top5 curve: [100.0, 99.13, 97.98, 97.35, 96.43, 95.74, 94.92, 94.52, 93.98, 93.4, 93.24, 92.84, 92.36]

2026-02-10 00:07:06,160 [trainer.py] => Average Accuracy (CNN): 85.24846153846154 

2026-02-10 00:07:06,161 [trainer.py] => All params: 87082149
2026-02-10 00:07:06,162 [trainer.py] => Trainable params: 153800
2026-02-10 00:07:06,163 [sema.py] => Learning on 130-140
2026-02-10 00:07:28,632 [sema_block.py] => Adapter 9.1 added at block 9
2026-02-10 00:28:57,083 [sema.py] => func Task 13, Epoch 20/20 => Loss 0.160, Train_accy 95.33, Test_accy 78.91
2026-02-10 00:54:56,677 [sema.py] => rd Task 13, Epoch 20/20 => Loss 0.104, Train_accy 96.11, Test_accy 78.91
2026-02-10 00:55:46,621 [trainer.py] => No NME accuracy.
2026-02-10 00:55:46,621 [trainer.py] => CNN: {'total': 78.91, '00-09': 74.83, '10-19': 79.51, '20-29': 74.37, '30-39': 82.1, '40-49': 74.21, '50-59': 79.7, '60-69': 76.89, '70-79': 76.54, '80-89': 79.78, '90-99': 79.27, '100-109': 85.31, '110-119': 82.15, '120-129': 78.6, '130-139': 80.63, 'old': 78.71, 'new': 80.63}
2026-02-10 00:55:46,621 [trainer.py] => CNN top1 curve: [96.85, 92.74, 90.39, 86.03, 85.32, 84.61, 83.89, 83.18, 82.47, 81.76, 81.04, 80.33, 79.62, 78.91]
2026-02-10 00:55:46,622 [trainer.py] => CNN top5 curve: [100.0, 99.13, 97.98, 97.35, 96.43, 95.74, 94.92, 94.52, 93.98, 93.4, 93.24, 92.84, 92.36, 91.81]

2026-02-10 00:55:46,622 [trainer.py] => Average Accuracy (CNN): 84.7957142857143 

2026-02-10 00:55:46,623 [trainer.py] => All params: 87305782
2026-02-10 00:55:46,624 [trainer.py] => Trainable params: 153800
2026-02-10 00:55:46,625 [sema.py] => Learning on 140-150
2026-02-10 01:29:02,279 [sema.py] => func Task 14, Epoch 20/20 => Loss 0.125, Train_accy 96.04, Test_accy 78.19
2026-02-10 01:29:37,524 [trainer.py] => No NME accuracy.
2026-02-10 01:29:37,524 [trainer.py] => CNN: {'total': 78.19, '00-09': 70.6, '10-19': 78.05, '20-29': 72.25, '30-39': 80.47, '40-49': 73.11, '50-59': 78.93, '60-69': 74.76, '70-79': 76.44, '80-89': 79.03, '90-99': 78.03, '100-109': 84.83, '110-119': 80.7, '120-129': 77.0, '130-139': 80.18, '140-149': 86.25, 'old': 77.46, 'new': 86.25}
2026-02-10 01:29:37,524 [trainer.py] => CNN top1 curve: [96.85, 92.74, 90.39, 86.03, 85.32, 84.61, 83.89, 83.18, 82.47, 81.76, 81.04, 80.33, 79.62, 78.91, 78.19]
2026-02-10 01:29:37,525 [trainer.py] => CNN top5 curve: [100.0, 99.13, 97.98, 97.35, 96.43, 95.74, 94.92, 94.52, 93.98, 93.4, 93.24, 92.84, 92.36, 91.81, 91.77]

2026-02-10 01:29:37,525 [trainer.py] => Average Accuracy (CNN): 84.35533333333333 

2026-02-10 01:29:37,526 [trainer.py] => All params: 87305782
2026-02-10 01:29:37,527 [trainer.py] => Trainable params: 153800
2026-02-10 01:29:37,528 [sema.py] => Learning on 150-160
2026-02-10 01:53:02,440 [sema.py] => func Task 15, Epoch 20/20 => Loss 0.161, Train_accy 94.79, Test_accy 77.48
2026-02-10 01:53:30,694 [trainer.py] => No NME accuracy.
2026-02-10 01:53:30,694 [trainer.py] => CNN: {'total': 77.48, '00-09': 68.89, '10-19': 77.38, '20-29': 71.46, '30-39': 79.43, '40-49': 72.32, '50-59': 78.13, '60-69': 74.31, '70-79': 76.31, '80-89': 78.24, '90-99': 77.9, '100-109': 83.64, '110-119': 78.97, '120-129': 75.77, '130-139': 80.05, '140-149': 85.84, '150-159': 78.96, 'old': 77.24, 'new': 78.96}
2026-02-10 01:53:30,694 [trainer.py] => CNN top1 curve: [96.85, 92.74, 90.39, 86.03, 85.32, 84.61, 83.89, 83.18, 82.47, 81.76, 81.04, 80.33, 79.62, 78.91, 78.19, 77.48]
2026-02-10 01:53:30,695 [trainer.py] => CNN top5 curve: [100.0, 99.13, 97.98, 97.35, 96.43, 95.74, 94.92, 94.52, 93.98, 93.4, 93.24, 92.84, 92.36, 91.81, 91.77, 91.32]

2026-02-10 01:53:30,695 [trainer.py] => Average Accuracy (CNN): 83.925625 

2026-02-10 01:53:30,696 [trainer.py] => All params: 87305782
2026-02-10 01:53:30,697 [trainer.py] => Trainable params: 153800
2026-02-10 01:53:30,698 [sema.py] => Learning on 160-170
2026-02-10 02:33:51,498 [sema.py] => func Task 16, Epoch 20/20 => Loss 0.236, Train_accy 92.05, Test_accy 76.77
2026-02-10 02:34:48,315 [trainer.py] => No NME accuracy.
2026-02-10 02:34:48,315 [trainer.py] => CNN: {'total': 76.77, '00-09': 67.77, '10-19': 77.63, '20-29': 71.61, '30-39': 79.66, '40-49': 69.79, '50-59': 77.66, '60-69': 73.79, '70-79': 76.09, '80-89': 77.79, '90-99': 78.43, '100-109': 83.85, '110-119': 78.7, '120-129': 75.53, '130-139': 79.91, '140-149': 85.87, '150-159': 78.94, '160-169': 67.85, 'old': 77.06, 'new': 67.85}
2026-02-10 02:34:48,315 [trainer.py] => CNN top1 curve: [96.85, 92.74, 90.39, 86.03, 85.32, 84.61, 83.89, 83.18, 82.47, 81.76, 81.04, 80.33, 79.62, 78.91, 78.19, 77.48, 76.77]
2026-02-10 02:34:48,316 [trainer.py] => CNN top5 curve: [100.0, 99.13, 97.98, 97.35, 96.43, 95.74, 94.92, 94.52, 93.98, 93.4, 93.24, 92.84, 92.36, 91.81, 91.77, 91.32, 90.68]

2026-02-10 02:34:48,316 [trainer.py] => Average Accuracy (CNN): 83.50470588235294 

2026-02-10 02:34:48,317 [trainer.py] => All params: 87305782
2026-02-10 02:34:48,318 [trainer.py] => Trainable params: 153800
2026-02-10 02:34:48,319 [sema.py] => Learning on 170-180
2026-02-10 02:35:05,404 [sema_block.py] => Adapter 11.2 added at block 11
2026-02-10 03:24:37,056 [sema.py] => func Task 17, Epoch 20/20 => Loss 0.138, Train_accy 95.70, Test_accy 76.06
2026-02-10 03:44:47,308 [sema.py] => rd Task 17, Epoch 20/20 => Loss 0.690, Train_accy 95.91, Test_accy 76.06
2026-02-10 03:46:13,785 [trainer.py] => No NME accuracy.
2026-02-10 03:46:13,785 [trainer.py] => CNN: {'total': 76.06, '00-09': 66.67, '10-19': 75.67, '20-29': 70.79, '30-39': 78.44, '40-49': 68.33, '50-59': 76.45, '60-69': 72.27, '70-79': 74.86, '80-89': 76.9, '90-99': 77.53, '100-109': 82.89, '110-119': 77.52, '120-129': 74.3, '130-139': 79.0, '140-149': 84.89, '150-159': 78.03, '160-169': 66.63, '170-179': 85.63, 'old': 75.36, 'new': 85.63}
2026-02-10 03:46:13,785 [trainer.py] => CNN top1 curve: [96.85, 92.74, 90.39, 86.03, 85.32, 84.61, 83.89, 83.18, 82.47, 81.76, 81.04, 80.33, 79.62, 78.91, 78.19, 77.48, 76.77, 76.06]
2026-02-10 03:46:13,786 [trainer.py] => CNN top5 curve: [100.0, 99.13, 97.98, 97.35, 96.43, 95.74, 94.92, 94.52, 93.98, 93.4, 93.24, 92.84, 92.36, 91.81, 91.77, 91.32, 90.68, 90.56]

2026-02-10 03:46:13,786 [trainer.py] => Average Accuracy (CNN): 83.09111111111112 

2026-02-10 03:46:13,787 [trainer.py] => All params: 87529415
2026-02-10 03:46:13,788 [trainer.py] => Trainable params: 153800
2026-02-10 03:46:13,789 [sema.py] => Learning on 180-190
2026-02-10 04:10:20,261 [sema.py] => func Task 18, Epoch 20/20 => Loss 0.160, Train_accy 95.01, Test_accy 75.34
2026-02-10 04:11:00,122 [trainer.py] => No NME accuracy.
2026-02-10 04:11:00,122 [trainer.py] => CNN: {'total': 75.34, '00-09': 66.64, '10-19': 74.28, '20-29': 69.41, '30-39': 77.8, '40-49': 67.63, '50-59': 74.43, '60-69': 71.9, '70-79': 74.08, '80-89': 75.9, '90-99': 76.36, '100-109': 81.79, '110-119': 75.09, '120-129': 74.26, '130-139': 78.61, '140-149': 84.57, '150-159': 77.71, '160-169': 66.17, '170-179': 85.58, '180-189': 77.36, 'old': 75.12, 'new': 77.36}
2026-02-10 04:11:00,122 [trainer.py] => CNN top1 curve: [96.85, 92.74, 90.39, 86.03, 85.32, 84.61, 83.89, 83.18, 82.47, 81.76, 81.04, 80.33, 79.62, 78.91, 78.19, 77.48, 76.77, 76.06, 75.34]
2026-02-10 04:11:00,123 [trainer.py] => CNN top5 curve: [100.0, 99.13, 97.98, 97.35, 96.43, 95.74, 94.92, 94.52, 93.98, 93.4, 93.24, 92.84, 92.36, 91.81, 91.77, 91.32, 90.68, 90.56, 90.17]

2026-02-10 04:11:00,123 [trainer.py] => Average Accuracy (CNN): 82.68315789473684 

2026-02-10 04:11:00,124 [trainer.py] => All params: 87529415
2026-02-10 04:11:00,125 [trainer.py] => Trainable params: 153800
2026-02-10 04:11:00,126 [sema.py] => Learning on 190-200
2026-02-10 04:31:14,764 [sema.py] => func Task 19, Epoch 20/20 => Loss 0.133, Train_accy 96.01, Test_accy 74.63
2026-02-10 04:32:04,132 [trainer.py] => No NME accuracy.
2026-02-10 04:32:04,132 [trainer.py] => CNN: {'total': 74.63, '00-09': 66.25, '10-19': 70.97, '20-29': 69.33, '30-39': 77.71, '40-49': 65.23, '50-59': 73.68, '60-69': 71.81, '70-79': 73.63, '80-89': 74.52, '90-99': 76.27, '100-109': 80.99, '110-119': 74.47, '120-129': 70.85, '130-139': 77.52, '140-149': 83.65, '150-159': 76.24, '160-169': 65.65, '170-179': 85.48, '180-189': 76.62, '190-199': 81.55, 'old': 74.31, 'new': 81.55}
2026-02-10 04:32:04,132 [trainer.py] => CNN top1 curve: [96.85, 92.74, 90.39, 86.03, 85.32, 84.61, 83.89, 83.18, 82.47, 81.76, 81.04, 80.33, 79.62, 78.91, 78.19, 77.48, 76.77, 76.06, 75.34, 74.63]
2026-02-10 04:32:04,133 [trainer.py] => CNN top5 curve: [100.0, 99.13, 97.98, 97.35, 96.43, 95.74, 94.92, 94.52, 93.98, 93.4, 93.24, 92.84, 92.36, 91.81, 91.77, 91.32, 90.68, 90.56, 90.17, 89.78]

2026-02-10 04:32:04,133 [trainer.py] => Average Accuracy (CNN): 82.28049999999999 

2026-02-10 04:32:04,134 [trainer.py] => All params: 87529415
2026-02-10 04:32:04,135 [trainer.py] => Trainable params: 153800
