2026-02-11 08:42:17,318 [trainer.py] => config: exps/sema_inr_5task.json
2026-02-11 08:42:17,318 [trainer.py] => eval: False
2026-02-11 08:42:17,319 [trainer.py] => prefix: reproduce
2026-02-11 08:42:17,319 [trainer.py] => dataset: imagenetr
2026-02-11 08:42:17,319 [trainer.py] => memory_size: 0
2026-02-11 08:42:17,320 [trainer.py] => memory_per_class: 0
2026-02-11 08:42:17,320 [trainer.py] => fixed_memory: False
2026-02-11 08:42:17,320 [trainer.py] => shuffle: True
2026-02-11 08:42:17,321 [trainer.py] => init_cls: 40
2026-02-11 08:42:17,321 [trainer.py] => increment: 40
2026-02-11 08:42:17,321 [trainer.py] => model_name: sema
2026-02-11 08:42:17,321 [trainer.py] => backbone_type: pretrained_vit_b16_224_adapter
2026-02-11 08:42:17,322 [trainer.py] => device: [device(type='cuda', index=0)]
2026-02-11 08:42:17,322 [trainer.py] => seed: 1993
2026-02-11 08:42:17,322 [trainer.py] => batch_size: 32
2026-02-11 08:42:17,322 [trainer.py] => weight_decay: 0.0005
2026-02-11 08:42:17,323 [trainer.py] => min_lr: 0
2026-02-11 08:42:17,323 [trainer.py] => ffn_adapter_type: adaptmlp
2026-02-11 08:42:17,323 [trainer.py] => ffn_num: 16
2026-02-11 08:42:17,323 [trainer.py] => optimizer: sgd
2026-02-11 08:42:17,324 [trainer.py] => vpt_type: shallow
2026-02-11 08:42:17,324 [trainer.py] => prompt_token_num: 5
2026-02-11 08:42:17,324 [trainer.py] => func_epoch: 20
2026-02-11 08:42:17,324 [trainer.py] => rd_epoch: 20
2026-02-11 08:42:17,325 [trainer.py] => init_lr: 0.005
2026-02-11 08:42:17,325 [trainer.py] => rd_lr: 0.01
2026-02-11 08:42:17,325 [trainer.py] => rd_dim: 128
2026-02-11 08:42:17,325 [trainer.py] => buffer_size: 500
2026-02-11 08:42:17,326 [trainer.py] => detect_batch_size: 128
2026-02-11 08:42:17,326 [trainer.py] => exp_threshold: 2
2026-02-11 08:42:17,326 [trainer.py] => adapt_start_layer: 9
2026-02-11 08:42:17,326 [trainer.py] => adapt_end_layer: 11
2026-02-11 08:42:18,504 [data_manager.py] => [168, 136, 51, 9, 183, 101, 171, 99, 42, 159, 191, 70, 16, 188, 27, 10, 175, 26, 68, 187, 98, 6, 85, 35, 112, 43, 100, 0, 103, 181, 88, 59, 4, 2, 116, 174, 94, 80, 106, 1, 147, 17, 141, 131, 72, 23, 173, 54, 197, 118, 87, 32, 79, 104, 91, 19, 135, 107, 178, 36, 11, 199, 142, 8, 122, 3, 28, 57, 153, 172, 190, 56, 49, 44, 97, 62, 151, 169, 194, 55, 192, 12, 189, 78, 66, 180, 15, 137, 109, 134, 92, 119, 126, 52, 170, 40, 148, 65, 144, 64, 138, 45, 77, 89, 154, 90, 71, 193, 74, 30, 113, 143, 96, 84, 67, 50, 186, 156, 69, 21, 18, 111, 108, 58, 125, 157, 150, 110, 182, 129, 166, 83, 81, 60, 13, 165, 14, 176, 63, 117, 5, 22, 145, 121, 38, 41, 82, 127, 114, 20, 31, 53, 37, 163, 196, 130, 152, 162, 86, 76, 24, 34, 184, 149, 33, 128, 198, 155, 146, 167, 139, 120, 140, 102, 47, 25, 158, 123, 46, 164, 61, 7, 115, 75, 133, 160, 105, 132, 179, 124, 48, 73, 93, 39, 95, 195, 29, 177, 185, 161]
2026-02-11 08:42:21,237 [sema_block.py] => Adapter 0.0 added at block 0
2026-02-11 08:42:21,259 [sema_block.py] => Adapter 1.0 added at block 1
2026-02-11 08:42:21,281 [sema_block.py] => Adapter 2.0 added at block 2
2026-02-11 08:42:21,303 [sema_block.py] => Adapter 3.0 added at block 3
2026-02-11 08:42:21,325 [sema_block.py] => Adapter 4.0 added at block 4
2026-02-11 08:42:21,347 [sema_block.py] => Adapter 5.0 added at block 5
2026-02-11 08:42:21,369 [sema_block.py] => Adapter 6.0 added at block 6
2026-02-11 08:42:21,390 [sema_block.py] => Adapter 7.0 added at block 7
2026-02-11 08:42:21,412 [sema_block.py] => Adapter 8.0 added at block 8
2026-02-11 08:42:21,434 [sema_block.py] => Adapter 9.0 added at block 9
2026-02-11 08:42:21,457 [sema_block.py] => Adapter 10.0 added at block 10
2026-02-11 08:42:21,479 [sema_block.py] => Adapter 11.0 added at block 11
2026-02-11 08:42:22,041 [_builder.py] => Loading pretrained weights from Hugging Face hub (timm/vit_base_patch16_224.augreg2_in21k_ft_in1k)
2026-02-11 08:42:23,182 [_client.py] => HTTP Request: HEAD https://huggingface.co/timm/vit_base_patch16_224.augreg2_in21k_ft_in1k/resolve/main/model.safetensors "HTTP/1.1 302 Found"
2026-02-11 08:42:23,196 [_hub.py] => [timm/vit_base_patch16_224.augreg2_in21k_ft_in1k] Safe alternative available for 'pytorch_model.bin' (as 'model.safetensors'). Loading weights using safetensors.
2026-02-11 08:42:23,418 [trainer.py] => All params: 86704716
2026-02-11 08:42:23,418 [trainer.py] => Trainable params: 906060
2026-02-11 08:42:23,419 [sema.py] => Learning on 0-40
2026-02-11 09:55:37,882 [sema.py] => func Task 0, Epoch 20/20 => Loss 0.302, Train_accy 91.53, Test_accy 92.05
2026-02-11 11:14:12,020 [sema.py] => rd Task 0, Epoch 20/20 => Loss 0.721, Train_accy 92.04, Test_accy 92.05
2026-02-11 11:14:44,339 [trainer.py] => No NME accuracy.
2026-02-11 11:14:44,339 [trainer.py] => CNN: {'total': 92.05, '00-39': 92.05, 'old': 0, 'new': 92.05}
2026-02-11 11:14:44,340 [trainer.py] => CNN top1 curve: [92.05]
2026-02-11 11:14:44,340 [trainer.py] => CNN top5 curve: [98.18]

2026-02-11 11:14:44,340 [trainer.py] => Average Accuracy (CNN): 92.05 

2026-02-11 11:14:44,341 [trainer.py] => All params: 86858516
2026-02-11 11:14:44,342 [trainer.py] => Trainable params: 153800
2026-02-11 11:14:44,342 [sema.py] => Learning on 40-80
2026-02-11 11:15:11,659 [sema_block.py] => Adapter 11.1 added at block 11
2026-02-11 11:46:26,823 [sema.py] => func Task 1, Epoch 20/20 => Loss 0.341, Train_accy 90.87, Test_accy 86.79
2026-02-11 12:17:34,270 [sema.py] => rd Task 1, Epoch 20/20 => Loss 0.496, Train_accy 90.41, Test_accy 86.79
2026-02-11 12:19:33,480 [trainer.py] => No NME accuracy.
2026-02-11 12:19:33,481 [trainer.py] => CNN: {'total': 86.79, '00-39': 88.19, '40-79': 85.22, 'old': 88.19, 'new': 85.22}
2026-02-11 12:19:33,481 [trainer.py] => CNN top1 curve: [92.05, 86.79]
2026-02-11 12:19:33,481 [trainer.py] => CNN top5 curve: [98.18, 96.2]

2026-02-11 12:19:33,482 [trainer.py] => Average Accuracy (CNN): 89.42 

2026-02-11 12:19:33,482 [trainer.py] => All params: 87082149
2026-02-11 12:19:33,483 [trainer.py] => Trainable params: 153800
2026-02-11 12:19:33,483 [sema.py] => Learning on 80-120
2026-02-11 12:54:17,103 [sema.py] => func Task 2, Epoch 20/20 => Loss 0.301, Train_accy 91.38, Test_accy 83.32
2026-02-11 12:55:03,789 [trainer.py] => No NME accuracy.
2026-02-11 12:55:03,790 [trainer.py] => CNN: {'total': 83.32, '00-39': 84.18, '40-79': 80.37, '80-119': 85.35, 'old': 82.39, 'new': 85.35}
2026-02-11 12:55:03,790 [trainer.py] => CNN top1 curve: [92.05, 86.79, 83.32]
2026-02-11 12:55:03,790 [trainer.py] => CNN top5 curve: [98.18, 96.2, 94.68]

2026-02-11 12:55:03,791 [trainer.py] => Average Accuracy (CNN): 87.38666666666666 

2026-02-11 12:55:03,791 [trainer.py] => All params: 87082149
2026-02-11 12:55:03,792 [trainer.py] => Trainable params: 153800
2026-02-11 12:55:03,792 [sema.py] => Learning on 120-160
2026-02-11 13:32:41,463 [sema.py] => func Task 3, Epoch 20/20 => Loss 0.295, Train_accy 91.98, Test_accy 81.43
2026-02-11 13:33:36,509 [trainer.py] => No NME accuracy.
2026-02-11 13:33:36,510 [trainer.py] => CNN: {'total': 81.43, '00-39': 80.92, '40-79': 79.01, '80-119': 82.48, '120-159': 83.2, 'old': 80.8, 'new': 83.2}
2026-02-11 13:33:36,510 [trainer.py] => CNN top1 curve: [92.05, 86.79, 83.32, 81.43]
2026-02-11 13:33:36,510 [trainer.py] => CNN top5 curve: [98.18, 96.2, 94.68, 93.16]

2026-02-11 13:33:36,511 [trainer.py] => Average Accuracy (CNN): 85.8975 

2026-02-11 13:33:36,511 [trainer.py] => All params: 87082149
2026-02-11 13:33:36,512 [trainer.py] => Trainable params: 153800
2026-02-11 13:33:36,512 [sema.py] => Learning on 160-200
2026-02-11 14:11:53,149 [sema.py] => func Task 4, Epoch 20/20 => Loss 0.329, Train_accy 91.18, Test_accy 79.55
2026-02-11 14:12:55,526 [trainer.py] => No NME accuracy.
2026-02-11 14:12:55,527 [trainer.py] => CNN: {'total': 79.55, '00-39': 78.35, '40-79': 76.21, '80-119': 79.6, '120-159': 81.9, '160-199': 81.84, 'old': 79.06, 'new': 81.84}
2026-02-11 14:12:55,527 [trainer.py] => CNN top1 curve: [92.05, 86.79, 83.32, 81.43, 79.55]
2026-02-11 14:12:55,527 [trainer.py] => CNN top5 curve: [98.18, 96.2, 94.68, 93.16, 92.13]

2026-02-11 14:12:55,528 [trainer.py] => Average Accuracy (CNN): 84.628 

