2026-02-12 09:18:05,512 [trainer.py] => config: exps/sema_inr_10task.json
2026-02-12 09:18:05,513 [trainer.py] => eval: False
2026-02-12 09:18:05,513 [trainer.py] => prefix: reproduce
2026-02-12 09:18:05,513 [trainer.py] => dataset: imagenetr
2026-02-12 09:18:05,514 [trainer.py] => memory_size: 0
2026-02-12 09:18:05,514 [trainer.py] => memory_per_class: 0
2026-02-12 09:18:05,514 [trainer.py] => fixed_memory: False
2026-02-12 09:18:05,514 [trainer.py] => shuffle: True
2026-02-12 09:18:05,515 [trainer.py] => init_cls: 20
2026-02-12 09:18:05,515 [trainer.py] => increment: 20
2026-02-12 09:18:05,515 [trainer.py] => model_name: sema
2026-02-12 09:18:05,515 [trainer.py] => backbone_type: pretrained_vit_b16_224_adapter
2026-02-12 09:18:05,516 [trainer.py] => device: [device(type='cuda', index=0)]
2026-02-12 09:18:05,516 [trainer.py] => seed: 1993
2026-02-12 09:18:05,516 [trainer.py] => batch_size: 32
2026-02-12 09:18:05,516 [trainer.py] => weight_decay: 0.0005
2026-02-12 09:18:05,517 [trainer.py] => min_lr: 0
2026-02-12 09:18:05,517 [trainer.py] => ffn_adapter_type: adaptmlp
2026-02-12 09:18:05,517 [trainer.py] => ffn_num: 16
2026-02-12 09:18:05,517 [trainer.py] => optimizer: sgd
2026-02-12 09:18:05,518 [trainer.py] => vpt_type: shallow
2026-02-12 09:18:05,518 [trainer.py] => prompt_token_num: 5
2026-02-12 09:18:05,518 [trainer.py] => func_epoch: 20
2026-02-12 09:18:05,519 [trainer.py] => rd_epoch: 20
2026-02-12 09:18:05,519 [trainer.py] => init_lr: 0.005
2026-02-12 09:18:05,519 [trainer.py] => rd_lr: 0.01
2026-02-12 09:18:05,519 [trainer.py] => rd_dim: 128
2026-02-12 09:18:05,520 [trainer.py] => buffer_size: 500
2026-02-12 09:18:05,520 [trainer.py] => detect_batch_size: 128
2026-02-12 09:18:05,520 [trainer.py] => exp_threshold: 2
2026-02-12 09:18:05,520 [trainer.py] => adapt_start_layer: 9
2026-02-12 09:18:05,521 [trainer.py] => adapt_end_layer: 11
2026-02-12 09:18:06,693 [data_manager.py] => [168, 136, 51, 9, 183, 101, 171, 99, 42, 159, 191, 70, 16, 188, 27, 10, 175, 26, 68, 187, 98, 6, 85, 35, 112, 43, 100, 0, 103, 181, 88, 59, 4, 2, 116, 174, 94, 80, 106, 1, 147, 17, 141, 131, 72, 23, 173, 54, 197, 118, 87, 32, 79, 104, 91, 19, 135, 107, 178, 36, 11, 199, 142, 8, 122, 3, 28, 57, 153, 172, 190, 56, 49, 44, 97, 62, 151, 169, 194, 55, 192, 12, 189, 78, 66, 180, 15, 137, 109, 134, 92, 119, 126, 52, 170, 40, 148, 65, 144, 64, 138, 45, 77, 89, 154, 90, 71, 193, 74, 30, 113, 143, 96, 84, 67, 50, 186, 156, 69, 21, 18, 111, 108, 58, 125, 157, 150, 110, 182, 129, 166, 83, 81, 60, 13, 165, 14, 176, 63, 117, 5, 22, 145, 121, 38, 41, 82, 127, 114, 20, 31, 53, 37, 163, 196, 130, 152, 162, 86, 76, 24, 34, 184, 149, 33, 128, 198, 155, 146, 167, 139, 120, 140, 102, 47, 25, 158, 123, 46, 164, 61, 7, 115, 75, 133, 160, 105, 132, 179, 124, 48, 73, 93, 39, 95, 195, 29, 177, 185, 161]
2026-02-12 09:18:09,341 [sema_block.py] => Adapter 0.0 added at block 0
2026-02-12 09:18:09,363 [sema_block.py] => Adapter 1.0 added at block 1
2026-02-12 09:18:09,385 [sema_block.py] => Adapter 2.0 added at block 2
2026-02-12 09:18:09,407 [sema_block.py] => Adapter 3.0 added at block 3
2026-02-12 09:18:09,430 [sema_block.py] => Adapter 4.0 added at block 4
2026-02-12 09:18:09,452 [sema_block.py] => Adapter 5.0 added at block 5
2026-02-12 09:18:09,474 [sema_block.py] => Adapter 6.0 added at block 6
2026-02-12 09:18:09,496 [sema_block.py] => Adapter 7.0 added at block 7
2026-02-12 09:18:09,518 [sema_block.py] => Adapter 8.0 added at block 8
2026-02-12 09:18:09,541 [sema_block.py] => Adapter 9.0 added at block 9
2026-02-12 09:18:09,563 [sema_block.py] => Adapter 10.0 added at block 10
2026-02-12 09:18:09,585 [sema_block.py] => Adapter 11.0 added at block 11
2026-02-12 09:18:10,148 [_builder.py] => Loading pretrained weights from Hugging Face hub (timm/vit_base_patch16_224.augreg2_in21k_ft_in1k)
2026-02-12 09:18:11,289 [_client.py] => HTTP Request: HEAD https://huggingface.co/timm/vit_base_patch16_224.augreg2_in21k_ft_in1k/resolve/main/model.safetensors "HTTP/1.1 302 Found"
2026-02-12 09:18:11,303 [_hub.py] => [timm/vit_base_patch16_224.augreg2_in21k_ft_in1k] Safe alternative available for 'pytorch_model.bin' (as 'model.safetensors'). Loading weights using safetensors.
2026-02-12 09:18:11,527 [trainer.py] => All params: 86704716
2026-02-12 09:18:11,527 [trainer.py] => Trainable params: 906060
2026-02-12 09:18:11,528 [sema.py] => Learning on 0-20
2026-02-12 10:03:47,639 [sema.py] => func Task 0, Epoch 20/20 => Loss 0.271, Train_accy 92.34, Test_accy 94.34
2026-02-12 10:49:03,816 [sema.py] => rd Task 0, Epoch 20/20 => Loss 0.835, Train_accy 91.87, Test_accy 94.34
2026-02-12 10:49:35,103 [trainer.py] => No NME accuracy.
2026-02-12 10:49:35,103 [trainer.py] => CNN: {'total': 94.34, '00-19': 94.34, 'old': 0, 'new': 94.34}
2026-02-12 10:49:35,104 [trainer.py] => CNN top1 curve: [94.34]
2026-02-12 10:49:35,104 [trainer.py] => CNN top5 curve: [99.27]

2026-02-12 10:49:35,104 [trainer.py] => Average Accuracy (CNN): 94.34 

2026-02-12 10:49:35,105 [trainer.py] => All params: 86858516
2026-02-12 10:49:35,105 [trainer.py] => Trainable params: 153800
2026-02-12 10:49:35,106 [sema.py] => Learning on 20-40
2026-02-12 10:50:02,421 [sema_block.py] => Adapter 11.1 added at block 11
2026-02-12 11:21:17,582 [sema.py] => func Task 1, Epoch 20/20 => Loss 0.318, Train_accy 91.12, Test_accy 90.69
2026-02-12 11:22:12,639 [trainer.py] => No NME accuracy.
2026-02-12 11:22:12,639 [trainer.py] => CNN: {'total': 90.69, '00-19': 91.38, '20-39': 89.92, 'old': 91.38, 'new': 89.92}
2026-02-12 11:22:12,640 [trainer.py] => CNN top1 curve: [94.34, 90.69]
2026-02-12 11:22:12,640 [trainer.py] => CNN top5 curve: [99.27, 97.84]

2026-02-12 11:22:12,640 [trainer.py] => Average Accuracy (CNN): 92.515 

2026-02-12 11:22:12,641 [trainer.py] => All params: 87082149
2026-02-12 11:22:12,641 [trainer.py] => Trainable params: 153800
2026-02-12 11:22:12,642 [sema.py] => Learning on 40-60
2026-02-12 11:56:56,203 [sema.py] => func Task 2, Epoch 20/20 => Loss 0.287, Train_accy 91.68, Test_accy 88.27
2026-02-12 11:57:47,291 [trainer.py] => No NME accuracy.
2026-02-12 11:57:47,292 [trainer.py] => CNN: {'total': 88.27, '00-19': 89.14, '20-39': 86.53, '40-59': 89.03, 'old': 87.84, 'new': 89.03}
2026-02-12 11:57:47,292 [trainer.py] => CNN top1 curve: [94.34, 90.69, 88.27]
2026-02-12 11:57:47,292 [trainer.py] => CNN top5 curve: [99.27, 97.84, 96.71]

2026-02-12 11:57:47,293 [trainer.py] => Average Accuracy (CNN): 91.1 

2026-02-12 11:57:47,293 [trainer.py] => All params: 87082149
2026-02-12 11:57:47,294 [trainer.py] => Trainable params: 153800
2026-02-12 11:57:47,294 [sema.py] => Learning on 60-80
2026-02-12 12:32:31,154 [sema.py] => func Task 3, Epoch 20/20 => Loss 0.281, Train_accy 92.03, Test_accy 85.55
2026-02-12 12:33:27,240 [trainer.py] => No NME accuracy.
2026-02-12 12:33:27,241 [trainer.py] => CNN: {'total': 85.55, '00-19': 86.27, '20-39': 83.04, '40-59': 85.43, '60-79': 87.46, 'old': 84.91, 'new': 87.46}
2026-02-12 12:33:27,241 [trainer.py] => CNN top1 curve: [94.34, 90.69, 88.27, 85.55]
2026-02-12 12:33:27,241 [trainer.py] => CNN top5 curve: [99.27, 97.84, 96.71, 95.38]

2026-02-12 12:33:27,242 [trainer.py] => Average Accuracy (CNN): 89.7125 

2026-02-12 12:33:27,242 [trainer.py] => All params: 87082149
2026-02-12 12:33:27,243 [trainer.py] => Trainable params: 153800
2026-02-12 12:33:27,243 [sema.py] => Learning on 80-100
2026-02-12 13:08:12,347 [sema.py] => func Task 4, Epoch 20/20 => Loss 0.294, Train_accy 91.47, Test_accy 83.55
2026-02-12 13:09:08,432 [trainer.py] => No NME accuracy.
2026-02-12 13:09:08,433 [trainer.py] => CNN: {'total': 83.55, '00-19': 84.12, '20-39': 80.87, '40-59': 82.34, '60-79': 85.13, '80-99': 85.15, 'old': 83.02, 'new': 85.15}
2026-02-12 13:09:08,433 [trainer.py] => CNN top1 curve: [94.34, 90.69, 88.27, 85.55, 83.55]
2026-02-12 13:09:08,433 [trainer.py] => CNN top5 curve: [99.27, 97.84, 96.71, 95.38, 94.26]

2026-02-12 13:09:08,434 [trainer.py] => Average Accuracy (CNN): 88.48 

2026-02-12 13:09:08,434 [trainer.py] => All params: 87082149
2026-02-12 13:09:08,435 [trainer.py] => Trainable params: 153800
2026-02-12 13:09:08,435 [sema.py] => Learning on 100-120
2026-02-12 13:44:02,512 [sema.py] => func Task 5, Epoch 20/20 => Loss 0.276, Train_accy 92.11, Test_accy 82.47
2026-02-12 13:44:58,601 [trainer.py] => No NME accuracy.
2026-02-12 13:44:58,601 [trainer.py] => CNN: {'total': 82.47, '00-19': 83.04, '20-39': 79.43, '40-59': 81.62, '60-79': 83.18, '80-99': 82.34, '100-119': 84.91, 'old': 81.97, 'new': 84.91}
2026-02-12 13:44:58,602 [trainer.py] => CNN top1 curve: [94.34, 90.69, 88.27, 85.55, 83.55, 82.47]
2026-02-12 13:44:58,602 [trainer.py] => CNN top5 curve: [99.27, 97.84, 96.71, 95.38, 94.26, 93.47]

2026-02-12 13:44:58,602 [trainer.py] => Average Accuracy (CNN): 87.47833333333334 

2026-02-12 13:44:58,603 [trainer.py] => All params: 87082149
2026-02-12 13:44:58,603 [trainer.py] => Trainable params: 153800
2026-02-12 13:44:58,603 [sema.py] => Learning on 120-140
2026-02-12 14:20:14,726 [sema.py] => func Task 6, Epoch 20/20 => Loss 0.269, Train_accy 92.37, Test_accy 81.21
2026-02-12 14:21:11,815 [trainer.py] => No NME accuracy.
2026-02-12 14:21:11,815 [trainer.py] => CNN: {'total': 81.21, '00-19': 81.83, '20-39': 78.26, '40-59': 80.14, '60-79': 82.19, '80-99': 80.62, '100-119': 83.47, '120-139': 82.14, 'old': 80.91, 'new': 82.14}
2026-02-12 14:21:11,816 [trainer.py] => CNN top1 curve: [94.34, 90.69, 88.27, 85.55, 83.55, 82.47, 81.21]
2026-02-12 14:21:11,816 [trainer.py] => CNN top5 curve: [99.27, 97.84, 96.71, 95.38, 94.26, 93.47, 92.68]

2026-02-12 14:21:11,816 [trainer.py] => Average Accuracy (CNN): 86.72571428571428 

2026-02-12 14:21:11,817 [trainer.py] => All params: 87082149
2026-02-12 14:21:11,817 [trainer.py] => Trainable params: 153800
2026-02-12 14:21:11,818 [sema.py] => Learning on 140-160
2026-02-12 14:21:44,623 [sema_block.py] => Adapter 9.1 added at block 9
2026-02-12 14:57:22,031 [sema.py] => func Task 7, Epoch 20/20 => Loss 0.253, Train_accy 92.68, Test_accy 80.36
2026-02-12 15:32:57,814 [sema.py] => rd Task 7, Epoch 20/20 => Loss 0.317, Train_accy 93.12, Test_accy 80.36
2026-02-12 15:34:52,406 [trainer.py] => No NME accuracy.
2026-02-12 15:34:52,406 [trainer.py] => CNN: {'total': 80.36, '00-19': 80.97, '20-39': 77.48, '40-59': 79.83, '60-79': 81.47, '80-99': 79.74, '100-119': 82.28, '120-139': 81.53, '140-159': 79.41, 'old': 80.53, 'new': 79.41}
2026-02-12 15:34:52,407 [trainer.py] => CNN top1 curve: [94.34, 90.69, 88.27, 85.55, 83.55, 82.47, 81.21, 80.36]
2026-02-12 15:34:52,407 [trainer.py] => CNN top5 curve: [99.27, 97.84, 96.71, 95.38, 94.26, 93.47, 92.68, 91.89]

2026-02-12 15:34:52,407 [trainer.py] => Average Accuracy (CNN): 85.805 

2026-02-12 15:34:52,408 [trainer.py] => All params: 87305782
2026-02-12 15:34:52,408 [trainer.py] => Trainable params: 153800
2026-02-12 15:34:52,409 [sema.py] => Learning on 160-180
2026-02-12 16:10:30,517 [sema.py] => func Task 8, Epoch 20/20 => Loss 0.261, Train_accy 92.14, Test_accy 79.41
2026-02-12 16:11:27,603 [trainer.py] => No NME accuracy.
2026-02-12 16:11:27,603 [trainer.py] => CNN: {'total': 79.41, '00-19': 79.74, '20-39': 76.83, '40-59': 78.47, '60-79': 80.28, '80-99': 78.93, '100-119': 80.76, '120-139': 80.17, '140-159': 77.83, '160-179': 84.47, 'old': 79.26, 'new': 84.47}
2026-02-12 16:11:27,604 [trainer.py] => CNN top1 curve: [94.34, 90.69, 88.27, 85.55, 83.55, 82.47, 81.21, 80.36, 79.41]
2026-02-12 16:11:27,604 [trainer.py] => CNN top5 curve: [99.27, 97.84, 96.71, 95.38, 94.26, 93.47, 92.68, 91.89, 91.13]

2026-02-12 16:11:27,604 [trainer.py] => Average Accuracy (CNN): 84.98333333333333 

2026-02-12 16:11:27,605 [trainer.py] => All params: 87305782
2026-02-12 16:11:27,605 [trainer.py] => Trainable params: 153800
2026-02-12 16:11:27,606 [sema.py] => Learning on 180-200
2026-02-12 16:46:58,714 [sema.py] => func Task 9, Epoch 20/20 => Loss 0.258, Train_accy 92.43, Test_accy 78.27
2026-02-12 16:48:02,807 [trainer.py] => No NME accuracy.
2026-02-12 16:48:02,808 [trainer.py] => CNN: {'total': 78.27, '00-19': 78.63, '20-39': 76.14, '40-59': 77.82, '60-79': 79.13, '80-99': 77.64, '100-119': 80.01, '120-139': 79.42, '140-159': 76.97, '160-179': 82.13, '180-199': 80.32, 'old': 78.39, 'new': 80.32}
2026-02-12 16:48:02,808 [trainer.py] => CNN top1 curve: [94.34, 90.69, 88.27, 85.55, 83.55, 82.47, 81.21, 80.36, 79.41, 78.27]
2026-02-12 16:48:02,809 [trainer.py] => CNN top5 curve: [99.27, 97.84, 96.71, 95.38, 94.26, 93.47, 92.68, 91.89, 91.13, 90.42]

2026-02-12 16:48:02,809 [trainer.py] => Average Accuracy (CNN): 84.412 

