2026-02-18 16:22:37,477 [trainer.py] => config: exps/sema_ina.json
2026-02-18 16:22:37,478 [trainer.py] => eval: False
2026-02-18 16:22:37,479 [trainer.py] => prefix: reproduce
2026-02-18 16:22:37,479 [trainer.py] => dataset: imageneta
2026-02-18 16:22:37,480 [trainer.py] => memory_size: 0
2026-02-18 16:22:37,480 [trainer.py] => memory_per_class: 0
2026-02-18 16:22:37,480 [trainer.py] => fixed_memory: False
2026-02-18 16:22:37,481 [trainer.py] => shuffle: False
2026-02-18 16:22:37,481 [trainer.py] => init_cls: 10
2026-02-18 16:22:37,482 [trainer.py] => increment: 10
2026-02-18 16:22:37,482 [trainer.py] => model_name: sema
2026-02-18 16:22:37,482 [trainer.py] => backbone_type: pretrained_vit_b16_224_adapter
2026-02-18 16:22:37,483 [trainer.py] => device: [device(type='cuda', index=0)]
2026-02-18 16:22:37,484 [trainer.py] => seed: 1993
2026-02-18 16:22:37,485 [trainer.py] => batch_size: 32
2026-02-18 16:22:37,485 [trainer.py] => weight_decay: 0.0005
2026-02-18 16:22:37,485 [trainer.py] => min_lr: 0
2026-02-18 16:22:37,485 [trainer.py] => ffn_adapter_type: adaptmlp
2026-02-18 16:22:37,485 [trainer.py] => ffn_num: 16
2026-02-18 16:22:37,486 [trainer.py] => optimizer: sgd
2026-02-18 16:22:37,487 [trainer.py] => vpt_type: shallow
2026-02-18 16:22:37,488 [trainer.py] => prompt_token_num: 5
2026-02-18 16:22:37,488 [trainer.py] => func_epoch: 20
2026-02-18 16:22:37,489 [trainer.py] => rd_epoch: 20
2026-02-18 16:22:37,490 [trainer.py] => init_lr: 0.005
2026-02-18 16:22:37,491 [trainer.py] => rd_lr: 0.01
2026-02-18 16:22:37,492 [trainer.py] => rd_dim: 128
2026-02-18 16:22:37,492 [trainer.py] => buffer_size: 500
2026-02-18 16:22:37,492 [trainer.py] => detect_batch_size: 128
2026-02-18 16:22:37,493 [trainer.py] => exp_threshold: 1
2026-02-18 16:22:37,493 [trainer.py] => adapt_start_layer: 9
2026-02-18 16:22:37,494 [trainer.py] => adapt_end_layer: 11
2026-02-18 16:22:37,444 [data_manager.py] => [0, 1, 2, 3, 4, 5, 6, 7, 8, 9, 10, 11, 12, 13, 14, 15, 16, 17, 18, 19, 20, 21, 22, 23, 24, 25, 26, 27, 28, 29, 30, 31, 32, 33, 34, 35, 36, 37, 38, 39, 40, 41, 42, 43, 44, 45, 46, 47, 48, 49, 50, 51, 52, 53, 54, 55, 56, 57, 58, 59, 60, 61, 62, 63, 64, 65, 66, 67, 68, 69, 70, 71, 72, 73, 74, 75, 76, 77, 78, 79, 80, 81, 82, 83, 84, 85, 86, 87, 88, 89, 90, 91, 92, 93, 94, 95, 96, 97, 98, 99, 100, 101, 102, 103, 104, 105, 106, 107, 108, 109, 110, 111, 112, 113, 114, 115, 116, 117, 118, 119, 120, 121, 122, 123, 124, 125, 126, 127, 128, 129, 130, 131, 132, 133, 134, 135, 136, 137, 138, 139, 140, 141, 142, 143, 144, 145, 146, 147, 148, 149, 150, 151, 152, 153, 154, 155, 156, 157, 158, 159, 160, 161, 162, 163, 164, 165, 166, 167, 168, 169, 170, 171, 172, 173, 174, 175, 176, 177, 178, 179, 180, 181, 182, 183, 184, 185, 186, 187, 188, 189, 190, 191, 192, 193, 194, 195, 196, 197, 198, 199]
2026-02-18 16:22:37,905 [sema_block.py] => Adapter 0.0 added at block 0
2026-02-18 16:22:37,928 [sema_block.py] => Adapter 1.0 added at block 1
2026-02-18 16:22:37,952 [sema_block.py] => Adapter 2.0 added at block 2
2026-02-18 16:22:37,979 [sema_block.py] => Adapter 3.0 added at block 3
2026-02-18 16:22:38,005 [sema_block.py] => Adapter 4.0 added at block 4
2026-02-18 16:22:38,024 [sema_block.py] => Adapter 5.0 added at block 5
2026-02-18 16:22:38,048 [sema_block.py] => Adapter 6.0 added at block 6
2026-02-18 16:22:38,075 [sema_block.py] => Adapter 7.0 added at block 7
2026-02-18 16:22:38,096 [sema_block.py] => Adapter 8.0 added at block 8
2026-02-18 16:22:38,118 [sema_block.py] => Adapter 9.0 added at block 9
2026-02-18 16:22:38,136 [sema_block.py] => Adapter 10.0 added at block 10
2026-02-18 16:22:38,160 [sema_block.py] => Adapter 11.0 added at block 11
2026-02-18 16:22:38,825 [_builder.py] => Loading pretrained weights from Hugging Face hub (timm/vit_base_patch16_224.augreg2_in21k_ft_in1k)
2026-02-18 16:22:39,736 [_client.py] => HTTP Request: HEAD https://huggingface.co/timm/vit_base_patch16_224.augreg2_in21k_ft_in1k/resolve/main/model.safetensors "HTTP/1.1 302 Found"
2026-02-18 16:22:39,738 [_hub.py] => [timm/vit_base_patch16_224.augreg2_in21k_ft_in1k] Safe alternative available for 'pytorch_model.bin' (as 'model.safetensors'). Loading weights using safetensors.
2026-02-18 16:22:39,071 [trainer.py] => All params: 86704716
2026-02-18 16:22:39,072 [trainer.py] => Trainable params: 906060
2026-02-18 16:22:39,073 [sema.py] => Learning on 0-10
2026-02-18 17:16:07,942 [sema.py] => func Task 0, Epoch 20/20 => Loss 0.250, Train_accy 91.67, Test_accy 87.82
2026-02-18 17:43:23,321 [sema.py] => rd Task 0, Epoch 20/20 => Loss 1.296, Train_accy 91.36, Test_accy 87.82
2026-02-18 17:44:30,127 [trainer.py] => No NME accuracy.
2026-02-18 17:44:30,127 [trainer.py] => CNN: {'total': 87.82, '00-09': 87.82, 'old': 0, 'new': 87.82}
2026-02-18 17:44:30,127 [trainer.py] => CNN top1 curve: [87.82]
2026-02-18 17:44:30,128 [trainer.py] => CNN top5 curve: [99.36]

2026-02-18 17:44:30,128 [trainer.py] => Average Accuracy (CNN): 87.82 

2026-02-18 17:44:30,129 [trainer.py] => All params: 86858516
2026-02-18 17:44:30,130 [trainer.py] => Trainable params: 153800
2026-02-18 17:44:30,131 [sema.py] => Learning on 10-20
2026-02-18 18:26:05,307 [sema.py] => func Task 1, Epoch 20/20 => Loss 0.212, Train_accy 93.32, Test_accy 83.71
2026-02-18 18:27:01,682 [trainer.py] => No NME accuracy.
2026-02-18 18:27:01,682 [trainer.py] => CNN: {'total': 83.71, '00-09': 83.97, '10-19': 83.44, 'old': 83.97, 'new': 83.44}
2026-02-18 18:27:01,682 [trainer.py] => CNN top1 curve: [87.82, 83.71]
2026-02-18 18:27:01,683 [trainer.py] => CNN top5 curve: [99.36, 98.37]

2026-02-18 18:27:01,683 [trainer.py] => Average Accuracy (CNN): 85.76499999999999 

2026-02-18 18:27:01,684 [trainer.py] => All params: 86858516
2026-02-18 18:27:01,685 [trainer.py] => Trainable params: 153800
2026-02-18 18:27:01,686 [sema.py] => Learning on 20-30
2026-02-18 18:59:16,412 [sema.py] => func Task 2, Epoch 20/20 => Loss 0.162, Train_accy 94.34, Test_accy 81.45
2026-02-18 19:00:25,567 [trainer.py] => No NME accuracy.
2026-02-18 19:00:25,567 [trainer.py] => CNN: {'total': 81.45, '00-09': 76.92, '10-19': 80.13, '20-29': 87.04, 'old': 78.5, 'new': 87.04}
2026-02-18 19:00:25,567 [trainer.py] => CNN top1 curve: [87.82, 83.71, 81.45]
2026-02-18 19:00:25,568 [trainer.py] => CNN top5 curve: [99.36, 98.37, 98.08]

2026-02-18 19:00:25,568 [trainer.py] => Average Accuracy (CNN): 84.32666666666667 

2026-02-18 19:00:25,569 [trainer.py] => All params: 86858516
2026-02-18 19:00:25,570 [trainer.py] => Trainable params: 153800
2026-02-18 19:00:25,571 [sema.py] => Learning on 30-40
2026-02-18 19:24:14,430 [sema.py] => func Task 3, Epoch 20/20 => Loss 0.133, Train_accy 95.84, Test_accy 78.43
2026-02-18 19:25:20,388 [trainer.py] => No NME accuracy.
2026-02-18 19:25:20,388 [trainer.py] => CNN: {'total': 78.43, '00-09': 73.08, '10-19': 79.47, '20-29': 82.1, '30-39': 79.35, 'old': 78.25, 'new': 79.35}
2026-02-18 19:25:20,388 [trainer.py] => CNN top1 curve: [87.82, 83.71, 81.45, 78.43]
2026-02-18 19:25:20,389 [trainer.py] => CNN top5 curve: [99.36, 98.37, 98.08, 97.15]

2026-02-18 19:25:20,389 [trainer.py] => Average Accuracy (CNN): 82.85249999999999 

2026-02-18 19:25:20,390 [trainer.py] => All params: 86858516
2026-02-18 19:25:20,391 [trainer.py] => Trainable params: 153800
2026-02-18 19:25:20,392 [sema.py] => Learning on 40-50
2026-02-18 20:05:40,924 [sema.py] => func Task 4, Epoch 20/20 => Loss 0.222, Train_accy 92.51, Test_accy 75.52
2026-02-18 20:06:12,582 [trainer.py] => No NME accuracy.
2026-02-18 20:06:12,582 [trainer.py] => CNN: {'total': 75.52, '00-09': 72.44, '10-19': 77.48, '20-29': 79.63, '30-39': 77.17, '40-49': 69.72, 'old': 76.65, 'new': 69.72}
2026-02-18 20:06:12,582 [trainer.py] => CNN top1 curve: [87.82, 83.71, 81.45, 78.43, 75.52]
2026-02-18 20:06:12,583 [trainer.py] => CNN top5 curve: [99.36, 98.37, 98.08, 97.15, 94.63]

2026-02-18 20:06:12,583 [trainer.py] => Average Accuracy (CNN): 81.386 

2026-02-18 20:06:12,584 [trainer.py] => All params: 86858516
2026-02-18 20:06:12,585 [trainer.py] => Trainable params: 153800
2026-02-18 20:06:12,586 [sema.py] => Learning on 50-60
2026-02-18 20:35:13,561 [sema.py] => func Task 5, Epoch 20/20 => Loss 0.359, Train_accy 88.34, Test_accy 71.31
2026-02-18 20:36:32,311 [trainer.py] => No NME accuracy.
2026-02-18 20:36:32,311 [trainer.py] => CNN: {'total': 71.31, '00-09': 71.79, '10-19': 75.5, '20-29': 79.01, '30-39': 77.17, '40-49': 69.72, '50-59': 55.7, 'old': 74.78, 'new': 55.7}
2026-02-18 20:36:32,311 [trainer.py] => CNN top1 curve: [87.82, 83.71, 81.45, 78.43, 75.52, 71.31]
2026-02-18 20:36:32,312 [trainer.py] => CNN top5 curve: [99.36, 98.37, 98.08, 97.15, 94.63, 91.7]

2026-02-18 20:36:32,312 [trainer.py] => Average Accuracy (CNN): 79.70666666666666 

2026-02-18 20:36:32,313 [trainer.py] => All params: 86858516
2026-02-18 20:36:32,314 [trainer.py] => Trainable params: 153800
2026-02-18 20:36:32,315 [sema.py] => Learning on 60-70
2026-02-18 21:05:08,440 [sema.py] => func Task 6, Epoch 20/20 => Loss 0.237, Train_accy 92.89, Test_accy 69.69
2026-02-18 21:06:23,621 [trainer.py] => No NME accuracy.
2026-02-18 21:06:23,621 [trainer.py] => CNN: {'total': 69.69, '00-09': 69.87, '10-19': 74.17, '20-29': 74.07, '30-39': 76.09, '40-49': 66.97, '50-59': 54.36, '60-69': 74.22, 'old': 68.99, 'new': 74.22}
2026-02-18 21:06:23,621 [trainer.py] => CNN top1 curve: [87.82, 83.71, 81.45, 78.43, 75.52, 71.31, 69.69]
2026-02-18 21:06:23,622 [trainer.py] => CNN top5 curve: [99.36, 98.37, 98.08, 97.15, 94.63, 91.7, 90.71]

2026-02-18 21:06:23,622 [trainer.py] => Average Accuracy (CNN): 78.27571428571427 

2026-02-18 21:06:23,623 [trainer.py] => All params: 86858516
2026-02-18 21:06:23,624 [trainer.py] => Trainable params: 153800
2026-02-18 21:06:23,625 [sema.py] => Learning on 70-80
2026-02-18 21:07:08,476 [sema_block.py] => Adapter 10.1 added at block 10
2026-02-18 21:40:23,691 [sema.py] => func Task 7, Epoch 20/20 => Loss 0.057, Train_accy 97.26, Test_accy 66.67
2026-02-18 22:05:05,484 [sema.py] => rd Task 7, Epoch 20/20 => Loss 0.347, Train_accy 97.95, Test_accy 66.67
2026-02-18 22:06:21,982 [trainer.py] => No NME accuracy.
2026-02-18 22:06:21,982 [trainer.py] => CNN: {'total': 66.67, '00-09': 64.1, '10-19': 72.85, '20-29': 68.52, '30-39': 70.65, '40-49': 63.3, '50-59': 54.36, '60-69': 71.88, '70-79': 75.68, 'old': 66.31, 'new': 75.68}
2026-02-18 22:06:21,982 [trainer.py] => CNN top1 curve: [87.82, 83.71, 81.45, 78.43, 75.52, 71.31, 69.69, 66.67]
2026-02-18 22:06:21,983 [trainer.py] => CNN top5 curve: [99.36, 98.37, 98.08, 97.15, 94.63, 91.7, 90.71, 89.94]

2026-02-18 22:06:21,983 [trainer.py] => Average Accuracy (CNN): 76.825 

2026-02-18 22:06:21,984 [trainer.py] => All params: 87082149
2026-02-18 22:06:21,985 [trainer.py] => Trainable params: 153800
2026-02-18 22:06:21,986 [sema.py] => Learning on 80-90
2026-02-18 22:07:11,173 [sema_block.py] => Adapter 11.1 added at block 11
2026-02-18 22:46:57,290 [sema.py] => func Task 8, Epoch 20/20 => Loss 0.152, Train_accy 96.19, Test_accy 66.15
2026-02-18 23:18:18,648 [sema.py] => rd Task 8, Epoch 20/20 => Loss 1.023, Train_accy 94.29, Test_accy 66.15
2026-02-18 23:19:21,095 [trainer.py] => No NME accuracy.
2026-02-18 23:19:21,095 [trainer.py] => CNN: {'total': 66.15, '00-09': 63.46, '10-19': 72.85, '20-29': 68.52, '30-39': 68.48, '40-49': 63.3, '50-59': 53.69, '60-69': 71.88, '70-79': 75.68, '80-89': 64.15, 'old': 66.26, 'new': 64.15}
2026-02-18 23:19:21,095 [trainer.py] => CNN top1 curve: [87.82, 83.71, 81.45, 78.43, 75.52, 71.31, 69.69, 66.67, 66.15]
2026-02-18 23:19:21,096 [trainer.py] => CNN top5 curve: [99.36, 98.37, 98.08, 97.15, 94.63, 91.7, 90.71, 89.94, 89.1]

2026-02-18 23:19:21,096 [trainer.py] => Average Accuracy (CNN): 75.63888888888889 

2026-02-18 23:19:21,097 [trainer.py] => All params: 87082149
2026-02-18 23:19:21,098 [trainer.py] => Trainable params: 153800
2026-02-18 23:19:21,099 [sema.py] => Learning on 90-100
2026-02-19 00:03:54,769 [sema.py] => func Task 9, Epoch 20/20 => Loss 0.132, Train_accy 95.83, Test_accy 65.38
2026-02-19 00:04:31,317 [trainer.py] => No NME accuracy.
2026-02-19 00:04:31,317 [trainer.py] => CNN: {'total': 65.38, '00-09': 63.46, '10-19': 72.85, '20-29': 68.52, '30-39': 68.48, '40-49': 63.3, '50-59': 53.02, '60-69': 71.88, '70-79': 75.68, '80-89': 62.26, '90-99': 53.06, 'old': 65.96, 'new': 53.06}
2026-02-19 00:04:31,317 [trainer.py] => CNN top1 curve: [87.82, 83.71, 81.45, 78.43, 75.52, 71.31, 69.69, 66.67, 66.15, 65.38]
2026-02-19 00:04:31,318 [trainer.py] => CNN top5 curve: [99.36, 98.37, 98.08, 97.15, 94.63, 91.7, 90.71, 89.94, 89.1, 87.75]

2026-02-19 00:04:31,318 [trainer.py] => Average Accuracy (CNN): 74.613 

2026-02-19 00:04:31,319 [trainer.py] => All params: 87305782
2026-02-19 00:04:31,320 [trainer.py] => Trainable params: 153800
2026-02-19 00:04:31,321 [sema.py] => Learning on 100-110
2026-02-19 00:31:15,203 [sema.py] => func Task 10, Epoch 20/20 => Loss 0.130, Train_accy 97.01, Test_accy 63.76
2026-02-19 00:31:45,047 [trainer.py] => No NME accuracy.
2026-02-19 00:31:45,047 [trainer.py] => CNN: {'total': 63.76, '00-09': 63.46, '10-19': 72.85, '20-29': 68.52, '30-39': 68.48, '40-49': 63.3, '50-59': 53.02, '60-69': 71.09, '70-79': 75.68, '80-89': 54.72, '90-99': 51.02, '100-109': 32.43, 'old': 64.83, 'new': 32.43}
2026-02-19 00:31:45,047 [trainer.py] => CNN top1 curve: [87.82, 83.71, 81.45, 78.43, 75.52, 71.31, 69.69, 66.67, 66.15, 65.38, 63.76]
2026-02-19 00:31:45,048 [trainer.py] => CNN top5 curve: [99.36, 98.37, 98.08, 97.15, 94.63, 91.7, 90.71, 89.94, 89.1, 87.75, 86.38]

2026-02-19 00:31:45,048 [trainer.py] => Average Accuracy (CNN): 73.62636363636364 

2026-02-19 00:31:45,049 [trainer.py] => All params: 87305782
2026-02-19 00:31:45,050 [trainer.py] => Trainable params: 153800
2026-02-19 00:31:45,051 [sema.py] => Learning on 110-120
2026-02-19 00:59:06,486 [sema.py] => func Task 11, Epoch 20/20 => Loss 0.114, Train_accy 97.62, Test_accy 63.09
2026-02-19 01:00:09,786 [trainer.py] => No NME accuracy.
2026-02-19 01:00:09,786 [trainer.py] => CNN: {'total': 63.09, '00-09': 63.46, '10-19': 72.85, '20-29': 68.52, '30-39': 68.48, '40-49': 63.3, '50-59': 53.02, '60-69': 71.09, '70-79': 72.97, '80-89': 54.72, '90-99': 46.94, '100-109': 32.43, '110-119': 50.0, 'old': 63.49, 'new': 50.0}
2026-02-19 01:00:09,786 [trainer.py] => CNN top1 curve: [87.82, 83.71, 81.45, 78.43, 75.52, 71.31, 69.69, 66.67, 66.15, 65.38, 63.76, 63.09]
2026-02-19 01:00:09,787 [trainer.py] => CNN top5 curve: [99.36, 98.37, 98.08, 97.15, 94.63, 91.7, 90.71, 89.94, 89.1, 87.75, 86.38, 85.57]

2026-02-19 01:00:09,787 [trainer.py] => Average Accuracy (CNN): 72.74833333333333 

2026-02-19 01:00:09,788 [trainer.py] => All params: 87305782
2026-02-19 01:00:09,789 [trainer.py] => Trainable params: 153800
2026-02-19 01:00:09,790 [sema.py] => Learning on 120-130
2026-02-19 01:22:20,424 [sema.py] => func Task 12, Epoch 20/20 => Loss 0.144, Train_accy 97.13, Test_accy 61.50
2026-02-19 01:23:42,589 [trainer.py] => No NME accuracy.
2026-02-19 01:23:42,589 [trainer.py] => CNN: {'total': 61.5, '00-09': 63.46, '10-19': 72.19, '20-29': 68.52, '30-39': 68.48, '40-49': 62.39, '50-59': 53.02, '60-69': 71.09, '70-79': 67.57, '80-89': 52.83, '90-99': 46.94, '100-109': 29.73, '110-119': 50.0, '120-129': 39.29, 'old': 62.58, 'new': 39.29}
2026-02-19 01:23:42,589 [trainer.py] => CNN top1 curve: [87.82, 83.71, 81.45, 78.43, 75.52, 71.31, 69.69, 66.67, 66.15, 65.38, 63.76, 63.09, 61.5]
2026-02-19 01:23:42,590 [trainer.py] => CNN top5 curve: [99.36, 98.37, 98.08, 97.15, 94.63, 91.7, 90.71, 89.94, 89.1, 87.75, 86.38, 85.57, 84.01]

2026-02-19 01:23:42,590 [trainer.py] => Average Accuracy (CNN): 71.88307692307693 

2026-02-19 01:23:42,591 [trainer.py] => All params: 87305782
2026-02-19 01:23:42,592 [trainer.py] => Trainable params: 153800
2026-02-19 01:23:42,593 [sema.py] => Learning on 130-140
2026-02-19 01:49:32,713 [sema.py] => func Task 13, Epoch 20/20 => Loss 0.069, Train_accy 98.23, Test_accy 60.65
2026-02-19 01:50:19,409 [trainer.py] => No NME accuracy.
2026-02-19 01:50:19,409 [trainer.py] => CNN: {'total': 60.65, '00-09': 63.46, '10-19': 72.19, '20-29': 67.9, '30-39': 68.48, '40-49': 62.39, '50-59': 52.35, '60-69': 71.09, '70-79': 67.57, '80-89': 50.94, '90-99': 44.9, '100-109': 27.03, '110-119': 50.0, '120-129': 39.29, '130-139': 40.74, 'old': 61.09, 'new': 40.74}
2026-02-19 01:50:19,409 [trainer.py] => CNN top1 curve: [87.82, 83.71, 81.45, 78.43, 75.52, 71.31, 69.69, 66.67, 66.15, 65.38, 63.76, 63.09, 61.5, 60.65]
2026-02-19 01:50:19,410 [trainer.py] => CNN top5 curve: [99.36, 98.37, 98.08, 97.15, 94.63, 91.7, 90.71, 89.94, 89.1, 87.75, 86.38, 85.57, 84.01, 83.23]

2026-02-19 01:50:19,410 [trainer.py] => Average Accuracy (CNN): 71.08071428571428 

2026-02-19 01:50:19,411 [trainer.py] => All params: 87305782
2026-02-19 01:50:19,412 [trainer.py] => Trainable params: 153800
2026-02-19 01:50:19,413 [sema.py] => Learning on 140-150
2026-02-19 02:17:38,671 [sema.py] => func Task 14, Epoch 20/20 => Loss 0.149, Train_accy 94.64, Test_accy 59.72
2026-02-19 02:18:46,914 [trainer.py] => No NME accuracy.
2026-02-19 02:18:46,914 [trainer.py] => CNN: {'total': 59.72, '00-09': 63.46, '10-19': 72.19, '20-29': 67.9, '30-39': 68.48, '40-49': 62.39, '50-59': 51.68, '60-69': 71.09, '70-79': 67.57, '80-89': 49.06, '90-99': 44.9, '100-109': 27.03, '110-119': 47.06, '120-129': 37.5, '130-139': 40.74, '140-149': 45.1, 'old': 60.32, 'new': 45.1}
2026-02-19 02:18:46,914 [trainer.py] => CNN top1 curve: [87.82, 83.71, 81.45, 78.43, 75.52, 71.31, 69.69, 66.67, 66.15, 65.38, 63.76, 63.09, 61.5, 60.65, 59.72]
2026-02-19 02:18:46,915 [trainer.py] => CNN top5 curve: [99.36, 98.37, 98.08, 97.15, 94.63, 91.7, 90.71, 89.94, 89.1, 87.75, 86.38, 85.57, 84.01, 83.23, 82.49]

2026-02-19 02:18:46,915 [trainer.py] => Average Accuracy (CNN): 70.32333333333332 

2026-02-19 02:18:46,916 [trainer.py] => All params: 87305782
2026-02-19 02:18:46,917 [trainer.py] => Trainable params: 153800
2026-02-19 02:18:46,918 [sema.py] => Learning on 150-160
2026-02-19 02:19:35,788 [sema_block.py] => Adapter 11.2 added at block 11
2026-02-19 03:06:09,797 [sema.py] => func Task 15, Epoch 20/20 => Loss 0.082, Train_accy 97.32, Test_accy 59.17
2026-02-19 03:35:30,180 [sema.py] => rd Task 15, Epoch 20/20 => Loss 1.052, Train_accy 97.32, Test_accy 59.17
2026-02-19 03:36:46,712 [trainer.py] => No NME accuracy.
2026-02-19 03:36:46,712 [trainer.py] => CNN: {'total': 59.17, '00-09': 63.46, '10-19': 71.52, '20-29': 67.28, '30-39': 67.39, '40-49': 61.47, '50-59': 51.68, '60-69': 71.09, '70-79': 67.57, '80-89': 47.17, '90-99': 44.9, '100-109': 27.03, '110-119': 47.06, '120-129': 37.5, '130-139': 40.74, '140-149': 45.1, '150-159': 52.94, 'old': 59.33, 'new': 52.94}
2026-02-19 03:36:46,712 [trainer.py] => CNN top1 curve: [87.82, 83.71, 81.45, 78.43, 75.52, 71.31, 69.69, 66.67, 66.15, 65.38, 63.76, 63.09, 61.5, 60.65, 59.72, 59.17]
2026-02-19 03:36:46,713 [trainer.py] => CNN top5 curve: [99.36, 98.37, 98.08, 97.15, 94.63, 91.7, 90.71, 89.94, 89.1, 87.75, 86.38, 85.57, 84.01, 83.23, 82.49, 81.66]

2026-02-19 03:36:46,713 [trainer.py] => Average Accuracy (CNN): 69.62625 

2026-02-19 03:36:46,714 [trainer.py] => All params: 87529415
2026-02-19 03:36:46,715 [trainer.py] => Trainable params: 153800
2026-02-19 03:36:46,716 [sema.py] => Learning on 160-170
2026-02-19 04:12:19,051 [sema.py] => func Task 16, Epoch 20/20 => Loss 0.152, Train_accy 95.77, Test_accy 57.96
2026-02-19 04:13:18,939 [trainer.py] => No NME accuracy.
2026-02-19 04:13:18,939 [trainer.py] => CNN: {'total': 57.96, '00-09': 63.46, '10-19': 70.86, '20-29': 67.28, '30-39': 65.22, '40-49': 60.55, '50-59': 51.68, '60-69': 71.09, '70-79': 67.57, '80-89': 47.17, '90-99': 44.9, '100-109': 27.03, '110-119': 38.24, '120-129': 33.93, '130-139': 40.74, '140-149': 45.1, '150-159': 52.94, '160-169': 44.0, 'old': 58.49, 'new': 44.0}
2026-02-19 04:13:18,939 [trainer.py] => CNN top1 curve: [87.82, 83.71, 81.45, 78.43, 75.52, 71.31, 69.69, 66.67, 66.15, 65.38, 63.76, 63.09, 61.5, 60.65, 59.72, 59.17, 57.96]
2026-02-19 04:13:18,940 [trainer.py] => CNN top5 curve: [99.36, 98.37, 98.08, 97.15, 94.63, 91.7, 90.71, 89.94, 89.1, 87.75, 86.38, 85.57, 84.01, 83.23, 82.49, 81.66, 80.87]

2026-02-19 04:13:18,940 [trainer.py] => Average Accuracy (CNN): 68.94 

2026-02-19 04:13:18,941 [trainer.py] => All params: 87529415
2026-02-19 04:13:18,942 [trainer.py] => Trainable params: 153800
2026-02-19 04:13:18,943 [sema.py] => Learning on 170-180
2026-02-19 04:58:45,467 [sema.py] => func Task 17, Epoch 20/20 => Loss 0.143, Train_accy 95.68, Test_accy 57.03
2026-02-19 04:59:14,475 [trainer.py] => No NME accuracy.
2026-02-19 04:59:14,475 [trainer.py] => CNN: {'total': 57.03, '00-09': 63.46, '10-19': 70.86, '20-29': 67.28, '30-39': 65.22, '40-49': 60.55, '50-59': 51.68, '60-69': 70.31, '70-79': 67.57, '80-89': 47.17, '90-99': 42.86, '100-109': 27.03, '110-119': 38.24, '120-129': 33.93, '130-139': 40.74, '140-149': 43.14, '150-159': 52.94, '160-169': 44.0, '170-179': 32.5, 'old': 57.75, 'new': 32.5}
2026-02-19 04:59:14,475 [trainer.py] => CNN top1 curve: [87.82, 83.71, 81.45, 78.43, 75.52, 71.31, 69.69, 66.67, 66.15, 65.38, 63.76, 63.09, 61.5, 60.65, 59.72, 59.17, 57.96, 57.03]
2026-02-19 04:59:14,476 [trainer.py] => CNN top5 curve: [99.36, 98.37, 98.08, 97.15, 94.63, 91.7, 90.71, 89.94, 89.1, 87.75, 86.38, 85.57, 84.01, 83.23, 82.49, 81.66, 80.87, 79.79]

2026-02-19 04:59:14,476 [trainer.py] => Average Accuracy (CNN): 68.27833333333334 

2026-02-19 04:59:14,477 [trainer.py] => All params: 87529415
2026-02-19 04:59:14,478 [trainer.py] => Trainable params: 153800
2026-02-19 04:59:14,479 [sema.py] => Learning on 180-190
2026-02-19 05:39:16,572 [sema.py] => func Task 18, Epoch 20/20 => Loss 0.100, Train_accy 98.20, Test_accy 56.93
2026-02-19 05:40:17,972 [trainer.py] => No NME accuracy.
2026-02-19 05:40:17,972 [trainer.py] => CNN: {'total': 56.93, '00-09': 63.46, '10-19': 70.86, '20-29': 66.67, '30-39': 65.22, '40-49': 60.55, '50-59': 50.34, '60-69': 70.31, '70-79': 67.57, '80-89': 47.17, '90-99': 42.86, '100-109': 27.03, '110-119': 38.24, '120-129': 33.93, '130-139': 40.74, '140-149': 43.14, '150-159': 52.94, '160-169': 44.0, '170-179': 32.5, '180-189': 60.0, 'old': 56.82, 'new': 60.0}
2026-02-19 05:40:17,972 [trainer.py] => CNN top1 curve: [87.82, 83.71, 81.45, 78.43, 75.52, 71.31, 69.69, 66.67, 66.15, 65.38, 63.76, 63.09, 61.5, 60.65, 59.72, 59.17, 57.96, 57.03, 56.93]
2026-02-19 05:40:17,973 [trainer.py] => CNN top5 curve: [99.36, 98.37, 98.08, 97.15, 94.63, 91.7, 90.71, 89.94, 89.1, 87.75, 86.38, 85.57, 84.01, 83.23, 82.49, 81.66, 80.87, 79.79, 79.45]

2026-02-19 05:40:17,973 [trainer.py] => Average Accuracy (CNN): 67.68105263157895 

2026-02-19 05:40:17,974 [trainer.py] => All params: 87529415
2026-02-19 05:40:17,975 [trainer.py] => Trainable params: 153800
2026-02-19 05:40:17,976 [sema.py] => Learning on 190-200
2026-02-19 05:41:06,453 [sema_block.py] => Adapter 10.2 added at block 10
2026-02-19 06:19:29,736 [sema.py] => func Task 19, Epoch 20/20 => Loss 0.095, Train_accy 97.44, Test_accy 56.16
2026-02-19 06:59:06,436 [sema.py] => rd Task 19, Epoch 20/20 => Loss 0.364, Train_accy 97.44, Test_accy 56.16
2026-02-19 06:59:59,561 [sema_block.py] => Adapter 11.3 added at block 11
2026-02-19 07:31:08,162 [sema.py] => func Task 19, Epoch 20/20 => Loss 0.056, Train_accy 98.72, Test_accy 56.16
2026-02-19 08:07:29,486 [sema.py] => rd Task 19, Epoch 20/20 => Loss 1.136, Train_accy 99.36, Test_accy 56.16
2026-02-19 08:08:21,769 [trainer.py] => No NME accuracy.
2026-02-19 08:08:21,769 [trainer.py] => CNN: {'total': 56.16, '00-09': 62.18, '10-19': 70.2, '20-29': 66.67, '30-39': 63.04, '40-49': 60.55, '50-59': 49.66, '60-69': 69.53, '70-79': 67.57, '80-89': 45.28, '90-99': 42.86, '100-109': 27.03, '110-119': 38.24, '120-129': 33.93, '130-139': 40.74, '140-149': 43.14, '150-159': 50.0, '160-169': 44.0, '170-179': 32.5, '180-189': 60.0, '190-199': 51.85, 'old': 56.31, 'new': 51.85}
2026-02-19 08:08:21,769 [trainer.py] => CNN top1 curve: [87.82, 83.71, 81.45, 78.43, 75.52, 71.31, 69.69, 66.67, 66.15, 65.38, 63.76, 63.09, 61.5, 60.65, 59.72, 59.17, 57.96, 57.03, 56.93, 56.16]
2026-02-19 08:08:21,770 [trainer.py] => CNN top5 curve: [99.36, 98.37, 98.08, 97.15, 94.63, 91.7, 90.71, 89.94, 89.1, 87.75, 86.38, 85.57, 84.01, 83.23, 82.49, 81.66, 80.87, 79.79, 79.45, 79.13]

2026-02-19 08:08:21,770 [trainer.py] => Average Accuracy (CNN): 67.10499999999999 

2026-02-19 08:08:21,771 [trainer.py] => All params: 87529415
2026-02-19 08:08:21,772 [trainer.py] => Trainable params: 153800
