2026-02-05 10:17:53,262 [trainer.py] => config: exps/sema_vtab.json
2026-02-05 10:17:53,262 [trainer.py] => eval: False
2026-02-05 10:17:53,263 [trainer.py] => prefix: reproduce
2026-02-05 10:17:53,264 [trainer.py] => dataset: vtab
2026-02-05 10:17:53,265 [trainer.py] => memory_size: 0
2026-02-05 10:17:53,265 [trainer.py] => memory_per_class: 0
2026-02-05 10:17:53,265 [trainer.py] => fixed_memory: False
2026-02-05 10:17:53,265 [trainer.py] => shuffle: False
2026-02-05 10:17:53,266 [trainer.py] => init_cls: 10
2026-02-05 10:17:53,266 [trainer.py] => increment: 10
2026-02-05 10:17:53,266 [trainer.py] => model_name: sema
2026-02-05 10:17:53,266 [trainer.py] => backbone_type: pretrained_vit_b16_224_adapter
2026-02-05 10:17:53,267 [trainer.py] => device: [device(type='cuda', index=0)]
2026-02-05 10:17:53,267 [trainer.py] => seed: 1993
2026-02-05 10:17:53,267 [trainer.py] => batch_size: 32
2026-02-05 10:17:53,268 [trainer.py] => weight_decay: 0.0005
2026-02-05 10:17:53,268 [trainer.py] => min_lr: 0
2026-02-05 10:17:53,269 [trainer.py] => ffn_adapter_type: adaptmlp
2026-02-05 10:17:53,270 [trainer.py] => ffn_num: 16
2026-02-05 10:17:53,270 [trainer.py] => optimizer: sgd
2026-02-05 10:17:53,271 [trainer.py] => vpt_type: shallow
2026-02-05 10:17:53,271 [trainer.py] => prompt_token_num: 5
2026-02-05 10:17:53,272 [trainer.py] => func_epoch: 20
2026-02-05 10:17:53,272 [trainer.py] => rd_epoch: 20
2026-02-05 10:17:53,273 [trainer.py] => init_lr: 0.005
2026-02-05 10:17:53,273 [trainer.py] => rd_lr: 0.01
2026-02-05 10:17:53,273 [trainer.py] => rd_dim: 128
2026-02-05 10:17:53,273 [trainer.py] => buffer_size: 500
2026-02-05 10:17:53,273 [trainer.py] => detect_batch_size: 128
2026-02-05 10:17:53,274 [trainer.py] => exp_threshold: 1
2026-02-05 10:17:53,274 [trainer.py] => adapt_start_layer: 9
2026-02-05 10:17:53,274 [trainer.py] => adapt_end_layer: 11
2026-02-05 10:17:53,656 [data_manager.py] => [0, 1, 2, 3, 4, 5, 6, 7, 8, 9, 10, 11, 12, 13, 14, 15, 16, 17, 18, 19, 20, 21, 22, 23, 24, 25, 26, 27, 28, 29, 30, 31, 32, 33, 34, 35, 36, 37, 38, 39, 40, 41, 42, 43, 44, 45, 46, 47, 48, 49]
2026-02-05 10:17:53,371 [sema_block.py] => Adapter 0.0 added at block 0
2026-02-05 10:17:53,399 [sema_block.py] => Adapter 1.0 added at block 1
2026-02-05 10:17:53,420 [sema_block.py] => Adapter 2.0 added at block 2
2026-02-05 10:17:53,447 [sema_block.py] => Adapter 3.0 added at block 3
2026-02-05 10:17:53,471 [sema_block.py] => Adapter 4.0 added at block 4
2026-02-05 10:17:53,498 [sema_block.py] => Adapter 5.0 added at block 5
2026-02-05 10:17:53,526 [sema_block.py] => Adapter 6.0 added at block 6
2026-02-05 10:17:53,544 [sema_block.py] => Adapter 7.0 added at block 7
2026-02-05 10:17:53,569 [sema_block.py] => Adapter 8.0 added at block 8
2026-02-05 10:17:53,597 [sema_block.py] => Adapter 9.0 added at block 9
2026-02-05 10:17:53,623 [sema_block.py] => Adapter 10.0 added at block 10
2026-02-05 10:17:53,645 [sema_block.py] => Adapter 11.0 added at block 11
2026-02-05 10:17:53,494 [_builder.py] => Loading pretrained weights from Hugging Face hub (timm/vit_base_patch16_224.augreg2_in21k_ft_in1k)
2026-02-05 10:17:54,826 [_client.py] => HTTP Request: HEAD https://huggingface.co/timm/vit_base_patch16_224.augreg2_in21k_ft_in1k/resolve/main/model.safetensors "HTTP/1.1 302 Found"
2026-02-05 10:17:54,830 [_hub.py] => [timm/vit_base_patch16_224.augreg2_in21k_ft_in1k] Safe alternative available for 'pytorch_model.bin' (as 'model.safetensors'). Loading weights using safetensors.
2026-02-05 10:17:54,074 [trainer.py] => All params: 86704716
2026-02-05 10:17:54,075 [trainer.py] => Trainable params: 906060
2026-02-05 10:17:54,076 [sema.py] => Learning on 0-10
2026-02-05 11:03:34,161 [sema.py] => func Task 0, Epoch 20/20 => Loss 0.107, Train_accy 97.74, Test_accy 95.00
2026-02-05 11:33:14,495 [sema.py] => rd Task 0, Epoch 20/20 => Loss 1.183, Train_accy 98.19, Test_accy 95.00
2026-02-05 11:34:07,348 [trainer.py] => No NME accuracy.
2026-02-05 11:34:07,348 [trainer.py] => CNN: {'total': 95.0, '00-09': 95.0, 'old': 0, 'new': 95.0}
2026-02-05 11:34:07,348 [trainer.py] => CNN top1 curve: [95.0]
2026-02-05 11:34:07,349 [trainer.py] => CNN top5 curve: [100.0]

2026-02-05 11:34:07,349 [trainer.py] => Average Accuracy (CNN): 95.0 

2026-02-05 11:34:07,350 [trainer.py] => All params: 86743166
2026-02-05 11:34:07,351 [trainer.py] => Trainable params: 38450
2026-02-05 11:34:07,352 [sema.py] => Learning on 10-20
2026-02-05 11:34:49,320 [sema_block.py] => Adapter 9.1 added at block 9
2026-02-05 12:20:40,326 [sema.py] => func Task 1, Epoch 20/20 => Loss 0.034, Train_accy 99.54, Test_accy 91.43
2026-02-05 12:56:49,881 [sema.py] => rd Task 1, Epoch 20/20 => Loss 0.257, Train_accy 99.54, Test_accy 91.43
2026-02-05 12:57:19,408 [sema_block.py] => Adapter 10.1 added at block 10
2026-02-05 13:20:35,379 [sema.py] => func Task 1, Epoch 20/20 => Loss 0.013, Train_accy 100.00, Test_accy 91.43
2026-02-05 13:51:55,108 [sema.py] => rd Task 1, Epoch 20/20 => Loss 0.411, Train_accy 99.54, Test_accy 91.43
2026-02-05 13:52:25,477 [sema_block.py] => Adapter 11.1 added at block 11
2026-02-05 14:15:28,460 [sema.py] => func Task 1, Epoch 20/20 => Loss 0.023, Train_accy 99.54, Test_accy 91.43
2026-02-05 14:40:56,099 [sema.py] => rd Task 1, Epoch 20/20 => Loss 1.030, Train_accy 100.00, Test_accy 91.43
2026-02-05 14:41:19,968 [trainer.py] => No NME accuracy.
2026-02-05 14:41:19,968 [trainer.py] => CNN: {'total': 91.43, '00-09': 93.8, '10-19': 85.5, 'old': 93.8, 'new': 85.5}
2026-02-05 14:41:19,968 [trainer.py] => CNN top1 curve: [95.0, 91.43]
2026-02-05 14:41:19,969 [trainer.py] => CNN top5 curve: [100.0, 98.21]

2026-02-05 14:41:19,969 [trainer.py] => Average Accuracy (CNN): 93.215 

2026-02-05 14:41:19,970 [trainer.py] => All params: 87414065
2026-02-05 14:41:19,971 [trainer.py] => Trainable params: 38450
2026-02-05 14:41:19,972 [sema.py] => Learning on 20-30
2026-02-05 14:41:51,630 [sema_block.py] => Adapter 9.2 added at block 9
2026-02-05 15:14:24,985 [sema.py] => func Task 2, Epoch 20/20 => Loss 0.148, Train_accy 95.52, Test_accy 92.87
2026-02-05 15:53:26,163 [sema.py] => rd Task 2, Epoch 20/20 => Loss 0.165, Train_accy 97.39, Test_accy 92.87
2026-02-05 15:54:18,956 [sema_block.py] => Adapter 11.2 added at block 11
2026-02-05 16:28:44,320 [sema.py] => func Task 2, Epoch 20/20 => Loss 0.063, Train_accy 98.88, Test_accy 92.87
2026-02-05 16:52:55,163 [sema.py] => rd Task 2, Epoch 20/20 => Loss 0.694, Train_accy 97.76, Test_accy 92.87
2026-02-05 16:53:50,527 [trainer.py] => No NME accuracy.
2026-02-05 16:53:50,527 [trainer.py] => CNN: {'total': 92.87, '00-09': 93.8, '10-19': 85.5, '20-29': 94.92, 'old': 91.43, 'new': 94.92}
2026-02-05 16:53:50,527 [trainer.py] => CNN top1 curve: [95.0, 91.43, 92.87]
2026-02-05 16:53:50,528 [trainer.py] => CNN top5 curve: [100.0, 98.21, 98.91]

2026-02-05 16:53:50,528 [trainer.py] => Average Accuracy (CNN): 93.10000000000001 

2026-02-05 16:53:50,529 [trainer.py] => All params: 87861331
2026-02-05 16:53:50,530 [trainer.py] => Trainable params: 38450
2026-02-05 16:53:50,531 [sema.py] => Learning on 30-40
2026-02-05 16:54:26,900 [sema_block.py] => Adapter 9.3 added at block 9
2026-02-05 17:23:41,023 [sema.py] => func Task 3, Epoch 20/20 => Loss 0.216, Train_accy 93.30, Test_accy 86.63
2026-02-05 17:45:40,402 [sema.py] => rd Task 3, Epoch 20/20 => Loss 0.096, Train_accy 93.70, Test_accy 86.63
2026-02-05 17:46:18,989 [sema_block.py] => Adapter 11.3 added at block 11
2026-02-05 18:12:19,597 [sema.py] => func Task 3, Epoch 20/20 => Loss 0.181, Train_accy 94.90, Test_accy 86.63
2026-02-05 18:40:05,051 [sema.py] => rd Task 3, Epoch 20/20 => Loss 0.537, Train_accy 93.10, Test_accy 86.63
2026-02-05 18:40:44,611 [trainer.py] => No NME accuracy.
2026-02-05 18:40:44,611 [trainer.py] => CNN: {'total': 86.63, '00-09': 84.2, '10-19': 79.75, '20-29': 94.62, '30-39': 86.13, 'old': 87.76, 'new': 86.13}
2026-02-05 18:40:44,611 [trainer.py] => CNN top1 curve: [95.0, 91.43, 92.87, 86.63]
2026-02-05 18:40:44,612 [trainer.py] => CNN top5 curve: [100.0, 98.21, 98.91, 98.24]

2026-02-05 18:40:44,612 [trainer.py] => Average Accuracy (CNN): 91.4825 

2026-02-05 18:40:44,613 [trainer.py] => All params: 88308597
2026-02-05 18:40:44,614 [trainer.py] => Trainable params: 38450
2026-02-05 18:40:44,615 [sema.py] => Learning on 40-50
2026-02-05 18:41:39,669 [sema_block.py] => Adapter 11.4 added at block 11
2026-02-05 19:21:50,292 [sema.py] => func Task 4, Epoch 20/20 => Loss 0.042, Train_accy 100.00, Test_accy 87.92
2026-02-05 19:53:38,867 [sema.py] => rd Task 4, Epoch 20/20 => Loss 0.781, Train_accy 97.75, Test_accy 87.92
2026-02-05 19:54:06,137 [trainer.py] => No NME accuracy.
2026-02-05 19:54:06,137 [trainer.py] => CNN: {'total': 87.92, '00-09': 84.2, '10-19': 79.75, '20-29': 94.62, '30-39': 86.13, '40-49': 100.0, 'old': 86.63, 'new': 100.0}
2026-02-05 19:54:06,137 [trainer.py] => CNN top1 curve: [95.0, 91.43, 92.87, 86.63, 87.92]
2026-02-05 19:54:06,138 [trainer.py] => CNN top5 curve: [100.0, 98.21, 98.91, 98.24, 98.32]

2026-02-05 19:54:06,138 [trainer.py] => Average Accuracy (CNN): 90.77000000000001 

2026-02-05 19:54:06,139 [trainer.py] => All params: 88308597
2026-02-05 19:54:06,140 [trainer.py] => Trainable params: 38450
